[2023-04-12T16:37:50.466+0000] {taskinstance.py:1090} INFO - Dependencies all met for dep_context=non-requeueable deps ti=<TaskInstance: joke_collector.joke_collector_task scheduled__2023-04-11T02:00:00+00:00 [queued]>
[2023-04-12T16:37:50.682+0000] {taskinstance.py:1090} INFO - Dependencies all met for dep_context=requeueable deps ti=<TaskInstance: joke_collector.joke_collector_task scheduled__2023-04-11T02:00:00+00:00 [queued]>
[2023-04-12T16:37:50.752+0000] {taskinstance.py:1288} INFO - 
--------------------------------------------------------------------------------
[2023-04-12T16:37:50.791+0000] {taskinstance.py:1289} INFO - Starting attempt 1 of 2
[2023-04-12T16:37:50.794+0000] {taskinstance.py:1290} INFO - 
--------------------------------------------------------------------------------
[2023-04-12T16:40:11.858+0000] {taskinstance.py:1309} INFO - Executing <Task(PythonVirtualenvOperator): joke_collector_task> on 2023-04-11 02:00:00+00:00
[2023-04-12T16:40:11.922+0000] {standard_task_runner.py:55} INFO - Started process 134 to run task
[2023-04-12T16:40:11.936+0000] {standard_task_runner.py:82} INFO - Running: ['***', 'tasks', 'run', 'joke_collector', 'joke_collector_task', 'scheduled__2023-04-11T02:00:00+00:00', '--job-id', '124', '--raw', '--subdir', 'DAGS_FOLDER/dag_joke_collector.py', '--cfg-path', '/tmp/tmpk34yt1g4']
[2023-04-12T16:40:11.939+0000] {standard_task_runner.py:83} INFO - Job 124: Subtask joke_collector_task
[2023-04-12T16:40:13.683+0000] {task_command.py:389} INFO - Running <TaskInstance: joke_collector.joke_collector_task scheduled__2023-04-11T02:00:00+00:00 [running]> on host 89e4218a00c2
[2023-04-12T16:40:26.042+0000] {taskinstance.py:1518} INFO - Exporting the following env vars:
AIRFLOW_CTX_DAG_EMAIL=***@example.com
AIRFLOW_CTX_DAG_OWNER=***
AIRFLOW_CTX_DAG_ID=joke_collector
AIRFLOW_CTX_TASK_ID=joke_collector_task
AIRFLOW_CTX_EXECUTION_DATE=2023-04-11T02:00:00+00:00
AIRFLOW_CTX_TRY_NUMBER=1
AIRFLOW_CTX_DAG_RUN_ID=scheduled__2023-04-11T02:00:00+00:00
[2023-04-12T16:40:27.790+0000] {process_utils.py:179} INFO - Executing cmd: /usr/local/bin/python -m virtualenv /tmp/venv0bl64tj_ --system-site-packages
[2023-04-12T16:40:28.586+0000] {process_utils.py:183} INFO - Output:
[2023-04-12T16:40:55.821+0000] {process_utils.py:187} INFO - created virtual environment CPython3.7.16.final.0-64 in 5914ms
[2023-04-12T16:40:55.826+0000] {process_utils.py:187} INFO -   creator CPython3Posix(dest=/tmp/venv0bl64tj_, clear=False, no_vcs_ignore=False, global=True)
[2023-04-12T16:40:55.828+0000] {process_utils.py:187} INFO -   seeder FromAppData(download=False, pip=bundle, setuptools=bundle, wheel=bundle, via=copy, app_data_dir=/home/***/.local/share/virtualenv)
[2023-04-12T16:40:55.829+0000] {process_utils.py:187} INFO -     added seed packages: pip==23.0.1, setuptools==67.4.0, wheel==0.38.4
[2023-04-12T16:40:55.831+0000] {process_utils.py:187} INFO -   activators BashActivator,CShellActivator,FishActivator,NushellActivator,PowerShellActivator,PythonActivator
[2023-04-12T16:40:56.422+0000] {process_utils.py:179} INFO - Executing cmd: /tmp/venv0bl64tj_/bin/pip install -r /tmp/venv0bl64tj_/requirements.txt
[2023-04-12T16:40:56.591+0000] {process_utils.py:183} INFO - Output:
