[2023-04-15T20:53:54.287+0000] {taskinstance.py:1090} INFO - Dependencies all met for dep_context=non-requeueable deps ti=<TaskInstance: joke_collector.joke_collector_task scheduled__2023-04-14T15:18:00+00:00 [queued]>
[2023-04-15T20:53:54.372+0000] {taskinstance.py:1090} INFO - Dependencies all met for dep_context=requeueable deps ti=<TaskInstance: joke_collector.joke_collector_task scheduled__2023-04-14T15:18:00+00:00 [queued]>
[2023-04-15T20:53:54.373+0000] {taskinstance.py:1288} INFO - 
--------------------------------------------------------------------------------
[2023-04-15T20:53:54.631+0000] {taskinstance.py:1289} INFO - Starting attempt 1 of 2
[2023-04-15T20:53:54.633+0000] {taskinstance.py:1290} INFO - 
--------------------------------------------------------------------------------
[2023-04-15T20:53:54.845+0000] {taskinstance.py:1309} INFO - Executing <Task(PythonVirtualenvOperator): joke_collector_task> on 2023-04-14 15:18:00+00:00
[2023-04-15T20:53:54.860+0000] {standard_task_runner.py:55} INFO - Started process 468 to run task
[2023-04-15T20:53:54.872+0000] {standard_task_runner.py:82} INFO - Running: ['***', 'tasks', 'run', 'joke_collector', 'joke_collector_task', 'scheduled__2023-04-14T15:18:00+00:00', '--job-id', '6', '--raw', '--subdir', 'DAGS_FOLDER/dag_joke_collector.py', '--cfg-path', '/tmp/tmpj6c720bg']
[2023-04-15T20:53:54.875+0000] {standard_task_runner.py:83} INFO - Job 6: Subtask joke_collector_task
[2023-04-15T20:53:55.081+0000] {task_command.py:389} INFO - Running <TaskInstance: joke_collector.joke_collector_task scheduled__2023-04-14T15:18:00+00:00 [running]> on host 09657e5e4ab9
[2023-04-15T20:53:55.536+0000] {taskinstance.py:1518} INFO - Exporting the following env vars:
AIRFLOW_CTX_DAG_EMAIL=***@example.com
AIRFLOW_CTX_DAG_OWNER=***
AIRFLOW_CTX_DAG_ID=joke_collector
AIRFLOW_CTX_TASK_ID=joke_collector_task
AIRFLOW_CTX_EXECUTION_DATE=2023-04-14T15:18:00+00:00
AIRFLOW_CTX_TRY_NUMBER=1
AIRFLOW_CTX_DAG_RUN_ID=scheduled__2023-04-14T15:18:00+00:00
[2023-04-15T20:53:55.572+0000] {process_utils.py:179} INFO - Executing cmd: /usr/local/bin/python -m virtualenv /tmp/venvdvua4lor --system-site-packages
[2023-04-15T20:53:55.602+0000] {process_utils.py:183} INFO - Output:
[2023-04-15T20:54:03.286+0000] {process_utils.py:187} INFO - created virtual environment CPython3.7.16.final.0-64 in 3363ms
[2023-04-15T20:54:03.292+0000] {process_utils.py:187} INFO -   creator CPython3Posix(dest=/tmp/venvdvua4lor, clear=False, no_vcs_ignore=False, global=True)
[2023-04-15T20:54:03.296+0000] {process_utils.py:187} INFO -   seeder FromAppData(download=False, pip=bundle, setuptools=bundle, wheel=bundle, via=copy, app_data_dir=/home/***/.local/share/virtualenv)
[2023-04-15T20:54:03.302+0000] {process_utils.py:187} INFO -     added seed packages: pip==23.0.1, setuptools==67.4.0, wheel==0.38.4
[2023-04-15T20:54:03.303+0000] {process_utils.py:187} INFO -   activators BashActivator,CShellActivator,FishActivator,NushellActivator,PowerShellActivator,PythonActivator
[2023-04-15T20:54:03.562+0000] {process_utils.py:179} INFO - Executing cmd: /tmp/venvdvua4lor/bin/pip install -r /tmp/venvdvua4lor/requirements.txt
[2023-04-15T20:54:03.610+0000] {process_utils.py:183} INFO - Output:
