[2023-04-15T14:18:50.357+0000] {taskinstance.py:1090} INFO - Dependencies all met for dep_context=non-requeueable deps ti=<TaskInstance: joke_collector.joke_collector_task scheduled__2023-04-14T01:00:00+00:00 [queued]>
[2023-04-15T14:18:50.388+0000] {taskinstance.py:1090} INFO - Dependencies all met for dep_context=requeueable deps ti=<TaskInstance: joke_collector.joke_collector_task scheduled__2023-04-14T01:00:00+00:00 [queued]>
[2023-04-15T14:18:50.389+0000] {taskinstance.py:1288} INFO - 
--------------------------------------------------------------------------------
[2023-04-15T14:18:50.390+0000] {taskinstance.py:1289} INFO - Starting attempt 1 of 2
[2023-04-15T14:18:50.391+0000] {taskinstance.py:1290} INFO - 
--------------------------------------------------------------------------------
[2023-04-15T14:18:50.428+0000] {taskinstance.py:1309} INFO - Executing <Task(PythonVirtualenvOperator): joke_collector_task> on 2023-04-14 01:00:00+00:00
[2023-04-15T14:18:50.439+0000] {standard_task_runner.py:55} INFO - Started process 76 to run task
[2023-04-15T14:18:50.445+0000] {standard_task_runner.py:82} INFO - Running: ['***', 'tasks', 'run', 'joke_collector', 'joke_collector_task', 'scheduled__2023-04-14T01:00:00+00:00', '--job-id', '134', '--raw', '--subdir', 'DAGS_FOLDER/dag_joke_collector.py', '--cfg-path', '/tmp/tmpl8gzxu05']
[2023-04-15T14:18:50.447+0000] {standard_task_runner.py:83} INFO - Job 134: Subtask joke_collector_task
[2023-04-15T14:18:50.557+0000] {task_command.py:389} INFO - Running <TaskInstance: joke_collector.joke_collector_task scheduled__2023-04-14T01:00:00+00:00 [running]> on host e1174705cf95
[2023-04-15T14:18:51.753+0000] {taskinstance.py:1518} INFO - Exporting the following env vars:
AIRFLOW_CTX_DAG_EMAIL=***@example.com
AIRFLOW_CTX_DAG_OWNER=***
AIRFLOW_CTX_DAG_ID=joke_collector
AIRFLOW_CTX_TASK_ID=joke_collector_task
AIRFLOW_CTX_EXECUTION_DATE=2023-04-14T01:00:00+00:00
AIRFLOW_CTX_TRY_NUMBER=1
AIRFLOW_CTX_DAG_RUN_ID=scheduled__2023-04-14T01:00:00+00:00
[2023-04-15T14:18:51.759+0000] {process_utils.py:179} INFO - Executing cmd: /usr/local/bin/python -m virtualenv /tmp/venvgdg4_c45 --system-site-packages
[2023-04-15T14:18:51.803+0000] {process_utils.py:183} INFO - Output:
[2023-04-15T14:19:00.140+0000] {process_utils.py:187} INFO - created virtual environment CPython3.7.16.final.0-64 in 3066ms
[2023-04-15T14:19:00.143+0000] {process_utils.py:187} INFO -   creator CPython3Posix(dest=/tmp/venvgdg4_c45, clear=False, no_vcs_ignore=False, global=True)
[2023-04-15T14:19:00.144+0000] {process_utils.py:187} INFO -   seeder FromAppData(download=False, pip=bundle, setuptools=bundle, wheel=bundle, via=copy, app_data_dir=/home/***/.local/share/virtualenv)
[2023-04-15T14:19:00.145+0000] {process_utils.py:187} INFO -     added seed packages: pip==23.0.1, setuptools==67.4.0, wheel==0.38.4
[2023-04-15T14:19:00.146+0000] {process_utils.py:187} INFO -   activators BashActivator,CShellActivator,FishActivator,NushellActivator,PowerShellActivator,PythonActivator
[2023-04-15T14:19:00.217+0000] {process_utils.py:179} INFO - Executing cmd: /tmp/venvgdg4_c45/bin/pip install -r /tmp/venvgdg4_c45/requirements.txt
[2023-04-15T14:19:00.293+0000] {process_utils.py:183} INFO - Output:
[2023-04-15T14:19:24.088+0000] {process_utils.py:187} INFO - Collecting requests==2.25.1
[2023-04-15T14:19:24.383+0000] {process_utils.py:187} INFO -   Downloading requests-2.25.1-py2.py3-none-any.whl (61 kB)
[2023-04-15T14:19:26.824+0000] {process_utils.py:187} INFO -      ━━━━━━━━━━━━━━━━━━━━━━━━━━━━━━━━━━━━━━━━ 61.2/61.2 kB 21.3 kB/s eta 0:00:00
