[2023-04-15T14:18:50.353+0000] {taskinstance.py:1090} INFO - Dependencies all met for dep_context=non-requeueable deps ti=<TaskInstance: joke_collector.joke_collector_task scheduled__2023-04-14T00:00:00+00:00 [queued]>
[2023-04-15T14:18:50.376+0000] {taskinstance.py:1090} INFO - Dependencies all met for dep_context=requeueable deps ti=<TaskInstance: joke_collector.joke_collector_task scheduled__2023-04-14T00:00:00+00:00 [queued]>
[2023-04-15T14:18:50.380+0000] {taskinstance.py:1288} INFO - 
--------------------------------------------------------------------------------
[2023-04-15T14:18:50.381+0000] {taskinstance.py:1289} INFO - Starting attempt 1 of 2
[2023-04-15T14:18:50.383+0000] {taskinstance.py:1290} INFO - 
--------------------------------------------------------------------------------
[2023-04-15T14:18:50.423+0000] {taskinstance.py:1309} INFO - Executing <Task(PythonVirtualenvOperator): joke_collector_task> on 2023-04-14 00:00:00+00:00
[2023-04-15T14:18:50.435+0000] {standard_task_runner.py:55} INFO - Started process 75 to run task
[2023-04-15T14:18:50.440+0000] {standard_task_runner.py:82} INFO - Running: ['***', 'tasks', 'run', 'joke_collector', 'joke_collector_task', 'scheduled__2023-04-14T00:00:00+00:00', '--job-id', '135', '--raw', '--subdir', 'DAGS_FOLDER/dag_joke_collector.py', '--cfg-path', '/tmp/tmp8ag74ide']
[2023-04-15T14:18:50.441+0000] {standard_task_runner.py:83} INFO - Job 135: Subtask joke_collector_task
[2023-04-15T14:18:50.570+0000] {task_command.py:389} INFO - Running <TaskInstance: joke_collector.joke_collector_task scheduled__2023-04-14T00:00:00+00:00 [running]> on host e1174705cf95
[2023-04-15T14:18:51.754+0000] {taskinstance.py:1518} INFO - Exporting the following env vars:
AIRFLOW_CTX_DAG_EMAIL=***@example.com
AIRFLOW_CTX_DAG_OWNER=***
AIRFLOW_CTX_DAG_ID=joke_collector
AIRFLOW_CTX_TASK_ID=joke_collector_task
AIRFLOW_CTX_EXECUTION_DATE=2023-04-14T00:00:00+00:00
AIRFLOW_CTX_TRY_NUMBER=1
AIRFLOW_CTX_DAG_RUN_ID=scheduled__2023-04-14T00:00:00+00:00
[2023-04-15T14:18:51.758+0000] {process_utils.py:179} INFO - Executing cmd: /usr/local/bin/python -m virtualenv /tmp/venvge09lfx5 --system-site-packages
[2023-04-15T14:18:51.791+0000] {process_utils.py:183} INFO - Output:
[2023-04-15T14:19:00.494+0000] {process_utils.py:187} INFO - created virtual environment CPython3.7.16.final.0-64 in 3415ms
[2023-04-15T14:19:00.496+0000] {process_utils.py:187} INFO -   creator CPython3Posix(dest=/tmp/venvge09lfx5, clear=False, no_vcs_ignore=False, global=True)
[2023-04-15T14:19:00.497+0000] {process_utils.py:187} INFO -   seeder FromAppData(download=False, pip=bundle, setuptools=bundle, wheel=bundle, via=copy, app_data_dir=/home/***/.local/share/virtualenv)
[2023-04-15T14:19:00.500+0000] {process_utils.py:187} INFO -     added seed packages: pip==23.0.1, setuptools==67.4.0, wheel==0.38.4
[2023-04-15T14:19:00.501+0000] {process_utils.py:187} INFO -   activators BashActivator,CShellActivator,FishActivator,NushellActivator,PowerShellActivator,PythonActivator
[2023-04-15T14:19:02.165+0000] {process_utils.py:179} INFO - Executing cmd: /tmp/venvge09lfx5/bin/pip install -r /tmp/venvge09lfx5/requirements.txt
[2023-04-15T14:19:02.246+0000] {process_utils.py:183} INFO - Output:
[2023-04-15T14:19:30.489+0000] {process_utils.py:187} INFO - Collecting requests==2.25.1
[2023-04-15T14:19:30.511+0000] {process_utils.py:187} INFO -   Using cached requests-2.25.1-py2.py3-none-any.whl (61 kB)
