[2023-04-15T20:54:03.999+0000] {taskinstance.py:1090} INFO - Dependencies all met for dep_context=non-requeueable deps ti=<TaskInstance: joke_collector.joke_collector_task scheduled__2023-04-15T15:02:00+00:00 [queued]>
[2023-04-15T20:54:04.145+0000] {taskinstance.py:1090} INFO - Dependencies all met for dep_context=requeueable deps ti=<TaskInstance: joke_collector.joke_collector_task scheduled__2023-04-15T15:02:00+00:00 [queued]>
[2023-04-15T20:54:04.146+0000] {taskinstance.py:1288} INFO - 
--------------------------------------------------------------------------------
[2023-04-15T20:54:04.149+0000] {taskinstance.py:1289} INFO - Starting attempt 1 of 2
[2023-04-15T20:54:04.150+0000] {taskinstance.py:1290} INFO - 
--------------------------------------------------------------------------------
[2023-04-15T20:54:04.544+0000] {taskinstance.py:1309} INFO - Executing <Task(PythonVirtualenvOperator): joke_collector_task> on 2023-04-15 15:02:00+00:00
[2023-04-15T20:54:04.576+0000] {standard_task_runner.py:55} INFO - Started process 539 to run task
[2023-04-15T20:54:04.658+0000] {standard_task_runner.py:82} INFO - Running: ['***', 'tasks', 'run', 'joke_collector', 'joke_collector_task', 'scheduled__2023-04-15T15:02:00+00:00', '--job-id', '11', '--raw', '--subdir', 'DAGS_FOLDER/dag_joke_collector.py', '--cfg-path', '/tmp/tmp0xtn2mtx']
[2023-04-15T20:54:04.669+0000] {standard_task_runner.py:83} INFO - Job 11: Subtask joke_collector_task
[2023-04-15T20:54:05.359+0000] {task_command.py:389} INFO - Running <TaskInstance: joke_collector.joke_collector_task scheduled__2023-04-15T15:02:00+00:00 [running]> on host 09657e5e4ab9
[2023-04-15T20:54:06.578+0000] {taskinstance.py:1518} INFO - Exporting the following env vars:
AIRFLOW_CTX_DAG_EMAIL=***@example.com
AIRFLOW_CTX_DAG_OWNER=***
AIRFLOW_CTX_DAG_ID=joke_collector
AIRFLOW_CTX_TASK_ID=joke_collector_task
AIRFLOW_CTX_EXECUTION_DATE=2023-04-15T15:02:00+00:00
AIRFLOW_CTX_TRY_NUMBER=1
AIRFLOW_CTX_DAG_RUN_ID=scheduled__2023-04-15T15:02:00+00:00
[2023-04-15T20:54:06.658+0000] {process_utils.py:179} INFO - Executing cmd: /usr/local/bin/python -m virtualenv /tmp/venvntxts96a --system-site-packages
[2023-04-15T20:54:06.793+0000] {process_utils.py:183} INFO - Output:
