[2023-04-15T17:50:27.075+0000] {processor.py:153} INFO - Started process (PID=46) to work on /opt/airflow/dags/crypto.py
[2023-04-15T17:50:27.110+0000] {processor.py:743} INFO - Processing file /opt/airflow/dags/crypto.py for tasks to queue
[2023-04-15T17:50:27.114+0000] {logging_mixin.py:137} INFO - [2023-04-15T17:50:27.114+0000] {dagbag.py:532} INFO - Filling up the DagBag from /opt/airflow/dags/crypto.py
[2023-04-15T17:50:27.843+0000] {logging_mixin.py:137} INFO - [2023-04-15T17:50:27.804+0000] {dagbag.py:341} ERROR - Failed to import: /opt/airflow/dags/crypto.py
Traceback (most recent call last):
  File "/home/airflow/.local/lib/python3.7/site-packages/airflow/models/dagbag.py", line 337, in parse
    loader.exec_module(new_module)
  File "<frozen importlib._bootstrap_external>", line 728, in exec_module
  File "<frozen importlib._bootstrap>", line 219, in _call_with_frames_removed
  File "/opt/airflow/dags/crypto.py", line 10, in <module>
    import ccxt
ModuleNotFoundError: No module named 'ccxt'
[2023-04-15T17:50:27.868+0000] {processor.py:755} WARNING - No viable dags retrieved from /opt/airflow/dags/crypto.py
[2023-04-15T17:50:28.034+0000] {processor.py:175} INFO - Processing /opt/airflow/dags/crypto.py took 0.977 seconds
[2023-04-15T17:50:58.338+0000] {processor.py:153} INFO - Started process (PID=56) to work on /opt/airflow/dags/crypto.py
[2023-04-15T17:50:58.345+0000] {processor.py:743} INFO - Processing file /opt/airflow/dags/crypto.py for tasks to queue
[2023-04-15T17:50:58.353+0000] {logging_mixin.py:137} INFO - [2023-04-15T17:50:58.352+0000] {dagbag.py:532} INFO - Filling up the DagBag from /opt/airflow/dags/crypto.py
[2023-04-15T17:50:58.969+0000] {logging_mixin.py:137} INFO - [2023-04-15T17:50:58.935+0000] {dagbag.py:341} ERROR - Failed to import: /opt/airflow/dags/crypto.py
Traceback (most recent call last):
  File "/home/airflow/.local/lib/python3.7/site-packages/airflow/models/dagbag.py", line 337, in parse
    loader.exec_module(new_module)
  File "<frozen importlib._bootstrap_external>", line 728, in exec_module
  File "<frozen importlib._bootstrap>", line 219, in _call_with_frames_removed
  File "/opt/airflow/dags/crypto.py", line 10, in <module>
    import ccxt
ModuleNotFoundError: No module named 'ccxt'
[2023-04-15T17:50:58.975+0000] {processor.py:755} WARNING - No viable dags retrieved from /opt/airflow/dags/crypto.py
[2023-04-15T17:50:59.174+0000] {processor.py:175} INFO - Processing /opt/airflow/dags/crypto.py took 0.878 seconds
[2023-04-15T17:51:29.843+0000] {processor.py:153} INFO - Started process (PID=65) to work on /opt/airflow/dags/crypto.py
[2023-04-15T17:51:29.851+0000] {processor.py:743} INFO - Processing file /opt/airflow/dags/crypto.py for tasks to queue
[2023-04-15T17:51:29.870+0000] {logging_mixin.py:137} INFO - [2023-04-15T17:51:29.860+0000] {dagbag.py:532} INFO - Filling up the DagBag from /opt/airflow/dags/crypto.py
[2023-04-15T17:51:30.046+0000] {logging_mixin.py:137} INFO - [2023-04-15T17:51:30.028+0000] {dagbag.py:341} ERROR - Failed to import: /opt/airflow/dags/crypto.py
Traceback (most recent call last):
  File "/home/airflow/.local/lib/python3.7/site-packages/airflow/models/dagbag.py", line 337, in parse
    loader.exec_module(new_module)
  File "<frozen importlib._bootstrap_external>", line 728, in exec_module
  File "<frozen importlib._bootstrap>", line 219, in _call_with_frames_removed
  File "/opt/airflow/dags/crypto.py", line 10, in <module>
    import ccxt
ModuleNotFoundError: No module named 'ccxt'
[2023-04-15T17:51:30.057+0000] {processor.py:755} WARNING - No viable dags retrieved from /opt/airflow/dags/crypto.py
[2023-04-15T17:51:31.082+0000] {processor.py:175} INFO - Processing /opt/airflow/dags/crypto.py took 1.265 seconds
[2023-04-15T17:52:01.815+0000] {processor.py:153} INFO - Started process (PID=74) to work on /opt/airflow/dags/crypto.py
[2023-04-15T17:52:01.825+0000] {processor.py:743} INFO - Processing file /opt/airflow/dags/crypto.py for tasks to queue
[2023-04-15T17:52:01.829+0000] {logging_mixin.py:137} INFO - [2023-04-15T17:52:01.828+0000] {dagbag.py:532} INFO - Filling up the DagBag from /opt/airflow/dags/crypto.py
[2023-04-15T17:52:02.121+0000] {logging_mixin.py:137} INFO - [2023-04-15T17:52:02.113+0000] {dagbag.py:341} ERROR - Failed to import: /opt/airflow/dags/crypto.py
Traceback (most recent call last):
  File "/home/airflow/.local/lib/python3.7/site-packages/airflow/models/dagbag.py", line 337, in parse
    loader.exec_module(new_module)
  File "<frozen importlib._bootstrap_external>", line 728, in exec_module
  File "<frozen importlib._bootstrap>", line 219, in _call_with_frames_removed
  File "/opt/airflow/dags/crypto.py", line 10, in <module>
    import ccxt
ModuleNotFoundError: No module named 'ccxt'
[2023-04-15T17:52:02.124+0000] {processor.py:755} WARNING - No viable dags retrieved from /opt/airflow/dags/crypto.py
[2023-04-15T17:52:02.260+0000] {processor.py:175} INFO - Processing /opt/airflow/dags/crypto.py took 0.462 seconds
[2023-04-15T17:52:32.416+0000] {processor.py:153} INFO - Started process (PID=83) to work on /opt/airflow/dags/crypto.py
[2023-04-15T17:52:32.419+0000] {processor.py:743} INFO - Processing file /opt/airflow/dags/crypto.py for tasks to queue
[2023-04-15T17:52:32.424+0000] {logging_mixin.py:137} INFO - [2023-04-15T17:52:32.423+0000] {dagbag.py:532} INFO - Filling up the DagBag from /opt/airflow/dags/crypto.py
[2023-04-15T17:52:32.559+0000] {logging_mixin.py:137} INFO - [2023-04-15T17:52:32.549+0000] {dagbag.py:341} ERROR - Failed to import: /opt/airflow/dags/crypto.py
Traceback (most recent call last):
  File "/home/airflow/.local/lib/python3.7/site-packages/airflow/models/dagbag.py", line 337, in parse
    loader.exec_module(new_module)
  File "<frozen importlib._bootstrap_external>", line 728, in exec_module
  File "<frozen importlib._bootstrap>", line 219, in _call_with_frames_removed
  File "/opt/airflow/dags/crypto.py", line 10, in <module>
    import ccxt
ModuleNotFoundError: No module named 'ccxt'
[2023-04-15T17:52:32.564+0000] {processor.py:755} WARNING - No viable dags retrieved from /opt/airflow/dags/crypto.py
[2023-04-15T17:52:32.629+0000] {processor.py:175} INFO - Processing /opt/airflow/dags/crypto.py took 0.232 seconds
[2023-04-15T17:53:02.837+0000] {processor.py:153} INFO - Started process (PID=93) to work on /opt/airflow/dags/crypto.py
[2023-04-15T17:53:02.849+0000] {processor.py:743} INFO - Processing file /opt/airflow/dags/crypto.py for tasks to queue
[2023-04-15T17:53:02.854+0000] {logging_mixin.py:137} INFO - [2023-04-15T17:53:02.854+0000] {dagbag.py:532} INFO - Filling up the DagBag from /opt/airflow/dags/crypto.py
[2023-04-15T17:53:03.061+0000] {logging_mixin.py:137} INFO - [2023-04-15T17:53:03.052+0000] {dagbag.py:341} ERROR - Failed to import: /opt/airflow/dags/crypto.py
Traceback (most recent call last):
  File "/home/airflow/.local/lib/python3.7/site-packages/airflow/models/dagbag.py", line 337, in parse
    loader.exec_module(new_module)
  File "<frozen importlib._bootstrap_external>", line 728, in exec_module
  File "<frozen importlib._bootstrap>", line 219, in _call_with_frames_removed
  File "/opt/airflow/dags/crypto.py", line 10, in <module>
    import ccxt
ModuleNotFoundError: No module named 'ccxt'
[2023-04-15T17:53:03.064+0000] {processor.py:755} WARNING - No viable dags retrieved from /opt/airflow/dags/crypto.py
[2023-04-15T17:53:03.118+0000] {processor.py:175} INFO - Processing /opt/airflow/dags/crypto.py took 0.302 seconds
[2023-04-15T17:53:33.706+0000] {processor.py:153} INFO - Started process (PID=102) to work on /opt/airflow/dags/crypto.py
[2023-04-15T17:53:33.727+0000] {processor.py:743} INFO - Processing file /opt/airflow/dags/crypto.py for tasks to queue
[2023-04-15T17:53:33.730+0000] {logging_mixin.py:137} INFO - [2023-04-15T17:53:33.730+0000] {dagbag.py:532} INFO - Filling up the DagBag from /opt/airflow/dags/crypto.py
[2023-04-15T17:53:33.896+0000] {logging_mixin.py:137} INFO - [2023-04-15T17:53:33.887+0000] {dagbag.py:341} ERROR - Failed to import: /opt/airflow/dags/crypto.py
Traceback (most recent call last):
  File "/home/airflow/.local/lib/python3.7/site-packages/airflow/models/dagbag.py", line 337, in parse
    loader.exec_module(new_module)
  File "<frozen importlib._bootstrap_external>", line 728, in exec_module
  File "<frozen importlib._bootstrap>", line 219, in _call_with_frames_removed
  File "/opt/airflow/dags/crypto.py", line 10, in <module>
    import ccxt
ModuleNotFoundError: No module named 'ccxt'
[2023-04-15T17:53:33.900+0000] {processor.py:755} WARNING - No viable dags retrieved from /opt/airflow/dags/crypto.py
[2023-04-15T17:53:34.577+0000] {processor.py:175} INFO - Processing /opt/airflow/dags/crypto.py took 0.896 seconds
[2023-04-15T17:54:05.125+0000] {processor.py:153} INFO - Started process (PID=112) to work on /opt/airflow/dags/crypto.py
[2023-04-15T17:54:05.134+0000] {processor.py:743} INFO - Processing file /opt/airflow/dags/crypto.py for tasks to queue
[2023-04-15T17:54:05.145+0000] {logging_mixin.py:137} INFO - [2023-04-15T17:54:05.143+0000] {dagbag.py:532} INFO - Filling up the DagBag from /opt/airflow/dags/crypto.py
[2023-04-15T17:54:05.305+0000] {logging_mixin.py:137} INFO - [2023-04-15T17:54:05.296+0000] {dagbag.py:341} ERROR - Failed to import: /opt/airflow/dags/crypto.py
Traceback (most recent call last):
  File "/home/airflow/.local/lib/python3.7/site-packages/airflow/models/dagbag.py", line 337, in parse
    loader.exec_module(new_module)
  File "<frozen importlib._bootstrap_external>", line 728, in exec_module
  File "<frozen importlib._bootstrap>", line 219, in _call_with_frames_removed
  File "/opt/airflow/dags/crypto.py", line 10, in <module>
    import ccxt
ModuleNotFoundError: No module named 'ccxt'
[2023-04-15T17:54:05.308+0000] {processor.py:755} WARNING - No viable dags retrieved from /opt/airflow/dags/crypto.py
[2023-04-15T17:54:05.365+0000] {processor.py:175} INFO - Processing /opt/airflow/dags/crypto.py took 0.271 seconds
[2023-04-15T17:54:35.587+0000] {processor.py:153} INFO - Started process (PID=121) to work on /opt/airflow/dags/crypto.py
[2023-04-15T17:54:35.589+0000] {processor.py:743} INFO - Processing file /opt/airflow/dags/crypto.py for tasks to queue
[2023-04-15T17:54:35.592+0000] {logging_mixin.py:137} INFO - [2023-04-15T17:54:35.591+0000] {dagbag.py:532} INFO - Filling up the DagBag from /opt/airflow/dags/crypto.py
[2023-04-15T17:54:35.720+0000] {logging_mixin.py:137} INFO - [2023-04-15T17:54:35.710+0000] {dagbag.py:341} ERROR - Failed to import: /opt/airflow/dags/crypto.py
Traceback (most recent call last):
  File "/home/airflow/.local/lib/python3.7/site-packages/airflow/models/dagbag.py", line 337, in parse
    loader.exec_module(new_module)
  File "<frozen importlib._bootstrap_external>", line 728, in exec_module
  File "<frozen importlib._bootstrap>", line 219, in _call_with_frames_removed
  File "/opt/airflow/dags/crypto.py", line 10, in <module>
    import ccxt
ModuleNotFoundError: No module named 'ccxt'
[2023-04-15T17:54:35.724+0000] {processor.py:755} WARNING - No viable dags retrieved from /opt/airflow/dags/crypto.py
[2023-04-15T17:54:35.772+0000] {processor.py:175} INFO - Processing /opt/airflow/dags/crypto.py took 0.194 seconds
[2023-04-15T17:55:06.098+0000] {processor.py:153} INFO - Started process (PID=130) to work on /opt/airflow/dags/crypto.py
[2023-04-15T17:55:06.100+0000] {processor.py:743} INFO - Processing file /opt/airflow/dags/crypto.py for tasks to queue
[2023-04-15T17:55:06.104+0000] {logging_mixin.py:137} INFO - [2023-04-15T17:55:06.104+0000] {dagbag.py:532} INFO - Filling up the DagBag from /opt/airflow/dags/crypto.py
[2023-04-15T17:55:06.277+0000] {logging_mixin.py:137} INFO - [2023-04-15T17:55:06.263+0000] {dagbag.py:341} ERROR - Failed to import: /opt/airflow/dags/crypto.py
Traceback (most recent call last):
  File "/home/airflow/.local/lib/python3.7/site-packages/airflow/models/dagbag.py", line 337, in parse
    loader.exec_module(new_module)
  File "<frozen importlib._bootstrap_external>", line 728, in exec_module
  File "<frozen importlib._bootstrap>", line 219, in _call_with_frames_removed
  File "/opt/airflow/dags/crypto.py", line 10, in <module>
    import ccxt
ModuleNotFoundError: No module named 'ccxt'
[2023-04-15T17:55:06.281+0000] {processor.py:755} WARNING - No viable dags retrieved from /opt/airflow/dags/crypto.py
[2023-04-15T17:55:06.349+0000] {processor.py:175} INFO - Processing /opt/airflow/dags/crypto.py took 0.267 seconds
[2023-04-15T20:44:02.804+0000] {processor.py:153} INFO - Started process (PID=85) to work on /opt/airflow/dags/crypto.py
[2023-04-15T20:44:02.830+0000] {processor.py:743} INFO - Processing file /opt/airflow/dags/crypto.py for tasks to queue
[2023-04-15T20:44:02.866+0000] {logging_mixin.py:137} INFO - [2023-04-15T20:44:02.865+0000] {dagbag.py:532} INFO - Filling up the DagBag from /opt/airflow/dags/crypto.py
[2023-04-15T20:44:14.245+0000] {logging_mixin.py:137} INFO - [2023-04-15T20:44:14.244+0000] {font_manager.py:1443} INFO - generated new fontManager
[2023-04-15T20:44:22.588+0000] {processor.py:753} INFO - DAG(s) dict_keys(['crypto_analysis']) retrieved from /opt/airflow/dags/crypto.py
[2023-04-15T20:44:23.241+0000] {logging_mixin.py:137} INFO - [2023-04-15T20:44:23.241+0000] {manager.py:504} INFO - Created Permission View: can edit on DAG:crypto_analysis
[2023-04-15T20:44:23.287+0000] {logging_mixin.py:137} INFO - [2023-04-15T20:44:23.286+0000] {manager.py:504} INFO - Created Permission View: can read on DAG:crypto_analysis
[2023-04-15T20:44:23.306+0000] {logging_mixin.py:137} INFO - [2023-04-15T20:44:23.306+0000] {manager.py:504} INFO - Created Permission View: can delete on DAG:crypto_analysis
[2023-04-15T20:44:23.308+0000] {logging_mixin.py:137} INFO - [2023-04-15T20:44:23.307+0000] {dag.py:2705} INFO - Sync 1 DAGs
[2023-04-15T20:44:23.362+0000] {logging_mixin.py:137} INFO - [2023-04-15T20:44:23.361+0000] {dag.py:2726} INFO - Creating ORM DAG for crypto_analysis
[2023-04-15T20:44:23.472+0000] {logging_mixin.py:137} INFO - [2023-04-15T20:44:23.472+0000] {dag.py:3456} INFO - Setting next_dagrun for crypto_analysis to 2023-04-15T20:42:00+00:00, run_after=2023-04-15T20:44:00+00:00
[2023-04-15T20:44:23.598+0000] {processor.py:175} INFO - Processing /opt/airflow/dags/crypto.py took 20.942 seconds
[2023-04-15T20:44:54.112+0000] {processor.py:153} INFO - Started process (PID=104) to work on /opt/airflow/dags/crypto.py
[2023-04-15T20:44:54.118+0000] {processor.py:743} INFO - Processing file /opt/airflow/dags/crypto.py for tasks to queue
[2023-04-15T20:44:54.123+0000] {logging_mixin.py:137} INFO - [2023-04-15T20:44:54.122+0000] {dagbag.py:532} INFO - Filling up the DagBag from /opt/airflow/dags/crypto.py
[2023-04-15T20:45:00.472+0000] {processor.py:753} INFO - DAG(s) dict_keys(['crypto_analysis']) retrieved from /opt/airflow/dags/crypto.py
[2023-04-15T20:45:00.546+0000] {logging_mixin.py:137} INFO - [2023-04-15T20:45:00.545+0000] {dag.py:2705} INFO - Sync 1 DAGs
[2023-04-15T20:45:00.633+0000] {logging_mixin.py:137} INFO - [2023-04-15T20:45:00.633+0000] {dag.py:3456} INFO - Setting next_dagrun for crypto_analysis to 2023-04-15T20:42:00+00:00, run_after=2023-04-15T20:44:00+00:00
[2023-04-15T20:45:00.677+0000] {processor.py:175} INFO - Processing /opt/airflow/dags/crypto.py took 6.581 seconds
[2023-04-15T20:45:30.992+0000] {processor.py:153} INFO - Started process (PID=114) to work on /opt/airflow/dags/crypto.py
[2023-04-15T20:45:30.994+0000] {processor.py:743} INFO - Processing file /opt/airflow/dags/crypto.py for tasks to queue
[2023-04-15T20:45:30.996+0000] {logging_mixin.py:137} INFO - [2023-04-15T20:45:30.995+0000] {dagbag.py:532} INFO - Filling up the DagBag from /opt/airflow/dags/crypto.py
[2023-04-15T20:45:33.794+0000] {processor.py:753} INFO - DAG(s) dict_keys(['crypto_analysis']) retrieved from /opt/airflow/dags/crypto.py
[2023-04-15T20:45:33.840+0000] {logging_mixin.py:137} INFO - [2023-04-15T20:45:33.839+0000] {dag.py:2705} INFO - Sync 1 DAGs
[2023-04-15T20:45:33.892+0000] {logging_mixin.py:137} INFO - [2023-04-15T20:45:33.892+0000] {dag.py:3456} INFO - Setting next_dagrun for crypto_analysis to 2023-04-15T20:42:00+00:00, run_after=2023-04-15T20:44:00+00:00
[2023-04-15T20:45:34.978+0000] {processor.py:175} INFO - Processing /opt/airflow/dags/crypto.py took 3.992 seconds
[2023-04-15T20:46:05.133+0000] {processor.py:153} INFO - Started process (PID=124) to work on /opt/airflow/dags/crypto.py
[2023-04-15T20:46:05.134+0000] {processor.py:743} INFO - Processing file /opt/airflow/dags/crypto.py for tasks to queue
[2023-04-15T20:46:05.135+0000] {logging_mixin.py:137} INFO - [2023-04-15T20:46:05.135+0000] {dagbag.py:532} INFO - Filling up the DagBag from /opt/airflow/dags/crypto.py
[2023-04-15T20:46:08.204+0000] {processor.py:753} INFO - DAG(s) dict_keys(['crypto_analysis']) retrieved from /opt/airflow/dags/crypto.py
[2023-04-15T20:46:08.243+0000] {logging_mixin.py:137} INFO - [2023-04-15T20:46:08.242+0000] {dag.py:2705} INFO - Sync 1 DAGs
[2023-04-15T20:46:08.316+0000] {logging_mixin.py:137} INFO - [2023-04-15T20:46:08.315+0000] {dag.py:3456} INFO - Setting next_dagrun for crypto_analysis to 2023-04-15T20:44:00+00:00, run_after=2023-04-15T20:46:00+00:00
[2023-04-15T20:46:08.411+0000] {processor.py:175} INFO - Processing /opt/airflow/dags/crypto.py took 3.284 seconds
[2023-04-15T20:46:38.757+0000] {processor.py:153} INFO - Started process (PID=134) to work on /opt/airflow/dags/crypto.py
[2023-04-15T20:46:38.758+0000] {processor.py:743} INFO - Processing file /opt/airflow/dags/crypto.py for tasks to queue
[2023-04-15T20:46:38.759+0000] {logging_mixin.py:137} INFO - [2023-04-15T20:46:38.759+0000] {dagbag.py:532} INFO - Filling up the DagBag from /opt/airflow/dags/crypto.py
[2023-04-15T20:46:40.380+0000] {processor.py:753} INFO - DAG(s) dict_keys(['crypto_analysis']) retrieved from /opt/airflow/dags/crypto.py
[2023-04-15T20:46:40.430+0000] {logging_mixin.py:137} INFO - [2023-04-15T20:46:40.429+0000] {dag.py:2705} INFO - Sync 1 DAGs
[2023-04-15T20:46:40.476+0000] {logging_mixin.py:137} INFO - [2023-04-15T20:46:40.476+0000] {dag.py:3456} INFO - Setting next_dagrun for crypto_analysis to 2023-04-15T20:44:00+00:00, run_after=2023-04-15T20:46:00+00:00
[2023-04-15T20:46:40.509+0000] {processor.py:175} INFO - Processing /opt/airflow/dags/crypto.py took 1.755 seconds
[2023-04-15T20:47:10.931+0000] {processor.py:153} INFO - Started process (PID=144) to work on /opt/airflow/dags/crypto.py
[2023-04-15T20:47:10.933+0000] {processor.py:743} INFO - Processing file /opt/airflow/dags/crypto.py for tasks to queue
[2023-04-15T20:47:10.934+0000] {logging_mixin.py:137} INFO - [2023-04-15T20:47:10.934+0000] {dagbag.py:532} INFO - Filling up the DagBag from /opt/airflow/dags/crypto.py
[2023-04-15T20:47:13.808+0000] {processor.py:753} INFO - DAG(s) dict_keys(['crypto_analysis']) retrieved from /opt/airflow/dags/crypto.py
[2023-04-15T20:47:13.851+0000] {logging_mixin.py:137} INFO - [2023-04-15T20:47:13.851+0000] {dag.py:2705} INFO - Sync 1 DAGs
[2023-04-15T20:47:13.905+0000] {logging_mixin.py:137} INFO - [2023-04-15T20:47:13.905+0000] {dag.py:3456} INFO - Setting next_dagrun for crypto_analysis to 2023-04-15T20:44:00+00:00, run_after=2023-04-15T20:46:00+00:00
[2023-04-15T20:47:13.941+0000] {processor.py:175} INFO - Processing /opt/airflow/dags/crypto.py took 3.016 seconds
[2023-04-15T20:47:44.360+0000] {processor.py:153} INFO - Started process (PID=154) to work on /opt/airflow/dags/crypto.py
[2023-04-15T20:47:44.362+0000] {processor.py:743} INFO - Processing file /opt/airflow/dags/crypto.py for tasks to queue
[2023-04-15T20:47:44.364+0000] {logging_mixin.py:137} INFO - [2023-04-15T20:47:44.363+0000] {dagbag.py:532} INFO - Filling up the DagBag from /opt/airflow/dags/crypto.py
[2023-04-15T20:47:46.352+0000] {processor.py:753} INFO - DAG(s) dict_keys(['crypto_analysis']) retrieved from /opt/airflow/dags/crypto.py
[2023-04-15T20:47:46.386+0000] {logging_mixin.py:137} INFO - [2023-04-15T20:47:46.385+0000] {dag.py:2705} INFO - Sync 1 DAGs
[2023-04-15T20:47:46.429+0000] {logging_mixin.py:137} INFO - [2023-04-15T20:47:46.428+0000] {dag.py:3456} INFO - Setting next_dagrun for crypto_analysis to 2023-04-15T20:44:00+00:00, run_after=2023-04-15T20:46:00+00:00
[2023-04-15T20:47:46.456+0000] {processor.py:175} INFO - Processing /opt/airflow/dags/crypto.py took 2.100 seconds
[2023-04-15T20:48:16.809+0000] {processor.py:153} INFO - Started process (PID=164) to work on /opt/airflow/dags/crypto.py
[2023-04-15T20:48:16.811+0000] {processor.py:743} INFO - Processing file /opt/airflow/dags/crypto.py for tasks to queue
[2023-04-15T20:48:16.812+0000] {logging_mixin.py:137} INFO - [2023-04-15T20:48:16.812+0000] {dagbag.py:532} INFO - Filling up the DagBag from /opt/airflow/dags/crypto.py
[2023-04-15T20:48:18.786+0000] {processor.py:753} INFO - DAG(s) dict_keys(['crypto_analysis']) retrieved from /opt/airflow/dags/crypto.py
[2023-04-15T20:48:18.826+0000] {logging_mixin.py:137} INFO - [2023-04-15T20:48:18.825+0000] {dag.py:2705} INFO - Sync 1 DAGs
[2023-04-15T20:48:18.876+0000] {logging_mixin.py:137} INFO - [2023-04-15T20:48:18.875+0000] {dag.py:3456} INFO - Setting next_dagrun for crypto_analysis to 2023-04-15T20:46:00+00:00, run_after=2023-04-15T20:48:00+00:00
[2023-04-15T20:48:18.911+0000] {processor.py:175} INFO - Processing /opt/airflow/dags/crypto.py took 2.105 seconds
[2023-04-15T20:48:49.202+0000] {processor.py:153} INFO - Started process (PID=182) to work on /opt/airflow/dags/crypto.py
[2023-04-15T20:48:49.204+0000] {processor.py:743} INFO - Processing file /opt/airflow/dags/crypto.py for tasks to queue
[2023-04-15T20:48:49.205+0000] {logging_mixin.py:137} INFO - [2023-04-15T20:48:49.205+0000] {dagbag.py:532} INFO - Filling up the DagBag from /opt/airflow/dags/crypto.py
[2023-04-15T20:48:50.979+0000] {processor.py:753} INFO - DAG(s) dict_keys(['crypto_analysis']) retrieved from /opt/airflow/dags/crypto.py
[2023-04-15T20:48:51.015+0000] {logging_mixin.py:137} INFO - [2023-04-15T20:48:51.014+0000] {dag.py:2705} INFO - Sync 1 DAGs
[2023-04-15T20:48:51.056+0000] {logging_mixin.py:137} INFO - [2023-04-15T20:48:51.056+0000] {dag.py:3456} INFO - Setting next_dagrun for crypto_analysis to 2023-04-15T20:46:00+00:00, run_after=2023-04-15T20:48:00+00:00
[2023-04-15T20:48:51.086+0000] {processor.py:175} INFO - Processing /opt/airflow/dags/crypto.py took 1.888 seconds
[2023-04-15T20:49:21.586+0000] {processor.py:153} INFO - Started process (PID=193) to work on /opt/airflow/dags/crypto.py
[2023-04-15T20:49:21.588+0000] {processor.py:743} INFO - Processing file /opt/airflow/dags/crypto.py for tasks to queue
[2023-04-15T20:49:21.589+0000] {logging_mixin.py:137} INFO - [2023-04-15T20:49:21.589+0000] {dagbag.py:532} INFO - Filling up the DagBag from /opt/airflow/dags/crypto.py
[2023-04-15T20:49:23.907+0000] {processor.py:753} INFO - DAG(s) dict_keys(['crypto_analysis']) retrieved from /opt/airflow/dags/crypto.py
[2023-04-15T20:49:23.943+0000] {logging_mixin.py:137} INFO - [2023-04-15T20:49:23.943+0000] {dag.py:2705} INFO - Sync 1 DAGs
[2023-04-15T20:49:23.986+0000] {logging_mixin.py:137} INFO - [2023-04-15T20:49:23.985+0000] {dag.py:3456} INFO - Setting next_dagrun for crypto_analysis to 2023-04-15T20:46:00+00:00, run_after=2023-04-15T20:48:00+00:00
[2023-04-15T20:49:24.013+0000] {processor.py:175} INFO - Processing /opt/airflow/dags/crypto.py took 2.433 seconds
[2023-04-15T20:49:54.307+0000] {processor.py:153} INFO - Started process (PID=203) to work on /opt/airflow/dags/crypto.py
[2023-04-15T20:49:54.308+0000] {processor.py:743} INFO - Processing file /opt/airflow/dags/crypto.py for tasks to queue
[2023-04-15T20:49:54.310+0000] {logging_mixin.py:137} INFO - [2023-04-15T20:49:54.310+0000] {dagbag.py:532} INFO - Filling up the DagBag from /opt/airflow/dags/crypto.py
[2023-04-15T20:49:56.677+0000] {processor.py:753} INFO - DAG(s) dict_keys(['crypto_analysis']) retrieved from /opt/airflow/dags/crypto.py
[2023-04-15T20:49:56.723+0000] {logging_mixin.py:137} INFO - [2023-04-15T20:49:56.722+0000] {dag.py:2705} INFO - Sync 1 DAGs
[2023-04-15T20:49:56.771+0000] {logging_mixin.py:137} INFO - [2023-04-15T20:49:56.770+0000] {dag.py:3456} INFO - Setting next_dagrun for crypto_analysis to 2023-04-15T20:46:00+00:00, run_after=2023-04-15T20:48:00+00:00
[2023-04-15T20:49:56.801+0000] {processor.py:175} INFO - Processing /opt/airflow/dags/crypto.py took 2.498 seconds
[2023-04-15T20:50:26.894+0000] {processor.py:153} INFO - Started process (PID=213) to work on /opt/airflow/dags/crypto.py
[2023-04-15T20:50:26.895+0000] {processor.py:743} INFO - Processing file /opt/airflow/dags/crypto.py for tasks to queue
[2023-04-15T20:50:26.896+0000] {logging_mixin.py:137} INFO - [2023-04-15T20:50:26.896+0000] {dagbag.py:532} INFO - Filling up the DagBag from /opt/airflow/dags/crypto.py
[2023-04-15T20:50:28.786+0000] {processor.py:753} INFO - DAG(s) dict_keys(['crypto_analysis']) retrieved from /opt/airflow/dags/crypto.py
[2023-04-15T20:50:28.841+0000] {logging_mixin.py:137} INFO - [2023-04-15T20:50:28.839+0000] {dag.py:2705} INFO - Sync 1 DAGs
[2023-04-15T20:50:28.957+0000] {logging_mixin.py:137} INFO - [2023-04-15T20:50:28.957+0000] {dag.py:3456} INFO - Setting next_dagrun for crypto_analysis to 2023-04-15T20:48:00+00:00, run_after=2023-04-15T20:50:00+00:00
[2023-04-15T20:50:29.014+0000] {processor.py:175} INFO - Processing /opt/airflow/dags/crypto.py took 2.124 seconds
[2023-04-15T20:50:59.360+0000] {processor.py:153} INFO - Started process (PID=223) to work on /opt/airflow/dags/crypto.py
[2023-04-15T20:50:59.361+0000] {processor.py:743} INFO - Processing file /opt/airflow/dags/crypto.py for tasks to queue
[2023-04-15T20:50:59.363+0000] {logging_mixin.py:137} INFO - [2023-04-15T20:50:59.362+0000] {dagbag.py:532} INFO - Filling up the DagBag from /opt/airflow/dags/crypto.py
[2023-04-15T20:51:01.758+0000] {processor.py:753} INFO - DAG(s) dict_keys(['crypto_analysis']) retrieved from /opt/airflow/dags/crypto.py
[2023-04-15T20:51:01.804+0000] {logging_mixin.py:137} INFO - [2023-04-15T20:51:01.803+0000] {dag.py:2705} INFO - Sync 1 DAGs
[2023-04-15T20:51:01.851+0000] {logging_mixin.py:137} INFO - [2023-04-15T20:51:01.850+0000] {dag.py:3456} INFO - Setting next_dagrun for crypto_analysis to 2023-04-15T20:48:00+00:00, run_after=2023-04-15T20:50:00+00:00
[2023-04-15T20:51:02.159+0000] {processor.py:175} INFO - Processing /opt/airflow/dags/crypto.py took 2.806 seconds
[2023-04-15T20:51:32.258+0000] {processor.py:153} INFO - Started process (PID=233) to work on /opt/airflow/dags/crypto.py
[2023-04-15T20:51:32.260+0000] {processor.py:743} INFO - Processing file /opt/airflow/dags/crypto.py for tasks to queue
[2023-04-15T20:51:32.262+0000] {logging_mixin.py:137} INFO - [2023-04-15T20:51:32.261+0000] {dagbag.py:532} INFO - Filling up the DagBag from /opt/airflow/dags/crypto.py
[2023-04-15T20:51:34.443+0000] {processor.py:753} INFO - DAG(s) dict_keys(['crypto_analysis']) retrieved from /opt/airflow/dags/crypto.py
[2023-04-15T20:51:34.489+0000] {logging_mixin.py:137} INFO - [2023-04-15T20:51:34.488+0000] {dag.py:2705} INFO - Sync 1 DAGs
[2023-04-15T20:51:34.547+0000] {logging_mixin.py:137} INFO - [2023-04-15T20:51:34.546+0000] {dag.py:3456} INFO - Setting next_dagrun for crypto_analysis to 2023-04-15T20:48:00+00:00, run_after=2023-04-15T20:50:00+00:00
[2023-04-15T20:51:34.581+0000] {processor.py:175} INFO - Processing /opt/airflow/dags/crypto.py took 2.328 seconds
[2023-04-15T20:52:04.990+0000] {processor.py:153} INFO - Started process (PID=244) to work on /opt/airflow/dags/crypto.py
[2023-04-15T20:52:05.116+0000] {processor.py:743} INFO - Processing file /opt/airflow/dags/crypto.py for tasks to queue
[2023-04-15T20:52:05.155+0000] {logging_mixin.py:137} INFO - [2023-04-15T20:52:05.152+0000] {dagbag.py:532} INFO - Filling up the DagBag from /opt/airflow/dags/crypto.py
[2023-04-15T20:52:12.824+0000] {processor.py:753} INFO - DAG(s) dict_keys(['crypto_analysis']) retrieved from /opt/airflow/dags/crypto.py
[2023-04-15T20:52:12.982+0000] {logging_mixin.py:137} INFO - [2023-04-15T20:52:12.981+0000] {dag.py:2705} INFO - Sync 1 DAGs
[2023-04-15T20:52:13.143+0000] {logging_mixin.py:137} INFO - [2023-04-15T20:52:13.143+0000] {dag.py:3456} INFO - Setting next_dagrun for crypto_analysis to 2023-04-15T20:50:00+00:00, run_after=2023-04-15T20:52:00+00:00
[2023-04-15T20:52:13.227+0000] {processor.py:175} INFO - Processing /opt/airflow/dags/crypto.py took 8.338 seconds
[2023-04-15T20:52:44.390+0000] {processor.py:153} INFO - Started process (PID=255) to work on /opt/airflow/dags/crypto.py
[2023-04-15T20:52:44.406+0000] {processor.py:743} INFO - Processing file /opt/airflow/dags/crypto.py for tasks to queue
[2023-04-15T20:52:44.456+0000] {logging_mixin.py:137} INFO - [2023-04-15T20:52:44.456+0000] {dagbag.py:532} INFO - Filling up the DagBag from /opt/airflow/dags/crypto.py
[2023-04-15T20:53:01.125+0000] {processor.py:753} INFO - DAG(s) dict_keys(['crypto_analysis']) retrieved from /opt/airflow/dags/crypto.py
[2023-04-15T20:53:01.230+0000] {logging_mixin.py:137} INFO - [2023-04-15T20:53:01.229+0000] {dag.py:2705} INFO - Sync 1 DAGs
[2023-04-15T20:53:01.280+0000] {logging_mixin.py:137} INFO - [2023-04-15T20:53:01.279+0000] {dag.py:3456} INFO - Setting next_dagrun for crypto_analysis to 2023-04-15T20:50:00+00:00, run_after=2023-04-15T20:52:00+00:00
[2023-04-15T20:53:03.654+0000] {processor.py:175} INFO - Processing /opt/airflow/dags/crypto.py took 19.276 seconds
[2023-04-15T20:53:34.304+0000] {processor.py:153} INFO - Started process (PID=293) to work on /opt/airflow/dags/crypto.py
[2023-04-15T20:53:34.305+0000] {processor.py:743} INFO - Processing file /opt/airflow/dags/crypto.py for tasks to queue
[2023-04-15T20:53:34.307+0000] {logging_mixin.py:137} INFO - [2023-04-15T20:53:34.306+0000] {dagbag.py:532} INFO - Filling up the DagBag from /opt/airflow/dags/crypto.py
[2023-04-15T20:53:43.137+0000] {processor.py:753} INFO - DAG(s) dict_keys(['crypto_analysis']) retrieved from /opt/airflow/dags/crypto.py
[2023-04-15T20:53:43.189+0000] {logging_mixin.py:137} INFO - [2023-04-15T20:53:43.188+0000] {dag.py:2705} INFO - Sync 1 DAGs
[2023-04-15T20:53:43.224+0000] {logging_mixin.py:137} INFO - [2023-04-15T20:53:43.224+0000] {dag.py:3456} INFO - Setting next_dagrun for crypto_analysis to 2023-04-15T20:50:00+00:00, run_after=2023-04-15T20:52:00+00:00
[2023-04-15T20:53:45.323+0000] {processor.py:175} INFO - Processing /opt/airflow/dags/crypto.py took 11.023 seconds
