[2023-04-15T14:18:56.617+0000] {taskinstance.py:1090} INFO - Dependencies all met for dep_context=non-requeueable deps ti=<TaskInstance: joke_collector.joke_collector_task scheduled__2023-04-14T07:00:00+00:00 [queued]>
[2023-04-15T14:18:56.633+0000] {taskinstance.py:1090} INFO - Dependencies all met for dep_context=requeueable deps ti=<TaskInstance: joke_collector.joke_collector_task scheduled__2023-04-14T07:00:00+00:00 [queued]>
[2023-04-15T14:18:56.634+0000] {taskinstance.py:1288} INFO - 
--------------------------------------------------------------------------------
[2023-04-15T14:18:56.978+0000] {taskinstance.py:1289} INFO - Starting attempt 1 of 2
[2023-04-15T14:18:56.978+0000] {taskinstance.py:1290} INFO - 
--------------------------------------------------------------------------------
[2023-04-15T14:18:57.539+0000] {taskinstance.py:1309} INFO - Executing <Task(PythonVirtualenvOperator): joke_collector_task> on 2023-04-14 07:00:00+00:00
[2023-04-15T14:18:57.557+0000] {standard_task_runner.py:55} INFO - Started process 97 to run task
[2023-04-15T14:18:57.583+0000] {standard_task_runner.py:82} INFO - Running: ['***', 'tasks', 'run', 'joke_collector', 'joke_collector_task', 'scheduled__2023-04-14T07:00:00+00:00', '--job-id', '139', '--raw', '--subdir', 'DAGS_FOLDER/dag_joke_collector.py', '--cfg-path', '/tmp/tmp1v2jgrjw']
[2023-04-15T14:18:57.587+0000] {standard_task_runner.py:83} INFO - Job 139: Subtask joke_collector_task
[2023-04-15T14:18:58.291+0000] {task_command.py:389} INFO - Running <TaskInstance: joke_collector.joke_collector_task scheduled__2023-04-14T07:00:00+00:00 [running]> on host e1174705cf95
[2023-04-15T14:19:00.511+0000] {taskinstance.py:1518} INFO - Exporting the following env vars:
AIRFLOW_CTX_DAG_EMAIL=***@example.com
AIRFLOW_CTX_DAG_OWNER=***
AIRFLOW_CTX_DAG_ID=joke_collector
AIRFLOW_CTX_TASK_ID=joke_collector_task
AIRFLOW_CTX_EXECUTION_DATE=2023-04-14T07:00:00+00:00
AIRFLOW_CTX_TRY_NUMBER=1
AIRFLOW_CTX_DAG_RUN_ID=scheduled__2023-04-14T07:00:00+00:00
[2023-04-15T14:19:00.517+0000] {process_utils.py:179} INFO - Executing cmd: /usr/local/bin/python -m virtualenv /tmp/venv2u01_17j --system-site-packages
[2023-04-15T14:19:00.563+0000] {process_utils.py:183} INFO - Output:
[2023-04-15T14:19:08.913+0000] {process_utils.py:187} INFO - created virtual environment CPython3.7.16.final.0-64 in 1828ms
[2023-04-15T14:19:08.920+0000] {process_utils.py:187} INFO -   creator CPython3Posix(dest=/tmp/venv2u01_17j, clear=False, no_vcs_ignore=False, global=True)
[2023-04-15T14:19:08.921+0000] {process_utils.py:187} INFO -   seeder FromAppData(download=False, pip=bundle, setuptools=bundle, wheel=bundle, via=copy, app_data_dir=/home/***/.local/share/virtualenv)
[2023-04-15T14:19:08.922+0000] {process_utils.py:187} INFO -     added seed packages: pip==23.0.1, setuptools==67.4.0, wheel==0.38.4
[2023-04-15T14:19:08.923+0000] {process_utils.py:187} INFO -   activators BashActivator,CShellActivator,FishActivator,NushellActivator,PowerShellActivator,PythonActivator
[2023-04-15T14:19:09.444+0000] {process_utils.py:179} INFO - Executing cmd: /tmp/venv2u01_17j/bin/pip install -r /tmp/venv2u01_17j/requirements.txt
[2023-04-15T14:19:09.549+0000] {process_utils.py:183} INFO - Output:
