[2023-04-15T15:08:25.484+0000] {taskinstance.py:1090} INFO - Dependencies all met for dep_context=non-requeueable deps ti=<TaskInstance: joke_collector.joke_collector_task scheduled__2023-04-14T15:04:00+00:00 [queued]>
[2023-04-15T15:08:25.590+0000] {taskinstance.py:1090} INFO - Dependencies all met for dep_context=requeueable deps ti=<TaskInstance: joke_collector.joke_collector_task scheduled__2023-04-14T15:04:00+00:00 [queued]>
[2023-04-15T15:08:25.591+0000] {taskinstance.py:1288} INFO - 
--------------------------------------------------------------------------------
[2023-04-15T15:08:25.593+0000] {taskinstance.py:1289} INFO - Starting attempt 2 of 2
[2023-04-15T15:08:25.594+0000] {taskinstance.py:1290} INFO - 
--------------------------------------------------------------------------------
[2023-04-15T15:08:25.706+0000] {taskinstance.py:1309} INFO - Executing <Task(PythonVirtualenvOperator): joke_collector_task> on 2023-04-14 15:04:00+00:00
[2023-04-15T15:08:25.722+0000] {standard_task_runner.py:55} INFO - Started process 80 to run task
[2023-04-15T15:08:25.739+0000] {standard_task_runner.py:82} INFO - Running: ['***', 'tasks', 'run', 'joke_collector', 'joke_collector_task', 'scheduled__2023-04-14T15:04:00+00:00', '--job-id', '37', '--raw', '--subdir', 'DAGS_FOLDER/dag_joke_collector.py', '--cfg-path', '/tmp/tmpoogv0cz8']
[2023-04-15T15:08:25.743+0000] {standard_task_runner.py:83} INFO - Job 37: Subtask joke_collector_task
[2023-04-15T15:08:26.018+0000] {task_command.py:389} INFO - Running <TaskInstance: joke_collector.joke_collector_task scheduled__2023-04-14T15:04:00+00:00 [running]> on host 694d4d55fcc1
[2023-04-15T15:08:26.417+0000] {taskinstance.py:1518} INFO - Exporting the following env vars:
AIRFLOW_CTX_DAG_EMAIL=***@example.com
AIRFLOW_CTX_DAG_OWNER=***
AIRFLOW_CTX_DAG_ID=joke_collector
AIRFLOW_CTX_TASK_ID=joke_collector_task
AIRFLOW_CTX_EXECUTION_DATE=2023-04-14T15:04:00+00:00
AIRFLOW_CTX_TRY_NUMBER=2
AIRFLOW_CTX_DAG_RUN_ID=scheduled__2023-04-14T15:04:00+00:00
[2023-04-15T15:08:26.433+0000] {process_utils.py:179} INFO - Executing cmd: /usr/local/bin/python -m virtualenv /tmp/venvljkojjjp --system-site-packages
[2023-04-15T15:08:26.468+0000] {process_utils.py:183} INFO - Output:
[2023-04-15T15:08:37.482+0000] {process_utils.py:187} INFO - created virtual environment CPython3.7.16.final.0-64 in 5589ms
[2023-04-15T15:08:37.490+0000] {process_utils.py:187} INFO -   creator CPython3Posix(dest=/tmp/venvljkojjjp, clear=False, no_vcs_ignore=False, global=True)
[2023-04-15T15:08:37.498+0000] {process_utils.py:187} INFO -   seeder FromAppData(download=False, pip=bundle, setuptools=bundle, wheel=bundle, via=copy, app_data_dir=/home/***/.local/share/virtualenv)
[2023-04-15T15:08:37.512+0000] {process_utils.py:187} INFO -     added seed packages: pip==23.0.1, setuptools==67.4.0, wheel==0.38.4
[2023-04-15T15:08:37.521+0000] {process_utils.py:187} INFO -   activators BashActivator,CShellActivator,FishActivator,NushellActivator,PowerShellActivator,PythonActivator
[2023-04-15T15:08:37.719+0000] {process_utils.py:179} INFO - Executing cmd: /tmp/venvljkojjjp/bin/pip install -r /tmp/venvljkojjjp/requirements.txt
[2023-04-15T15:08:37.740+0000] {process_utils.py:183} INFO - Output:
