[2023-04-11T16:07:11.300+0000] {taskinstance.py:1090} INFO - Dependencies all met for dep_context=non-requeueable deps ti=<TaskInstance: joke_collector.joke_collector_task scheduled__2023-04-10T00:28:00+00:00 [queued]>
[2023-04-11T16:07:11.475+0000] {taskinstance.py:1090} INFO - Dependencies all met for dep_context=requeueable deps ti=<TaskInstance: joke_collector.joke_collector_task scheduled__2023-04-10T00:28:00+00:00 [queued]>
[2023-04-11T16:07:11.479+0000] {taskinstance.py:1288} INFO - 
--------------------------------------------------------------------------------
[2023-04-11T16:07:11.489+0000] {taskinstance.py:1289} INFO - Starting attempt 1 of 2
[2023-04-11T16:07:11.494+0000] {taskinstance.py:1290} INFO - 
--------------------------------------------------------------------------------
[2023-04-11T16:07:11.676+0000] {taskinstance.py:1309} INFO - Executing <Task(PythonVirtualenvOperator): joke_collector_task> on 2023-04-10 00:28:00+00:00
[2023-04-11T16:07:11.738+0000] {standard_task_runner.py:55} INFO - Started process 440 to run task
[2023-04-11T16:07:11.759+0000] {standard_task_runner.py:82} INFO - Running: ['***', 'tasks', 'run', 'joke_collector', 'joke_collector_task', 'scheduled__2023-04-10T00:28:00+00:00', '--job-id', '86', '--raw', '--subdir', 'DAGS_FOLDER/dag_joke_collector.py', '--cfg-path', '/tmp/tmpx3tqkov9']
[2023-04-11T16:07:11.775+0000] {standard_task_runner.py:83} INFO - Job 86: Subtask joke_collector_task
[2023-04-11T16:07:12.553+0000] {task_command.py:389} INFO - Running <TaskInstance: joke_collector.joke_collector_task scheduled__2023-04-10T00:28:00+00:00 [running]> on host f1c0c6d19818
[2023-04-11T16:07:13.610+0000] {taskinstance.py:1518} INFO - Exporting the following env vars:
AIRFLOW_CTX_DAG_EMAIL=***@example.com
AIRFLOW_CTX_DAG_OWNER=***
AIRFLOW_CTX_DAG_ID=joke_collector
AIRFLOW_CTX_TASK_ID=joke_collector_task
AIRFLOW_CTX_EXECUTION_DATE=2023-04-10T00:28:00+00:00
AIRFLOW_CTX_TRY_NUMBER=1
AIRFLOW_CTX_DAG_RUN_ID=scheduled__2023-04-10T00:28:00+00:00
[2023-04-11T16:07:13.665+0000] {process_utils.py:179} INFO - Executing cmd: /usr/local/bin/python -m virtualenv /tmp/venviggssq4x --system-site-packages
[2023-04-11T16:07:13.736+0000] {process_utils.py:183} INFO - Output:
