[2023-04-15T15:08:21.732+0000] {taskinstance.py:1090} INFO - Dependencies all met for dep_context=non-requeueable deps ti=<TaskInstance: joke_collector.joke_collector_task scheduled__2023-04-14T15:02:00+00:00 [queued]>
[2023-04-15T15:08:21.795+0000] {taskinstance.py:1090} INFO - Dependencies all met for dep_context=requeueable deps ti=<TaskInstance: joke_collector.joke_collector_task scheduled__2023-04-14T15:02:00+00:00 [queued]>
[2023-04-15T15:08:21.796+0000] {taskinstance.py:1288} INFO - 
--------------------------------------------------------------------------------
[2023-04-15T15:08:21.806+0000] {taskinstance.py:1289} INFO - Starting attempt 2 of 2
[2023-04-15T15:08:21.818+0000] {taskinstance.py:1290} INFO - 
--------------------------------------------------------------------------------
[2023-04-15T15:08:21.949+0000] {taskinstance.py:1309} INFO - Executing <Task(PythonVirtualenvOperator): joke_collector_task> on 2023-04-14 15:02:00+00:00
[2023-04-15T15:08:21.968+0000] {standard_task_runner.py:55} INFO - Started process 77 to run task
[2023-04-15T15:08:21.983+0000] {standard_task_runner.py:82} INFO - Running: ['***', 'tasks', 'run', 'joke_collector', 'joke_collector_task', 'scheduled__2023-04-14T15:02:00+00:00', '--job-id', '35', '--raw', '--subdir', 'DAGS_FOLDER/dag_joke_collector.py', '--cfg-path', '/tmp/tmpgk2fo_nh']
[2023-04-15T15:08:21.986+0000] {standard_task_runner.py:83} INFO - Job 35: Subtask joke_collector_task
[2023-04-15T15:08:22.299+0000] {task_command.py:389} INFO - Running <TaskInstance: joke_collector.joke_collector_task scheduled__2023-04-14T15:02:00+00:00 [running]> on host 694d4d55fcc1
[2023-04-15T15:08:22.678+0000] {taskinstance.py:1518} INFO - Exporting the following env vars:
AIRFLOW_CTX_DAG_EMAIL=***@example.com
AIRFLOW_CTX_DAG_OWNER=***
AIRFLOW_CTX_DAG_ID=joke_collector
AIRFLOW_CTX_TASK_ID=joke_collector_task
AIRFLOW_CTX_EXECUTION_DATE=2023-04-14T15:02:00+00:00
AIRFLOW_CTX_TRY_NUMBER=2
AIRFLOW_CTX_DAG_RUN_ID=scheduled__2023-04-14T15:02:00+00:00
[2023-04-15T15:08:22.684+0000] {process_utils.py:179} INFO - Executing cmd: /usr/local/bin/python -m virtualenv /tmp/venv1cpdd3k3 --system-site-packages
[2023-04-15T15:08:22.725+0000] {process_utils.py:183} INFO - Output:
[2023-04-15T15:08:37.481+0000] {process_utils.py:187} INFO - created virtual environment CPython3.7.16.final.0-64 in 10124ms
[2023-04-15T15:08:37.493+0000] {process_utils.py:187} INFO -   creator CPython3Posix(dest=/tmp/venv1cpdd3k3, clear=False, no_vcs_ignore=False, global=True)
[2023-04-15T15:08:37.496+0000] {process_utils.py:187} INFO -   seeder FromAppData(download=False, pip=bundle, setuptools=bundle, wheel=bundle, via=copy, app_data_dir=/home/***/.local/share/virtualenv)
[2023-04-15T15:08:37.508+0000] {process_utils.py:187} INFO -     added seed packages: pip==23.0.1, setuptools==67.4.0, wheel==0.38.4
[2023-04-15T15:08:37.512+0000] {process_utils.py:187} INFO -   activators BashActivator,CShellActivator,FishActivator,NushellActivator,PowerShellActivator,PythonActivator
[2023-04-15T15:08:37.721+0000] {process_utils.py:179} INFO - Executing cmd: /tmp/venv1cpdd3k3/bin/pip install -r /tmp/venv1cpdd3k3/requirements.txt
[2023-04-15T15:08:37.742+0000] {process_utils.py:183} INFO - Output:
