[2023-04-16T13:25:50.350+0000] {processor.py:153} INFO - Started process (PID=74) to work on /opt/airflow/dags/crypto.py
[2023-04-16T13:25:50.361+0000] {processor.py:743} INFO - Processing file /opt/airflow/dags/crypto.py for tasks to queue
[2023-04-16T13:25:50.413+0000] {logging_mixin.py:137} INFO - [2023-04-16T13:25:50.413+0000] {dagbag.py:532} INFO - Filling up the DagBag from /opt/airflow/dags/crypto.py
[2023-04-16T13:26:04.623+0000] {processor.py:753} INFO - DAG(s) dict_keys(['crypto_analysis']) retrieved from /opt/airflow/dags/crypto.py
[2023-04-16T13:26:04.907+0000] {logging_mixin.py:137} INFO - [2023-04-16T13:26:04.905+0000] {dag.py:2705} INFO - Sync 1 DAGs
[2023-04-16T13:26:05.120+0000] {logging_mixin.py:137} INFO - [2023-04-16T13:26:05.120+0000] {dag.py:3456} INFO - Setting next_dagrun for crypto_analysis to 2023-04-16T13:24:00+00:00, run_after=2023-04-16T13:26:00+00:00
[2023-04-16T13:26:05.235+0000] {processor.py:175} INFO - Processing /opt/airflow/dags/crypto.py took 14.959 seconds
[2023-04-16T13:26:35.804+0000] {processor.py:153} INFO - Started process (PID=90) to work on /opt/airflow/dags/crypto.py
[2023-04-16T13:26:35.810+0000] {processor.py:743} INFO - Processing file /opt/airflow/dags/crypto.py for tasks to queue
[2023-04-16T13:26:35.821+0000] {logging_mixin.py:137} INFO - [2023-04-16T13:26:35.821+0000] {dagbag.py:532} INFO - Filling up the DagBag from /opt/airflow/dags/crypto.py
[2023-04-16T13:26:43.054+0000] {processor.py:753} INFO - DAG(s) dict_keys(['crypto_analysis']) retrieved from /opt/airflow/dags/crypto.py
[2023-04-16T13:26:43.417+0000] {logging_mixin.py:137} INFO - [2023-04-16T13:26:43.412+0000] {dag.py:2705} INFO - Sync 1 DAGs
[2023-04-16T13:26:44.119+0000] {logging_mixin.py:137} INFO - [2023-04-16T13:26:44.119+0000] {dag.py:3456} INFO - Setting next_dagrun for crypto_analysis to 2023-04-16T13:24:00+00:00, run_after=2023-04-16T13:26:00+00:00
[2023-04-16T13:26:44.286+0000] {processor.py:175} INFO - Processing /opt/airflow/dags/crypto.py took 8.509 seconds
[2023-04-16T13:27:15.049+0000] {processor.py:153} INFO - Started process (PID=115) to work on /opt/airflow/dags/crypto.py
[2023-04-16T13:27:15.052+0000] {processor.py:743} INFO - Processing file /opt/airflow/dags/crypto.py for tasks to queue
[2023-04-16T13:27:15.055+0000] {logging_mixin.py:137} INFO - [2023-04-16T13:27:15.055+0000] {dagbag.py:532} INFO - Filling up the DagBag from /opt/airflow/dags/crypto.py
[2023-04-16T13:27:19.193+0000] {processor.py:753} INFO - DAG(s) dict_keys(['crypto_analysis']) retrieved from /opt/airflow/dags/crypto.py
[2023-04-16T13:27:19.280+0000] {logging_mixin.py:137} INFO - [2023-04-16T13:27:19.278+0000] {dag.py:2705} INFO - Sync 1 DAGs
[2023-04-16T13:27:19.402+0000] {logging_mixin.py:137} INFO - [2023-04-16T13:27:19.401+0000] {dag.py:3456} INFO - Setting next_dagrun for crypto_analysis to 2023-04-16T13:24:00+00:00, run_after=2023-04-16T13:26:00+00:00
[2023-04-16T13:27:19.465+0000] {processor.py:175} INFO - Processing /opt/airflow/dags/crypto.py took 4.426 seconds
[2023-04-16T13:27:49.787+0000] {processor.py:153} INFO - Started process (PID=126) to work on /opt/airflow/dags/crypto.py
[2023-04-16T13:27:49.790+0000] {processor.py:743} INFO - Processing file /opt/airflow/dags/crypto.py for tasks to queue
[2023-04-16T13:27:49.793+0000] {logging_mixin.py:137} INFO - [2023-04-16T13:27:49.792+0000] {dagbag.py:532} INFO - Filling up the DagBag from /opt/airflow/dags/crypto.py
[2023-04-16T13:27:58.613+0000] {processor.py:753} INFO - DAG(s) dict_keys(['crypto_analysis']) retrieved from /opt/airflow/dags/crypto.py
[2023-04-16T13:27:58.672+0000] {logging_mixin.py:137} INFO - [2023-04-16T13:27:58.671+0000] {dag.py:2705} INFO - Sync 1 DAGs
[2023-04-16T13:27:58.767+0000] {logging_mixin.py:137} INFO - [2023-04-16T13:27:58.766+0000] {dag.py:3456} INFO - Setting next_dagrun for crypto_analysis to 2023-04-16T13:24:00+00:00, run_after=2023-04-16T13:26:00+00:00
[2023-04-16T13:27:58.833+0000] {processor.py:175} INFO - Processing /opt/airflow/dags/crypto.py took 9.064 seconds
[2023-04-16T13:28:29.330+0000] {processor.py:153} INFO - Started process (PID=136) to work on /opt/airflow/dags/crypto.py
[2023-04-16T13:28:29.355+0000] {processor.py:743} INFO - Processing file /opt/airflow/dags/crypto.py for tasks to queue
[2023-04-16T13:28:29.386+0000] {logging_mixin.py:137} INFO - [2023-04-16T13:28:29.383+0000] {dagbag.py:532} INFO - Filling up the DagBag from /opt/airflow/dags/crypto.py
[2023-04-16T13:28:54.480+0000] {processor.py:753} INFO - DAG(s) dict_keys(['crypto_analysis']) retrieved from /opt/airflow/dags/crypto.py
[2023-04-16T13:28:54.607+0000] {logging_mixin.py:137} INFO - [2023-04-16T13:28:54.605+0000] {dag.py:2705} INFO - Sync 1 DAGs
[2023-04-16T13:28:54.753+0000] {logging_mixin.py:137} INFO - [2023-04-16T13:28:54.753+0000] {dag.py:3456} INFO - Setting next_dagrun for crypto_analysis to 2023-04-16T13:26:00+00:00, run_after=2023-04-16T13:28:00+00:00
[2023-04-16T13:28:54.836+0000] {processor.py:175} INFO - Processing /opt/airflow/dags/crypto.py took 25.544 seconds
[2023-04-16T13:29:25.403+0000] {processor.py:153} INFO - Started process (PID=153) to work on /opt/airflow/dags/crypto.py
[2023-04-16T13:29:25.457+0000] {processor.py:743} INFO - Processing file /opt/airflow/dags/crypto.py for tasks to queue
[2023-04-16T13:29:25.481+0000] {logging_mixin.py:137} INFO - [2023-04-16T13:29:25.480+0000] {dagbag.py:532} INFO - Filling up the DagBag from /opt/airflow/dags/crypto.py
[2023-04-16T13:29:55.832+0000] {logging_mixin.py:137} INFO - [2023-04-16T13:29:55.828+0000] {timeout.py:68} ERROR - Process timed out, PID: 153
[2023-04-16T13:29:55.952+0000] {logging_mixin.py:137} INFO - [2023-04-16T13:29:55.833+0000] {dagbag.py:341} ERROR - Failed to import: /opt/airflow/dags/crypto.py
Traceback (most recent call last):
  File "/home/airflow/.local/lib/python3.7/site-packages/airflow/models/dagbag.py", line 337, in parse
    loader.exec_module(new_module)
  File "<frozen importlib._bootstrap_external>", line 728, in exec_module
  File "<frozen importlib._bootstrap>", line 219, in _call_with_frames_removed
  File "/opt/airflow/dags/crypto.py", line 11, in <module>
    import matplotlib.pyplot as plt
  File "/home/airflow/.local/lib/python3.7/site-packages/matplotlib/pyplot.py", line 57, in <module>
    from matplotlib.figure import Figure, figaspect
  File "/home/airflow/.local/lib/python3.7/site-packages/matplotlib/figure.py", line 25, in <module>
    from matplotlib import _blocking_input, docstring, projections
  File "/home/airflow/.local/lib/python3.7/site-packages/matplotlib/projections/__init__.py", line 55, in <module>
    from .. import axes, docstring
  File "/home/airflow/.local/lib/python3.7/site-packages/matplotlib/axes/__init__.py", line 1, in <module>
    from ._subplots import *
  File "/home/airflow/.local/lib/python3.7/site-packages/matplotlib/axes/_subplots.py", line 3, in <module>
    from matplotlib.axes._axes import Axes
  File "/home/airflow/.local/lib/python3.7/site-packages/matplotlib/axes/_axes.py", line 31, in <module>
    import matplotlib.tri as mtri
  File "/home/airflow/.local/lib/python3.7/site-packages/matplotlib/tri/__init__.py", line 6, in <module>
    from .tricontour import *
  File "/home/airflow/.local/lib/python3.7/site-packages/matplotlib/tri/tricontour.py", line 256, in <module>
    @docstring.dedent_interpd
  File "/home/airflow/.local/lib/python3.7/site-packages/matplotlib/docstring.py", line 38, in __call__
    func.__doc__ = inspect.cleandoc(func.__doc__) % self.params
  File "/usr/local/lib/python3.7/inspect.py", line 626, in cleandoc
    content = len(line.lstrip())
  File "/home/airflow/.local/lib/python3.7/site-packages/airflow/utils/timeout.py", line 69, in handle_timeout
    raise AirflowTaskTimeout(self.error_message)
airflow.exceptions.AirflowTaskTimeout: DagBag import timeout for /opt/airflow/dags/crypto.py after 30.0s.
Please take a look at these docs to improve your DAG import time:
* https://airflow.apache.org/docs/apache-airflow/2.5.3/best-practices.html#top-level-python-code
* https://airflow.apache.org/docs/apache-airflow/2.5.3/best-practices.html#reducing-dag-complexity, PID: 153
[2023-04-16T13:29:55.958+0000] {processor.py:755} WARNING - No viable dags retrieved from /opt/airflow/dags/crypto.py
[2023-04-16T13:29:56.208+0000] {processor.py:175} INFO - Processing /opt/airflow/dags/crypto.py took 30.653 seconds
[2023-04-16T13:30:28.253+0000] {processor.py:153} INFO - Started process (PID=161) to work on /opt/airflow/dags/crypto.py
[2023-04-16T13:30:28.266+0000] {processor.py:743} INFO - Processing file /opt/airflow/dags/crypto.py for tasks to queue
[2023-04-16T13:30:28.269+0000] {logging_mixin.py:137} INFO - [2023-04-16T13:30:28.269+0000] {dagbag.py:532} INFO - Filling up the DagBag from /opt/airflow/dags/crypto.py
[2023-04-16T13:33:12.718+0000] {logging_mixin.py:137} INFO - [2023-04-16T13:31:22.884+0000] {timeout.py:68} ERROR - Process timed out, PID: 161
[2023-04-16T13:33:13.451+0000] {logging_mixin.py:137} INFO - [2023-04-16T13:33:12.927+0000] {dagbag.py:341} ERROR - Failed to import: /opt/airflow/dags/crypto.py
Traceback (most recent call last):
  File "<frozen importlib._bootstrap_external>", line 984, in set_data
  File "<frozen importlib._bootstrap_external>", line 112, in _write_atomic
PermissionError: [Errno 13] Permission denied: '/usr/local/lib/python3.7/wsgiref/__pycache__/util.cpython-37.pyc.139633659524144'

During handling of the above exception, another exception occurred:

Traceback (most recent call last):
  File "/home/airflow/.local/lib/python3.7/site-packages/airflow/models/dagbag.py", line 337, in parse
    loader.exec_module(new_module)
  File "<frozen importlib._bootstrap_external>", line 728, in exec_module
  File "<frozen importlib._bootstrap>", line 219, in _call_with_frames_removed
  File "/opt/airflow/dags/crypto.py", line 10, in <module>
    import ccxt
  File "/home/airflow/.local/lib/python3.7/site-packages/ccxt/__init__.py", line 29, in <module>
    from ccxt.base.exchange import Exchange                     # noqa: F401
  File "/home/airflow/.local/lib/python3.7/site-packages/ccxt/base/__init__.py", line 24, in <module>
    from ccxt.base import exchange
  File "/home/airflow/.local/lib/python3.7/site-packages/ccxt/base/exchange.py", line 90, in <module>
    from wsgiref.handlers import format_date_time
  File "/usr/local/lib/python3.7/wsgiref/handlers.py", line 3, in <module>
    from .util import FileWrapper, guess_scheme, is_hop_by_hop
  File "<frozen importlib._bootstrap>", line 983, in _find_and_load
  File "<frozen importlib._bootstrap>", line 967, in _find_and_load_unlocked
  File "<frozen importlib._bootstrap>", line 677, in _load_unlocked
  File "<frozen importlib._bootstrap_external>", line 724, in exec_module
  File "<frozen importlib._bootstrap_external>", line 872, in get_code
  File "<frozen importlib._bootstrap_external>", line 959, in _cache_bytecode
  File "<frozen importlib._bootstrap_external>", line 984, in set_data
  File "/home/airflow/.local/lib/python3.7/site-packages/airflow/utils/timeout.py", line 69, in handle_timeout
    raise AirflowTaskTimeout(self.error_message)
airflow.exceptions.AirflowTaskTimeout: DagBag import timeout for /opt/airflow/dags/crypto.py after 30.0s.
Please take a look at these docs to improve your DAG import time:
* https://airflow.apache.org/docs/apache-airflow/2.5.3/best-practices.html#top-level-python-code
* https://airflow.apache.org/docs/apache-airflow/2.5.3/best-practices.html#reducing-dag-complexity, PID: 161
[2023-04-16T13:33:13.697+0000] {processor.py:755} WARNING - No viable dags retrieved from /opt/airflow/dags/crypto.py
[2023-04-16T13:33:45.232+0000] {processor.py:153} INFO - Started process (PID=170) to work on /opt/airflow/dags/crypto.py
[2023-04-16T13:33:45.240+0000] {processor.py:743} INFO - Processing file /opt/airflow/dags/crypto.py for tasks to queue
[2023-04-16T13:33:45.250+0000] {logging_mixin.py:137} INFO - [2023-04-16T13:33:45.248+0000] {dagbag.py:532} INFO - Filling up the DagBag from /opt/airflow/dags/crypto.py
[2023-04-16T13:34:47.388+0000] {logging_mixin.py:137} INFO - [2023-04-16T13:34:47.369+0000] {timeout.py:68} ERROR - Process timed out, PID: 170
[2023-04-16T13:35:18.172+0000] {processor.py:153} INFO - Started process (PID=173) to work on /opt/airflow/dags/crypto.py
[2023-04-16T13:35:18.175+0000] {processor.py:743} INFO - Processing file /opt/airflow/dags/crypto.py for tasks to queue
[2023-04-16T13:35:18.191+0000] {logging_mixin.py:137} INFO - [2023-04-16T13:35:18.189+0000] {dagbag.py:532} INFO - Filling up the DagBag from /opt/airflow/dags/crypto.py
[2023-04-16T13:35:48.985+0000] {logging_mixin.py:137} INFO - [2023-04-16T13:35:48.863+0000] {timeout.py:68} ERROR - Process timed out, PID: 173
[2023-04-16T13:35:52.386+0000] {logging_mixin.py:137} INFO - [2023-04-16T13:35:49.413+0000] {dagbag.py:341} ERROR - Failed to import: /opt/airflow/dags/crypto.py
Traceback (most recent call last):
  File "/home/airflow/.local/lib/python3.7/site-packages/airflow/models/dagbag.py", line 337, in parse
    loader.exec_module(new_module)
  File "<frozen importlib._bootstrap_external>", line 728, in exec_module
  File "<frozen importlib._bootstrap>", line 219, in _call_with_frames_removed
  File "/opt/airflow/dags/crypto.py", line 12, in <module>
    import pandas as pd
  File "/home/airflow/.local/lib/python3.7/site-packages/pandas/__init__.py", line 22, in <module>
    from pandas.compat import (
  File "/home/airflow/.local/lib/python3.7/site-packages/pandas/compat/__init__.py", line 15, in <module>
    from pandas.compat.numpy import (
  File "/home/airflow/.local/lib/python3.7/site-packages/pandas/compat/numpy/__init__.py", line 7, in <module>
    from pandas.util.version import Version
  File "/home/airflow/.local/lib/python3.7/site-packages/pandas/util/__init__.py", line 1, in <module>
    from pandas.util._decorators import (  # noqa
  File "/home/airflow/.local/lib/python3.7/site-packages/pandas/util/_decorators.py", line 14, in <module>
    from pandas._libs.properties import cache_readonly  # noqa
  File "/home/airflow/.local/lib/python3.7/site-packages/pandas/_libs/__init__.py", line 13, in <module>
    from pandas._libs.interval import Interval
  File "pandas/_libs/interval.pyx", line 1, in init pandas._libs.interval
  File "pandas/_libs/hashtable.pyx", line 1, in init pandas._libs.hashtable
  File "pandas/_libs/missing.pyx", line 1, in init pandas._libs.missing
  File "/home/airflow/.local/lib/python3.7/site-packages/pandas/_libs/tslibs/__init__.py", line 31, in <module>
    from pandas._libs.tslibs.conversion import (
  File "pandas/_libs/tslibs/conversion.pyx", line 1, in init pandas._libs.tslibs.conversion
  File "pandas/_libs/tslibs/tzconversion.pyx", line 1, in init pandas._libs.tslibs.tzconversion
  File "<frozen importlib._bootstrap>", line 416, in parent
  File "/home/airflow/.local/lib/python3.7/site-packages/airflow/utils/timeout.py", line 69, in handle_timeout
    raise AirflowTaskTimeout(self.error_message)
airflow.exceptions.AirflowTaskTimeout: DagBag import timeout for /opt/airflow/dags/crypto.py after 30.0s.
Please take a look at these docs to improve your DAG import time:
* https://airflow.apache.org/docs/apache-airflow/2.5.3/best-practices.html#top-level-python-code
* https://airflow.apache.org/docs/apache-airflow/2.5.3/best-practices.html#reducing-dag-complexity, PID: 173
[2023-04-16T13:35:52.566+0000] {processor.py:755} WARNING - No viable dags retrieved from /opt/airflow/dags/crypto.py
[2023-04-16T13:36:02.866+0000] {processor.py:178} ERROR - Got an exception! Propagating...
Traceback (most recent call last):
  File "/home/airflow/.local/lib/python3.7/site-packages/sqlalchemy/engine/base.py", line 3361, in _wrap_pool_connect
    return fn()
  File "/home/airflow/.local/lib/python3.7/site-packages/sqlalchemy/pool/base.py", line 327, in connect
    return _ConnectionFairy._checkout(self)
  File "/home/airflow/.local/lib/python3.7/site-packages/sqlalchemy/pool/base.py", line 894, in _checkout
    fairy = _ConnectionRecord.checkout(pool)
  File "/home/airflow/.local/lib/python3.7/site-packages/sqlalchemy/pool/base.py", line 493, in checkout
    rec = pool._do_get()
  File "/home/airflow/.local/lib/python3.7/site-packages/sqlalchemy/pool/impl.py", line 146, in _do_get
    self._dec_overflow()
  File "/home/airflow/.local/lib/python3.7/site-packages/sqlalchemy/util/langhelpers.py", line 72, in __exit__
    with_traceback=exc_tb,
  File "/home/airflow/.local/lib/python3.7/site-packages/sqlalchemy/util/compat.py", line 211, in raise_
    raise exception
  File "/home/airflow/.local/lib/python3.7/site-packages/sqlalchemy/pool/impl.py", line 143, in _do_get
    return self._create_connection()
  File "/home/airflow/.local/lib/python3.7/site-packages/sqlalchemy/pool/base.py", line 273, in _create_connection
    return _ConnectionRecord(self)
  File "/home/airflow/.local/lib/python3.7/site-packages/sqlalchemy/pool/base.py", line 388, in __init__
    self.__connect()
  File "/home/airflow/.local/lib/python3.7/site-packages/sqlalchemy/pool/base.py", line 691, in __connect
    pool.logger.debug("Error on connect(): %s", e)
  File "/home/airflow/.local/lib/python3.7/site-packages/sqlalchemy/util/langhelpers.py", line 72, in __exit__
    with_traceback=exc_tb,
  File "/home/airflow/.local/lib/python3.7/site-packages/sqlalchemy/util/compat.py", line 211, in raise_
    raise exception
  File "/home/airflow/.local/lib/python3.7/site-packages/sqlalchemy/pool/base.py", line 686, in __connect
    self.dbapi_connection = connection = pool._invoke_creator(self)
  File "/home/airflow/.local/lib/python3.7/site-packages/sqlalchemy/engine/create.py", line 574, in connect
    return dialect.connect(*cargs, **cparams)
  File "/home/airflow/.local/lib/python3.7/site-packages/sqlalchemy/engine/default.py", line 598, in connect
    return self.dbapi.connect(*cargs, **cparams)
  File "/home/airflow/.local/lib/python3.7/site-packages/psycopg2/__init__.py", line 122, in connect
    conn = _connect(dsn, connection_factory=connection_factory, **kwasync)
psycopg2.OperationalError: could not translate host name "postgres" to address: Temporary failure in name resolution


The above exception was the direct cause of the following exception:

Traceback (most recent call last):
  File "/home/airflow/.local/lib/python3.7/site-packages/airflow/dag_processing/processor.py", line 174, in _run_file_processor
    _handle_dag_file_processing()
  File "/home/airflow/.local/lib/python3.7/site-packages/airflow/dag_processing/processor.py", line 158, in _handle_dag_file_processing
    callback_requests=callback_requests,
  File "/home/airflow/.local/lib/python3.7/site-packages/airflow/utils/session.py", line 75, in wrapper
    return func(*args, session=session, **kwargs)
  File "/home/airflow/.local/lib/python3.7/site-packages/airflow/dag_processing/processor.py", line 756, in process_file
    self.update_import_errors(session, dagbag)
  File "/home/airflow/.local/lib/python3.7/site-packages/airflow/dag_processing/processor.py", line 544, in update_import_errors
    existing_import_error_files = [x.filename for x in session.query(errors.ImportError.filename).all()]
  File "/home/airflow/.local/lib/python3.7/site-packages/sqlalchemy/orm/query.py", line 2773, in all
    return self._iter().all()
  File "/home/airflow/.local/lib/python3.7/site-packages/sqlalchemy/orm/query.py", line 2919, in _iter
    execution_options={"_sa_orm_load_options": self.load_options},
  File "/home/airflow/.local/lib/python3.7/site-packages/sqlalchemy/orm/session.py", line 1713, in execute
    conn = self._connection_for_bind(bind)
  File "/home/airflow/.local/lib/python3.7/site-packages/sqlalchemy/orm/session.py", line 1553, in _connection_for_bind
    engine, execution_options
  File "/home/airflow/.local/lib/python3.7/site-packages/sqlalchemy/orm/session.py", line 747, in _connection_for_bind
    conn = bind.connect()
  File "/home/airflow/.local/lib/python3.7/site-packages/sqlalchemy/engine/base.py", line 3315, in connect
    return self._connection_cls(self, close_with_result=close_with_result)
  File "/home/airflow/.local/lib/python3.7/site-packages/sqlalchemy/engine/base.py", line 96, in __init__
    else engine.raw_connection()
  File "/home/airflow/.local/lib/python3.7/site-packages/sqlalchemy/engine/base.py", line 3394, in raw_connection
    return self._wrap_pool_connect(self.pool.connect, _connection)
  File "/home/airflow/.local/lib/python3.7/site-packages/sqlalchemy/engine/base.py", line 3365, in _wrap_pool_connect
    e, dialect, self
  File "/home/airflow/.local/lib/python3.7/site-packages/sqlalchemy/engine/base.py", line 2199, in _handle_dbapi_exception_noconnection
    sqlalchemy_exception, with_traceback=exc_info[2], from_=e
  File "/home/airflow/.local/lib/python3.7/site-packages/sqlalchemy/util/compat.py", line 211, in raise_
    raise exception
  File "/home/airflow/.local/lib/python3.7/site-packages/sqlalchemy/engine/base.py", line 3361, in _wrap_pool_connect
    return fn()
  File "/home/airflow/.local/lib/python3.7/site-packages/sqlalchemy/pool/base.py", line 327, in connect
    return _ConnectionFairy._checkout(self)
  File "/home/airflow/.local/lib/python3.7/site-packages/sqlalchemy/pool/base.py", line 894, in _checkout
    fairy = _ConnectionRecord.checkout(pool)
  File "/home/airflow/.local/lib/python3.7/site-packages/sqlalchemy/pool/base.py", line 493, in checkout
    rec = pool._do_get()
  File "/home/airflow/.local/lib/python3.7/site-packages/sqlalchemy/pool/impl.py", line 146, in _do_get
    self._dec_overflow()
  File "/home/airflow/.local/lib/python3.7/site-packages/sqlalchemy/util/langhelpers.py", line 72, in __exit__
    with_traceback=exc_tb,
  File "/home/airflow/.local/lib/python3.7/site-packages/sqlalchemy/util/compat.py", line 211, in raise_
    raise exception
  File "/home/airflow/.local/lib/python3.7/site-packages/sqlalchemy/pool/impl.py", line 143, in _do_get
    return self._create_connection()
  File "/home/airflow/.local/lib/python3.7/site-packages/sqlalchemy/pool/base.py", line 273, in _create_connection
    return _ConnectionRecord(self)
  File "/home/airflow/.local/lib/python3.7/site-packages/sqlalchemy/pool/base.py", line 388, in __init__
    self.__connect()
  File "/home/airflow/.local/lib/python3.7/site-packages/sqlalchemy/pool/base.py", line 691, in __connect
    pool.logger.debug("Error on connect(): %s", e)
  File "/home/airflow/.local/lib/python3.7/site-packages/sqlalchemy/util/langhelpers.py", line 72, in __exit__
    with_traceback=exc_tb,
  File "/home/airflow/.local/lib/python3.7/site-packages/sqlalchemy/util/compat.py", line 211, in raise_
    raise exception
  File "/home/airflow/.local/lib/python3.7/site-packages/sqlalchemy/pool/base.py", line 686, in __connect
    self.dbapi_connection = connection = pool._invoke_creator(self)
  File "/home/airflow/.local/lib/python3.7/site-packages/sqlalchemy/engine/create.py", line 574, in connect
    return dialect.connect(*cargs, **cparams)
  File "/home/airflow/.local/lib/python3.7/site-packages/sqlalchemy/engine/default.py", line 598, in connect
    return self.dbapi.connect(*cargs, **cparams)
  File "/home/airflow/.local/lib/python3.7/site-packages/psycopg2/__init__.py", line 122, in connect
    conn = _connect(dsn, connection_factory=connection_factory, **kwasync)
sqlalchemy.exc.OperationalError: (psycopg2.OperationalError) could not translate host name "postgres" to address: Temporary failure in name resolution

(Background on this error at: https://sqlalche.me/e/14/e3q8)
[2023-04-16T13:36:39.278+0000] {processor.py:153} INFO - Started process (PID=182) to work on /opt/airflow/dags/crypto.py
[2023-04-16T13:36:39.291+0000] {processor.py:743} INFO - Processing file /opt/airflow/dags/crypto.py for tasks to queue
[2023-04-16T13:36:39.296+0000] {logging_mixin.py:137} INFO - [2023-04-16T13:36:39.295+0000] {dagbag.py:532} INFO - Filling up the DagBag from /opt/airflow/dags/crypto.py
[2023-04-16T13:37:09.325+0000] {logging_mixin.py:137} INFO - [2023-04-16T13:37:09.323+0000] {timeout.py:68} ERROR - Process timed out, PID: 182
[2023-04-16T13:37:09.394+0000] {logging_mixin.py:137} INFO - [2023-04-16T13:37:09.328+0000] {dagbag.py:341} ERROR - Failed to import: /opt/airflow/dags/crypto.py
Traceback (most recent call last):
  File "/home/airflow/.local/lib/python3.7/site-packages/airflow/models/dagbag.py", line 337, in parse
    loader.exec_module(new_module)
  File "<frozen importlib._bootstrap_external>", line 728, in exec_module
  File "<frozen importlib._bootstrap>", line 219, in _call_with_frames_removed
  File "/opt/airflow/dags/crypto.py", line 12, in <module>
    import pandas as pd
  File "/home/airflow/.local/lib/python3.7/site-packages/pandas/__init__.py", line 50, in <module>
    from pandas.core.api import (
  File "/home/airflow/.local/lib/python3.7/site-packages/pandas/core/api.py", line 48, in <module>
    from pandas.core.groupby import (
  File "/home/airflow/.local/lib/python3.7/site-packages/pandas/core/groupby/__init__.py", line 1, in <module>
    from pandas.core.groupby.generic import (
  File "/home/airflow/.local/lib/python3.7/site-packages/pandas/core/groupby/generic.py", line 76, in <module>
    from pandas.core.groupby.groupby import (
  File "/home/airflow/.local/lib/python3.7/site-packages/pandas/core/groupby/groupby.py", line 775, in <module>
    class GroupBy(BaseGroupBy[FrameOrSeries]):
  File "/home/airflow/.local/lib/python3.7/site-packages/pandas/core/groupby/groupby.py", line 1970, in GroupBy
    @doc(DataFrame.describe)
  File "/home/airflow/.local/lib/python3.7/site-packages/pandas/util/_decorators.py", line 391, in decorator
    for component in docstring_components
  File "/home/airflow/.local/lib/python3.7/site-packages/pandas/util/_decorators.py", line 391, in <genexpr>
    for component in docstring_components
  File "/usr/local/lib/python3.7/textwrap.py", line 438, in dedent
    elif indent.startswith(margin):
  File "/home/airflow/.local/lib/python3.7/site-packages/airflow/utils/timeout.py", line 69, in handle_timeout
    raise AirflowTaskTimeout(self.error_message)
airflow.exceptions.AirflowTaskTimeout: DagBag import timeout for /opt/airflow/dags/crypto.py after 30.0s.
Please take a look at these docs to improve your DAG import time:
* https://airflow.apache.org/docs/apache-airflow/2.5.3/best-practices.html#top-level-python-code
* https://airflow.apache.org/docs/apache-airflow/2.5.3/best-practices.html#reducing-dag-complexity, PID: 182
[2023-04-16T13:37:09.396+0000] {processor.py:755} WARNING - No viable dags retrieved from /opt/airflow/dags/crypto.py
[2023-04-16T13:37:09.513+0000] {processor.py:175} INFO - Processing /opt/airflow/dags/crypto.py took 30.274 seconds
[2023-04-16T13:37:39.835+0000] {processor.py:153} INFO - Started process (PID=199) to work on /opt/airflow/dags/crypto.py
[2023-04-16T13:37:39.843+0000] {processor.py:743} INFO - Processing file /opt/airflow/dags/crypto.py for tasks to queue
[2023-04-16T13:37:39.854+0000] {logging_mixin.py:137} INFO - [2023-04-16T13:37:39.854+0000] {dagbag.py:532} INFO - Filling up the DagBag from /opt/airflow/dags/crypto.py
[2023-04-16T13:37:58.136+0000] {processor.py:753} INFO - DAG(s) dict_keys(['crypto_analysis']) retrieved from /opt/airflow/dags/crypto.py
[2023-04-16T13:37:58.387+0000] {logging_mixin.py:137} INFO - [2023-04-16T13:37:58.385+0000] {dag.py:2705} INFO - Sync 1 DAGs
[2023-04-16T13:37:58.523+0000] {logging_mixin.py:137} INFO - [2023-04-16T13:37:58.522+0000] {dag.py:3456} INFO - Setting next_dagrun for crypto_analysis to 2023-04-16T13:34:00+00:00, run_after=2023-04-16T13:36:00+00:00
[2023-04-16T13:37:58.638+0000] {processor.py:175} INFO - Processing /opt/airflow/dags/crypto.py took 18.825 seconds
[2023-04-16T13:38:28.749+0000] {processor.py:153} INFO - Started process (PID=217) to work on /opt/airflow/dags/crypto.py
[2023-04-16T13:38:28.752+0000] {processor.py:743} INFO - Processing file /opt/airflow/dags/crypto.py for tasks to queue
[2023-04-16T13:38:28.762+0000] {logging_mixin.py:137} INFO - [2023-04-16T13:38:28.760+0000] {dagbag.py:532} INFO - Filling up the DagBag from /opt/airflow/dags/crypto.py
[2023-04-16T13:38:36.639+0000] {processor.py:753} INFO - DAG(s) dict_keys(['crypto_analysis']) retrieved from /opt/airflow/dags/crypto.py
[2023-04-16T13:38:36.704+0000] {logging_mixin.py:137} INFO - [2023-04-16T13:38:36.703+0000] {dag.py:2705} INFO - Sync 1 DAGs
[2023-04-16T13:38:36.798+0000] {logging_mixin.py:137} INFO - [2023-04-16T13:38:36.798+0000] {dag.py:3456} INFO - Setting next_dagrun for crypto_analysis to 2023-04-16T13:36:00+00:00, run_after=2023-04-16T13:38:00+00:00
[2023-04-16T13:38:36.856+0000] {processor.py:175} INFO - Processing /opt/airflow/dags/crypto.py took 8.120 seconds
[2023-04-16T13:39:07.621+0000] {processor.py:153} INFO - Started process (PID=228) to work on /opt/airflow/dags/crypto.py
[2023-04-16T13:39:07.625+0000] {processor.py:743} INFO - Processing file /opt/airflow/dags/crypto.py for tasks to queue
[2023-04-16T13:39:07.629+0000] {logging_mixin.py:137} INFO - [2023-04-16T13:39:07.629+0000] {dagbag.py:532} INFO - Filling up the DagBag from /opt/airflow/dags/crypto.py
[2023-04-16T13:39:13.057+0000] {processor.py:753} INFO - DAG(s) dict_keys(['crypto_analysis']) retrieved from /opt/airflow/dags/crypto.py
[2023-04-16T13:39:13.125+0000] {logging_mixin.py:137} INFO - [2023-04-16T13:39:13.124+0000] {dag.py:2705} INFO - Sync 1 DAGs
[2023-04-16T13:39:13.235+0000] {logging_mixin.py:137} INFO - [2023-04-16T13:39:13.235+0000] {dag.py:3456} INFO - Setting next_dagrun for crypto_analysis to 2023-04-16T13:36:00+00:00, run_after=2023-04-16T13:38:00+00:00
[2023-04-16T13:39:13.317+0000] {processor.py:175} INFO - Processing /opt/airflow/dags/crypto.py took 5.710 seconds
[2023-04-16T13:39:44.048+0000] {processor.py:153} INFO - Started process (PID=245) to work on /opt/airflow/dags/crypto.py
[2023-04-16T13:39:44.050+0000] {processor.py:743} INFO - Processing file /opt/airflow/dags/crypto.py for tasks to queue
[2023-04-16T13:39:44.053+0000] {logging_mixin.py:137} INFO - [2023-04-16T13:39:44.052+0000] {dagbag.py:532} INFO - Filling up the DagBag from /opt/airflow/dags/crypto.py
[2023-04-16T13:39:49.012+0000] {processor.py:753} INFO - DAG(s) dict_keys(['crypto_analysis']) retrieved from /opt/airflow/dags/crypto.py
[2023-04-16T13:39:49.121+0000] {logging_mixin.py:137} INFO - [2023-04-16T13:39:49.119+0000] {dag.py:2705} INFO - Sync 1 DAGs
[2023-04-16T13:39:49.267+0000] {logging_mixin.py:137} INFO - [2023-04-16T13:39:49.267+0000] {dag.py:3456} INFO - Setting next_dagrun for crypto_analysis to 2023-04-16T13:36:00+00:00, run_after=2023-04-16T13:38:00+00:00
[2023-04-16T13:39:49.368+0000] {processor.py:175} INFO - Processing /opt/airflow/dags/crypto.py took 5.332 seconds
[2023-04-16T13:40:20.163+0000] {processor.py:153} INFO - Started process (PID=255) to work on /opt/airflow/dags/crypto.py
[2023-04-16T13:40:20.167+0000] {processor.py:743} INFO - Processing file /opt/airflow/dags/crypto.py for tasks to queue
[2023-04-16T13:40:20.171+0000] {logging_mixin.py:137} INFO - [2023-04-16T13:40:20.170+0000] {dagbag.py:532} INFO - Filling up the DagBag from /opt/airflow/dags/crypto.py
[2023-04-16T13:40:25.012+0000] {processor.py:753} INFO - DAG(s) dict_keys(['crypto_analysis']) retrieved from /opt/airflow/dags/crypto.py
[2023-04-16T13:40:25.090+0000] {logging_mixin.py:137} INFO - [2023-04-16T13:40:25.089+0000] {dag.py:2705} INFO - Sync 1 DAGs
[2023-04-16T13:40:25.212+0000] {logging_mixin.py:137} INFO - [2023-04-16T13:40:25.212+0000] {dag.py:3456} INFO - Setting next_dagrun for crypto_analysis to 2023-04-16T13:38:00+00:00, run_after=2023-04-16T13:40:00+00:00
[2023-04-16T13:40:25.292+0000] {processor.py:175} INFO - Processing /opt/airflow/dags/crypto.py took 5.154 seconds
[2023-04-16T13:40:55.581+0000] {processor.py:153} INFO - Started process (PID=265) to work on /opt/airflow/dags/crypto.py
[2023-04-16T13:40:55.586+0000] {processor.py:743} INFO - Processing file /opt/airflow/dags/crypto.py for tasks to queue
[2023-04-16T13:40:55.594+0000] {logging_mixin.py:137} INFO - [2023-04-16T13:40:55.591+0000] {dagbag.py:532} INFO - Filling up the DagBag from /opt/airflow/dags/crypto.py
[2023-04-16T13:41:00.556+0000] {processor.py:753} INFO - DAG(s) dict_keys(['crypto_analysis']) retrieved from /opt/airflow/dags/crypto.py
[2023-04-16T13:41:00.661+0000] {logging_mixin.py:137} INFO - [2023-04-16T13:41:00.660+0000] {dag.py:2705} INFO - Sync 1 DAGs
[2023-04-16T13:41:00.811+0000] {logging_mixin.py:137} INFO - [2023-04-16T13:41:00.811+0000] {dag.py:3456} INFO - Setting next_dagrun for crypto_analysis to 2023-04-16T13:38:00+00:00, run_after=2023-04-16T13:40:00+00:00
[2023-04-16T13:41:00.906+0000] {processor.py:175} INFO - Processing /opt/airflow/dags/crypto.py took 5.357 seconds
[2023-04-16T13:41:31.588+0000] {processor.py:153} INFO - Started process (PID=275) to work on /opt/airflow/dags/crypto.py
[2023-04-16T13:41:31.593+0000] {processor.py:743} INFO - Processing file /opt/airflow/dags/crypto.py for tasks to queue
[2023-04-16T13:41:31.597+0000] {logging_mixin.py:137} INFO - [2023-04-16T13:41:31.597+0000] {dagbag.py:532} INFO - Filling up the DagBag from /opt/airflow/dags/crypto.py
[2023-04-16T13:41:38.076+0000] {processor.py:753} INFO - DAG(s) dict_keys(['crypto_analysis']) retrieved from /opt/airflow/dags/crypto.py
[2023-04-16T13:41:38.208+0000] {logging_mixin.py:137} INFO - [2023-04-16T13:41:38.207+0000] {dag.py:2705} INFO - Sync 1 DAGs
[2023-04-16T13:41:38.351+0000] {logging_mixin.py:137} INFO - [2023-04-16T13:41:38.351+0000] {dag.py:3456} INFO - Setting next_dagrun for crypto_analysis to 2023-04-16T13:38:00+00:00, run_after=2023-04-16T13:40:00+00:00
[2023-04-16T13:41:39.320+0000] {processor.py:175} INFO - Processing /opt/airflow/dags/crypto.py took 7.754 seconds
[2023-04-16T13:42:09.571+0000] {processor.py:153} INFO - Started process (PID=286) to work on /opt/airflow/dags/crypto.py
[2023-04-16T13:42:09.575+0000] {processor.py:743} INFO - Processing file /opt/airflow/dags/crypto.py for tasks to queue
[2023-04-16T13:42:09.578+0000] {logging_mixin.py:137} INFO - [2023-04-16T13:42:09.578+0000] {dagbag.py:532} INFO - Filling up the DagBag from /opt/airflow/dags/crypto.py
[2023-04-16T13:42:14.340+0000] {processor.py:753} INFO - DAG(s) dict_keys(['crypto_analysis']) retrieved from /opt/airflow/dags/crypto.py
[2023-04-16T13:42:14.502+0000] {logging_mixin.py:137} INFO - [2023-04-16T13:42:14.500+0000] {dag.py:2705} INFO - Sync 1 DAGs
[2023-04-16T13:42:14.633+0000] {logging_mixin.py:137} INFO - [2023-04-16T13:42:14.633+0000] {dag.py:3456} INFO - Setting next_dagrun for crypto_analysis to 2023-04-16T13:40:00+00:00, run_after=2023-04-16T13:42:00+00:00
[2023-04-16T13:42:14.697+0000] {processor.py:175} INFO - Processing /opt/airflow/dags/crypto.py took 5.143 seconds
[2023-04-16T13:42:45.335+0000] {processor.py:153} INFO - Started process (PID=304) to work on /opt/airflow/dags/crypto.py
[2023-04-16T13:42:45.339+0000] {processor.py:743} INFO - Processing file /opt/airflow/dags/crypto.py for tasks to queue
[2023-04-16T13:42:45.342+0000] {logging_mixin.py:137} INFO - [2023-04-16T13:42:45.342+0000] {dagbag.py:532} INFO - Filling up the DagBag from /opt/airflow/dags/crypto.py
[2023-04-16T13:42:50.538+0000] {processor.py:753} INFO - DAG(s) dict_keys(['crypto_analysis']) retrieved from /opt/airflow/dags/crypto.py
[2023-04-16T13:42:50.638+0000] {logging_mixin.py:137} INFO - [2023-04-16T13:42:50.637+0000] {dag.py:2705} INFO - Sync 1 DAGs
[2023-04-16T13:42:50.785+0000] {logging_mixin.py:137} INFO - [2023-04-16T13:42:50.785+0000] {dag.py:3456} INFO - Setting next_dagrun for crypto_analysis to 2023-04-16T13:40:00+00:00, run_after=2023-04-16T13:42:00+00:00
[2023-04-16T13:42:50.874+0000] {processor.py:175} INFO - Processing /opt/airflow/dags/crypto.py took 5.553 seconds
[2023-04-16T13:43:21.816+0000] {processor.py:153} INFO - Started process (PID=314) to work on /opt/airflow/dags/crypto.py
[2023-04-16T13:43:21.819+0000] {processor.py:743} INFO - Processing file /opt/airflow/dags/crypto.py for tasks to queue
[2023-04-16T13:43:21.824+0000] {logging_mixin.py:137} INFO - [2023-04-16T13:43:21.823+0000] {dagbag.py:532} INFO - Filling up the DagBag from /opt/airflow/dags/crypto.py
[2023-04-16T13:43:28.341+0000] {processor.py:753} INFO - DAG(s) dict_keys(['crypto_analysis']) retrieved from /opt/airflow/dags/crypto.py
[2023-04-16T13:43:28.402+0000] {logging_mixin.py:137} INFO - [2023-04-16T13:43:28.400+0000] {dag.py:2705} INFO - Sync 1 DAGs
[2023-04-16T13:43:28.498+0000] {logging_mixin.py:137} INFO - [2023-04-16T13:43:28.498+0000] {dag.py:3456} INFO - Setting next_dagrun for crypto_analysis to 2023-04-16T13:40:00+00:00, run_after=2023-04-16T13:42:00+00:00
[2023-04-16T13:43:28.558+0000] {processor.py:175} INFO - Processing /opt/airflow/dags/crypto.py took 6.769 seconds
[2023-04-16T13:43:58.834+0000] {processor.py:153} INFO - Started process (PID=324) to work on /opt/airflow/dags/crypto.py
[2023-04-16T13:43:58.836+0000] {processor.py:743} INFO - Processing file /opt/airflow/dags/crypto.py for tasks to queue
[2023-04-16T13:43:58.840+0000] {logging_mixin.py:137} INFO - [2023-04-16T13:43:58.839+0000] {dagbag.py:532} INFO - Filling up the DagBag from /opt/airflow/dags/crypto.py
[2023-04-16T13:44:05.773+0000] {processor.py:753} INFO - DAG(s) dict_keys(['crypto_analysis']) retrieved from /opt/airflow/dags/crypto.py
[2023-04-16T13:44:05.873+0000] {logging_mixin.py:137} INFO - [2023-04-16T13:44:05.872+0000] {dag.py:2705} INFO - Sync 1 DAGs
[2023-04-16T13:44:06.047+0000] {logging_mixin.py:137} INFO - [2023-04-16T13:44:06.046+0000] {dag.py:3456} INFO - Setting next_dagrun for crypto_analysis to 2023-04-16T13:42:00+00:00, run_after=2023-04-16T13:44:00+00:00
[2023-04-16T13:44:06.141+0000] {processor.py:175} INFO - Processing /opt/airflow/dags/crypto.py took 7.321 seconds
[2023-04-16T13:44:36.797+0000] {processor.py:153} INFO - Started process (PID=334) to work on /opt/airflow/dags/crypto.py
[2023-04-16T13:44:36.801+0000] {processor.py:743} INFO - Processing file /opt/airflow/dags/crypto.py for tasks to queue
[2023-04-16T13:44:36.809+0000] {logging_mixin.py:137} INFO - [2023-04-16T13:44:36.809+0000] {dagbag.py:532} INFO - Filling up the DagBag from /opt/airflow/dags/crypto.py
[2023-04-16T13:44:40.922+0000] {processor.py:753} INFO - DAG(s) dict_keys(['crypto_analysis']) retrieved from /opt/airflow/dags/crypto.py
[2023-04-16T13:44:41.044+0000] {logging_mixin.py:137} INFO - [2023-04-16T13:44:41.042+0000] {dag.py:2705} INFO - Sync 1 DAGs
[2023-04-16T13:44:41.189+0000] {logging_mixin.py:137} INFO - [2023-04-16T13:44:41.188+0000] {dag.py:3456} INFO - Setting next_dagrun for crypto_analysis to 2023-04-16T13:42:00+00:00, run_after=2023-04-16T13:44:00+00:00
[2023-04-16T13:44:41.257+0000] {processor.py:175} INFO - Processing /opt/airflow/dags/crypto.py took 4.473 seconds
[2023-04-16T13:45:12.197+0000] {processor.py:153} INFO - Started process (PID=344) to work on /opt/airflow/dags/crypto.py
[2023-04-16T13:45:12.202+0000] {processor.py:743} INFO - Processing file /opt/airflow/dags/crypto.py for tasks to queue
[2023-04-16T13:45:12.210+0000] {logging_mixin.py:137} INFO - [2023-04-16T13:45:12.209+0000] {dagbag.py:532} INFO - Filling up the DagBag from /opt/airflow/dags/crypto.py
[2023-04-16T13:45:16.478+0000] {processor.py:753} INFO - DAG(s) dict_keys(['crypto_analysis']) retrieved from /opt/airflow/dags/crypto.py
[2023-04-16T13:45:16.549+0000] {logging_mixin.py:137} INFO - [2023-04-16T13:45:16.548+0000] {dag.py:2705} INFO - Sync 1 DAGs
[2023-04-16T13:45:16.645+0000] {logging_mixin.py:137} INFO - [2023-04-16T13:45:16.645+0000] {dag.py:3456} INFO - Setting next_dagrun for crypto_analysis to 2023-04-16T13:42:00+00:00, run_after=2023-04-16T13:44:00+00:00
[2023-04-16T13:45:16.719+0000] {processor.py:175} INFO - Processing /opt/airflow/dags/crypto.py took 4.541 seconds
[2023-04-16T13:45:47.550+0000] {processor.py:153} INFO - Started process (PID=362) to work on /opt/airflow/dags/crypto.py
[2023-04-16T13:45:47.555+0000] {processor.py:743} INFO - Processing file /opt/airflow/dags/crypto.py for tasks to queue
[2023-04-16T13:45:47.559+0000] {logging_mixin.py:137} INFO - [2023-04-16T13:45:47.558+0000] {dagbag.py:532} INFO - Filling up the DagBag from /opt/airflow/dags/crypto.py
[2023-04-16T13:45:52.374+0000] {processor.py:753} INFO - DAG(s) dict_keys(['crypto_analysis']) retrieved from /opt/airflow/dags/crypto.py
[2023-04-16T13:45:52.453+0000] {logging_mixin.py:137} INFO - [2023-04-16T13:45:52.452+0000] {dag.py:2705} INFO - Sync 1 DAGs
[2023-04-16T13:45:52.569+0000] {logging_mixin.py:137} INFO - [2023-04-16T13:45:52.569+0000] {dag.py:3456} INFO - Setting next_dagrun for crypto_analysis to 2023-04-16T13:42:00+00:00, run_after=2023-04-16T13:44:00+00:00
[2023-04-16T13:45:52.640+0000] {processor.py:175} INFO - Processing /opt/airflow/dags/crypto.py took 5.112 seconds
[2023-04-16T13:46:22.818+0000] {processor.py:153} INFO - Started process (PID=372) to work on /opt/airflow/dags/crypto.py
[2023-04-16T13:46:22.822+0000] {processor.py:743} INFO - Processing file /opt/airflow/dags/crypto.py for tasks to queue
[2023-04-16T13:46:22.827+0000] {logging_mixin.py:137} INFO - [2023-04-16T13:46:22.826+0000] {dagbag.py:532} INFO - Filling up the DagBag from /opt/airflow/dags/crypto.py
[2023-04-16T13:46:27.542+0000] {processor.py:753} INFO - DAG(s) dict_keys(['crypto_analysis']) retrieved from /opt/airflow/dags/crypto.py
[2023-04-16T13:46:27.716+0000] {logging_mixin.py:137} INFO - [2023-04-16T13:46:27.713+0000] {dag.py:2705} INFO - Sync 1 DAGs
[2023-04-16T13:46:27.957+0000] {logging_mixin.py:137} INFO - [2023-04-16T13:46:27.955+0000] {dag.py:3456} INFO - Setting next_dagrun for crypto_analysis to 2023-04-16T13:44:00+00:00, run_after=2023-04-16T13:46:00+00:00
[2023-04-16T13:46:28.103+0000] {processor.py:175} INFO - Processing /opt/airflow/dags/crypto.py took 5.301 seconds
[2023-04-16T13:46:58.937+0000] {processor.py:153} INFO - Started process (PID=382) to work on /opt/airflow/dags/crypto.py
[2023-04-16T13:46:58.939+0000] {processor.py:743} INFO - Processing file /opt/airflow/dags/crypto.py for tasks to queue
[2023-04-16T13:46:58.941+0000] {logging_mixin.py:137} INFO - [2023-04-16T13:46:58.941+0000] {dagbag.py:532} INFO - Filling up the DagBag from /opt/airflow/dags/crypto.py
[2023-04-16T13:47:03.619+0000] {processor.py:753} INFO - DAG(s) dict_keys(['crypto_analysis']) retrieved from /opt/airflow/dags/crypto.py
[2023-04-16T13:47:03.715+0000] {logging_mixin.py:137} INFO - [2023-04-16T13:47:03.713+0000] {dag.py:2705} INFO - Sync 1 DAGs
[2023-04-16T13:47:03.832+0000] {logging_mixin.py:137} INFO - [2023-04-16T13:47:03.832+0000] {dag.py:3456} INFO - Setting next_dagrun for crypto_analysis to 2023-04-16T13:44:00+00:00, run_after=2023-04-16T13:46:00+00:00
[2023-04-16T13:47:03.969+0000] {processor.py:175} INFO - Processing /opt/airflow/dags/crypto.py took 5.046 seconds
[2023-04-16T13:47:34.259+0000] {processor.py:153} INFO - Started process (PID=392) to work on /opt/airflow/dags/crypto.py
[2023-04-16T13:47:34.262+0000] {processor.py:743} INFO - Processing file /opt/airflow/dags/crypto.py for tasks to queue
[2023-04-16T13:47:34.265+0000] {logging_mixin.py:137} INFO - [2023-04-16T13:47:34.265+0000] {dagbag.py:532} INFO - Filling up the DagBag from /opt/airflow/dags/crypto.py
[2023-04-16T13:47:39.339+0000] {processor.py:753} INFO - DAG(s) dict_keys(['crypto_analysis']) retrieved from /opt/airflow/dags/crypto.py
[2023-04-16T13:47:39.407+0000] {logging_mixin.py:137} INFO - [2023-04-16T13:47:39.405+0000] {dag.py:2705} INFO - Sync 1 DAGs
[2023-04-16T13:47:39.493+0000] {logging_mixin.py:137} INFO - [2023-04-16T13:47:39.492+0000] {dag.py:3456} INFO - Setting next_dagrun for crypto_analysis to 2023-04-16T13:44:00+00:00, run_after=2023-04-16T13:46:00+00:00
[2023-04-16T13:47:39.562+0000] {processor.py:175} INFO - Processing /opt/airflow/dags/crypto.py took 5.312 seconds
[2023-04-16T13:48:10.383+0000] {processor.py:153} INFO - Started process (PID=402) to work on /opt/airflow/dags/crypto.py
[2023-04-16T13:48:10.390+0000] {processor.py:743} INFO - Processing file /opt/airflow/dags/crypto.py for tasks to queue
[2023-04-16T13:48:10.398+0000] {logging_mixin.py:137} INFO - [2023-04-16T13:48:10.397+0000] {dagbag.py:532} INFO - Filling up the DagBag from /opt/airflow/dags/crypto.py
[2023-04-16T13:48:14.120+0000] {processor.py:753} INFO - DAG(s) dict_keys(['crypto_analysis']) retrieved from /opt/airflow/dags/crypto.py
[2023-04-16T13:48:14.198+0000] {logging_mixin.py:137} INFO - [2023-04-16T13:48:14.197+0000] {dag.py:2705} INFO - Sync 1 DAGs
[2023-04-16T13:48:14.299+0000] {logging_mixin.py:137} INFO - [2023-04-16T13:48:14.298+0000] {dag.py:3456} INFO - Setting next_dagrun for crypto_analysis to 2023-04-16T13:46:00+00:00, run_after=2023-04-16T13:48:00+00:00
[2023-04-16T13:48:14.357+0000] {processor.py:175} INFO - Processing /opt/airflow/dags/crypto.py took 4.002 seconds
[2023-04-16T13:48:44.923+0000] {processor.py:153} INFO - Started process (PID=412) to work on /opt/airflow/dags/crypto.py
[2023-04-16T13:48:44.928+0000] {processor.py:743} INFO - Processing file /opt/airflow/dags/crypto.py for tasks to queue
[2023-04-16T13:48:44.932+0000] {logging_mixin.py:137} INFO - [2023-04-16T13:48:44.931+0000] {dagbag.py:532} INFO - Filling up the DagBag from /opt/airflow/dags/crypto.py
[2023-04-16T13:48:47.567+0000] {processor.py:753} INFO - DAG(s) dict_keys(['crypto_analysis']) retrieved from /opt/airflow/dags/crypto.py
[2023-04-16T13:48:47.631+0000] {logging_mixin.py:137} INFO - [2023-04-16T13:48:47.630+0000] {dag.py:2705} INFO - Sync 1 DAGs
[2023-04-16T13:48:47.716+0000] {logging_mixin.py:137} INFO - [2023-04-16T13:48:47.716+0000] {dag.py:3456} INFO - Setting next_dagrun for crypto_analysis to 2023-04-16T13:46:00+00:00, run_after=2023-04-16T13:48:00+00:00
[2023-04-16T13:48:47.771+0000] {processor.py:175} INFO - Processing /opt/airflow/dags/crypto.py took 2.861 seconds
[2023-04-16T13:49:17.914+0000] {processor.py:153} INFO - Started process (PID=422) to work on /opt/airflow/dags/crypto.py
[2023-04-16T13:49:17.916+0000] {processor.py:743} INFO - Processing file /opt/airflow/dags/crypto.py for tasks to queue
[2023-04-16T13:49:17.918+0000] {logging_mixin.py:137} INFO - [2023-04-16T13:49:17.918+0000] {dagbag.py:532} INFO - Filling up the DagBag from /opt/airflow/dags/crypto.py
[2023-04-16T13:49:20.949+0000] {processor.py:753} INFO - DAG(s) dict_keys(['crypto_analysis']) retrieved from /opt/airflow/dags/crypto.py
[2023-04-16T13:49:21.007+0000] {logging_mixin.py:137} INFO - [2023-04-16T13:49:21.006+0000] {dag.py:2705} INFO - Sync 1 DAGs
[2023-04-16T13:49:21.083+0000] {logging_mixin.py:137} INFO - [2023-04-16T13:49:21.083+0000] {dag.py:3456} INFO - Setting next_dagrun for crypto_analysis to 2023-04-16T13:46:00+00:00, run_after=2023-04-16T13:48:00+00:00
[2023-04-16T13:49:21.138+0000] {processor.py:175} INFO - Processing /opt/airflow/dags/crypto.py took 3.232 seconds
[2023-04-16T13:49:51.505+0000] {processor.py:153} INFO - Started process (PID=440) to work on /opt/airflow/dags/crypto.py
[2023-04-16T13:49:51.518+0000] {processor.py:743} INFO - Processing file /opt/airflow/dags/crypto.py for tasks to queue
[2023-04-16T13:49:51.521+0000] {logging_mixin.py:137} INFO - [2023-04-16T13:49:51.521+0000] {dagbag.py:532} INFO - Filling up the DagBag from /opt/airflow/dags/crypto.py
[2023-04-16T13:49:57.872+0000] {processor.py:753} INFO - DAG(s) dict_keys(['crypto_analysis']) retrieved from /opt/airflow/dags/crypto.py
[2023-04-16T13:49:57.965+0000] {logging_mixin.py:137} INFO - [2023-04-16T13:49:57.963+0000] {dag.py:2705} INFO - Sync 1 DAGs
[2023-04-16T13:49:58.095+0000] {logging_mixin.py:137} INFO - [2023-04-16T13:49:58.095+0000] {dag.py:3456} INFO - Setting next_dagrun for crypto_analysis to 2023-04-16T13:46:00+00:00, run_after=2023-04-16T13:48:00+00:00
[2023-04-16T13:49:58.167+0000] {processor.py:175} INFO - Processing /opt/airflow/dags/crypto.py took 6.676 seconds
[2023-04-16T13:50:28.792+0000] {processor.py:153} INFO - Started process (PID=451) to work on /opt/airflow/dags/crypto.py
[2023-04-16T13:50:28.798+0000] {processor.py:743} INFO - Processing file /opt/airflow/dags/crypto.py for tasks to queue
[2023-04-16T13:50:28.801+0000] {logging_mixin.py:137} INFO - [2023-04-16T13:50:28.801+0000] {dagbag.py:532} INFO - Filling up the DagBag from /opt/airflow/dags/crypto.py
[2023-04-16T13:50:32.934+0000] {processor.py:753} INFO - DAG(s) dict_keys(['crypto_analysis']) retrieved from /opt/airflow/dags/crypto.py
[2023-04-16T13:50:33.002+0000] {logging_mixin.py:137} INFO - [2023-04-16T13:50:32.998+0000] {dag.py:2705} INFO - Sync 1 DAGs
[2023-04-16T13:50:33.106+0000] {logging_mixin.py:137} INFO - [2023-04-16T13:50:33.106+0000] {dag.py:3456} INFO - Setting next_dagrun for crypto_analysis to 2023-04-16T13:48:00+00:00, run_after=2023-04-16T13:50:00+00:00
[2023-04-16T13:50:33.179+0000] {processor.py:175} INFO - Processing /opt/airflow/dags/crypto.py took 4.403 seconds
[2023-04-16T13:51:03.926+0000] {processor.py:153} INFO - Started process (PID=461) to work on /opt/airflow/dags/crypto.py
[2023-04-16T13:51:03.934+0000] {processor.py:743} INFO - Processing file /opt/airflow/dags/crypto.py for tasks to queue
[2023-04-16T13:51:03.940+0000] {logging_mixin.py:137} INFO - [2023-04-16T13:51:03.939+0000] {dagbag.py:532} INFO - Filling up the DagBag from /opt/airflow/dags/crypto.py
[2023-04-16T13:51:08.697+0000] {processor.py:753} INFO - DAG(s) dict_keys(['crypto_analysis']) retrieved from /opt/airflow/dags/crypto.py
[2023-04-16T13:51:08.833+0000] {logging_mixin.py:137} INFO - [2023-04-16T13:51:08.832+0000] {dag.py:2705} INFO - Sync 1 DAGs
[2023-04-16T13:51:09.007+0000] {logging_mixin.py:137} INFO - [2023-04-16T13:51:09.005+0000] {dag.py:3456} INFO - Setting next_dagrun for crypto_analysis to 2023-04-16T13:48:00+00:00, run_after=2023-04-16T13:50:00+00:00
[2023-04-16T13:51:09.143+0000] {processor.py:175} INFO - Processing /opt/airflow/dags/crypto.py took 5.237 seconds
[2023-04-16T13:51:39.988+0000] {processor.py:153} INFO - Started process (PID=471) to work on /opt/airflow/dags/crypto.py
[2023-04-16T13:51:39.994+0000] {processor.py:743} INFO - Processing file /opt/airflow/dags/crypto.py for tasks to queue
[2023-04-16T13:51:40.001+0000] {logging_mixin.py:137} INFO - [2023-04-16T13:51:40.000+0000] {dagbag.py:532} INFO - Filling up the DagBag from /opt/airflow/dags/crypto.py
[2023-04-16T13:51:44.418+0000] {processor.py:753} INFO - DAG(s) dict_keys(['crypto_analysis']) retrieved from /opt/airflow/dags/crypto.py
[2023-04-16T13:51:44.493+0000] {logging_mixin.py:137} INFO - [2023-04-16T13:51:44.492+0000] {dag.py:2705} INFO - Sync 1 DAGs
[2023-04-16T13:51:44.584+0000] {logging_mixin.py:137} INFO - [2023-04-16T13:51:44.583+0000] {dag.py:3456} INFO - Setting next_dagrun for crypto_analysis to 2023-04-16T13:48:00+00:00, run_after=2023-04-16T13:50:00+00:00
[2023-04-16T13:51:44.650+0000] {processor.py:175} INFO - Processing /opt/airflow/dags/crypto.py took 4.691 seconds
[2023-04-16T13:52:14.840+0000] {processor.py:153} INFO - Started process (PID=481) to work on /opt/airflow/dags/crypto.py
[2023-04-16T13:52:14.843+0000] {processor.py:743} INFO - Processing file /opt/airflow/dags/crypto.py for tasks to queue
[2023-04-16T13:52:14.846+0000] {logging_mixin.py:137} INFO - [2023-04-16T13:52:14.845+0000] {dagbag.py:532} INFO - Filling up the DagBag from /opt/airflow/dags/crypto.py
[2023-04-16T13:52:22.372+0000] {processor.py:753} INFO - DAG(s) dict_keys(['crypto_analysis']) retrieved from /opt/airflow/dags/crypto.py
[2023-04-16T13:52:22.499+0000] {logging_mixin.py:137} INFO - [2023-04-16T13:52:22.495+0000] {dag.py:2705} INFO - Sync 1 DAGs
[2023-04-16T13:52:22.672+0000] {logging_mixin.py:137} INFO - [2023-04-16T13:52:22.671+0000] {dag.py:3456} INFO - Setting next_dagrun for crypto_analysis to 2023-04-16T13:50:00+00:00, run_after=2023-04-16T13:52:00+00:00
[2023-04-16T13:52:22.787+0000] {processor.py:175} INFO - Processing /opt/airflow/dags/crypto.py took 7.938 seconds
[2023-04-16T13:52:52.960+0000] {processor.py:153} INFO - Started process (PID=497) to work on /opt/airflow/dags/crypto.py
[2023-04-16T13:52:52.965+0000] {processor.py:743} INFO - Processing file /opt/airflow/dags/crypto.py for tasks to queue
[2023-04-16T13:52:52.968+0000] {logging_mixin.py:137} INFO - [2023-04-16T13:52:52.967+0000] {dagbag.py:532} INFO - Filling up the DagBag from /opt/airflow/dags/crypto.py
[2023-04-16T13:52:56.892+0000] {processor.py:753} INFO - DAG(s) dict_keys(['crypto_analysis']) retrieved from /opt/airflow/dags/crypto.py
[2023-04-16T13:52:56.961+0000] {logging_mixin.py:137} INFO - [2023-04-16T13:52:56.959+0000] {dag.py:2705} INFO - Sync 1 DAGs
[2023-04-16T13:52:57.053+0000] {logging_mixin.py:137} INFO - [2023-04-16T13:52:57.052+0000] {dag.py:3456} INFO - Setting next_dagrun for crypto_analysis to 2023-04-16T13:50:00+00:00, run_after=2023-04-16T13:52:00+00:00
[2023-04-16T13:52:57.120+0000] {processor.py:175} INFO - Processing /opt/airflow/dags/crypto.py took 4.168 seconds
[2023-04-16T13:53:28.018+0000] {processor.py:153} INFO - Started process (PID=507) to work on /opt/airflow/dags/crypto.py
[2023-04-16T13:53:28.022+0000] {processor.py:743} INFO - Processing file /opt/airflow/dags/crypto.py for tasks to queue
[2023-04-16T13:53:28.026+0000] {logging_mixin.py:137} INFO - [2023-04-16T13:53:28.025+0000] {dagbag.py:532} INFO - Filling up the DagBag from /opt/airflow/dags/crypto.py
[2023-04-16T13:53:32.418+0000] {processor.py:753} INFO - DAG(s) dict_keys(['crypto_analysis']) retrieved from /opt/airflow/dags/crypto.py
[2023-04-16T13:53:32.495+0000] {logging_mixin.py:137} INFO - [2023-04-16T13:53:32.494+0000] {dag.py:2705} INFO - Sync 1 DAGs
[2023-04-16T13:53:32.606+0000] {logging_mixin.py:137} INFO - [2023-04-16T13:53:32.606+0000] {dag.py:3456} INFO - Setting next_dagrun for crypto_analysis to 2023-04-16T13:50:00+00:00, run_after=2023-04-16T13:52:00+00:00
[2023-04-16T13:53:32.684+0000] {processor.py:175} INFO - Processing /opt/airflow/dags/crypto.py took 4.681 seconds
[2023-04-16T13:54:03.331+0000] {processor.py:153} INFO - Started process (PID=518) to work on /opt/airflow/dags/crypto.py
[2023-04-16T13:54:03.336+0000] {processor.py:743} INFO - Processing file /opt/airflow/dags/crypto.py for tasks to queue
[2023-04-16T13:54:03.339+0000] {logging_mixin.py:137} INFO - [2023-04-16T13:54:03.338+0000] {dagbag.py:532} INFO - Filling up the DagBag from /opt/airflow/dags/crypto.py
[2023-04-16T13:54:07.415+0000] {processor.py:753} INFO - DAG(s) dict_keys(['crypto_analysis']) retrieved from /opt/airflow/dags/crypto.py
[2023-04-16T13:54:07.484+0000] {logging_mixin.py:137} INFO - [2023-04-16T13:54:07.484+0000] {dag.py:2705} INFO - Sync 1 DAGs
[2023-04-16T13:54:07.556+0000] {logging_mixin.py:137} INFO - [2023-04-16T13:54:07.556+0000] {dag.py:3456} INFO - Setting next_dagrun for crypto_analysis to 2023-04-16T13:52:00+00:00, run_after=2023-04-16T13:54:00+00:00
[2023-04-16T13:54:07.604+0000] {processor.py:175} INFO - Processing /opt/airflow/dags/crypto.py took 4.286 seconds
[2023-04-16T13:54:38.222+0000] {processor.py:153} INFO - Started process (PID=528) to work on /opt/airflow/dags/crypto.py
[2023-04-16T13:54:38.225+0000] {processor.py:743} INFO - Processing file /opt/airflow/dags/crypto.py for tasks to queue
[2023-04-16T13:54:38.228+0000] {logging_mixin.py:137} INFO - [2023-04-16T13:54:38.227+0000] {dagbag.py:532} INFO - Filling up the DagBag from /opt/airflow/dags/crypto.py
[2023-04-16T13:54:42.739+0000] {processor.py:753} INFO - DAG(s) dict_keys(['crypto_analysis']) retrieved from /opt/airflow/dags/crypto.py
[2023-04-16T13:54:42.826+0000] {logging_mixin.py:137} INFO - [2023-04-16T13:54:42.824+0000] {dag.py:2705} INFO - Sync 1 DAGs
[2023-04-16T13:54:42.922+0000] {logging_mixin.py:137} INFO - [2023-04-16T13:54:42.921+0000] {dag.py:3456} INFO - Setting next_dagrun for crypto_analysis to 2023-04-16T13:52:00+00:00, run_after=2023-04-16T13:54:00+00:00
[2023-04-16T13:54:42.990+0000] {processor.py:175} INFO - Processing /opt/airflow/dags/crypto.py took 4.781 seconds
[2023-04-16T13:55:13.125+0000] {processor.py:153} INFO - Started process (PID=538) to work on /opt/airflow/dags/crypto.py
[2023-04-16T13:55:13.131+0000] {processor.py:743} INFO - Processing file /opt/airflow/dags/crypto.py for tasks to queue
[2023-04-16T13:55:13.134+0000] {logging_mixin.py:137} INFO - [2023-04-16T13:55:13.133+0000] {dagbag.py:532} INFO - Filling up the DagBag from /opt/airflow/dags/crypto.py
[2023-04-16T13:55:17.698+0000] {processor.py:753} INFO - DAG(s) dict_keys(['crypto_analysis']) retrieved from /opt/airflow/dags/crypto.py
[2023-04-16T13:55:17.776+0000] {logging_mixin.py:137} INFO - [2023-04-16T13:55:17.773+0000] {dag.py:2705} INFO - Sync 1 DAGs
[2023-04-16T13:55:17.861+0000] {logging_mixin.py:137} INFO - [2023-04-16T13:55:17.861+0000] {dag.py:3456} INFO - Setting next_dagrun for crypto_analysis to 2023-04-16T13:52:00+00:00, run_after=2023-04-16T13:54:00+00:00
[2023-04-16T13:55:17.921+0000] {processor.py:175} INFO - Processing /opt/airflow/dags/crypto.py took 4.810 seconds
[2023-04-16T13:55:48.029+0000] {processor.py:153} INFO - Started process (PID=549) to work on /opt/airflow/dags/crypto.py
[2023-04-16T13:55:48.033+0000] {processor.py:743} INFO - Processing file /opt/airflow/dags/crypto.py for tasks to queue
[2023-04-16T13:55:48.036+0000] {logging_mixin.py:137} INFO - [2023-04-16T13:55:48.036+0000] {dagbag.py:532} INFO - Filling up the DagBag from /opt/airflow/dags/crypto.py
[2023-04-16T13:55:52.268+0000] {processor.py:753} INFO - DAG(s) dict_keys(['crypto_analysis']) retrieved from /opt/airflow/dags/crypto.py
[2023-04-16T13:55:52.325+0000] {logging_mixin.py:137} INFO - [2023-04-16T13:55:52.324+0000] {dag.py:2705} INFO - Sync 1 DAGs
[2023-04-16T13:55:52.401+0000] {logging_mixin.py:137} INFO - [2023-04-16T13:55:52.401+0000] {dag.py:3456} INFO - Setting next_dagrun for crypto_analysis to 2023-04-16T13:52:00+00:00, run_after=2023-04-16T13:54:00+00:00
[2023-04-16T13:55:52.471+0000] {processor.py:175} INFO - Processing /opt/airflow/dags/crypto.py took 4.454 seconds
[2023-04-16T13:56:22.651+0000] {processor.py:153} INFO - Started process (PID=559) to work on /opt/airflow/dags/crypto.py
[2023-04-16T13:56:22.656+0000] {processor.py:743} INFO - Processing file /opt/airflow/dags/crypto.py for tasks to queue
[2023-04-16T13:56:22.660+0000] {logging_mixin.py:137} INFO - [2023-04-16T13:56:22.660+0000] {dagbag.py:532} INFO - Filling up the DagBag from /opt/airflow/dags/crypto.py
[2023-04-16T13:56:26.861+0000] {processor.py:753} INFO - DAG(s) dict_keys(['crypto_analysis']) retrieved from /opt/airflow/dags/crypto.py
[2023-04-16T13:56:26.939+0000] {logging_mixin.py:137} INFO - [2023-04-16T13:56:26.938+0000] {dag.py:2705} INFO - Sync 1 DAGs
[2023-04-16T13:56:27.019+0000] {logging_mixin.py:137} INFO - [2023-04-16T13:56:27.018+0000] {dag.py:3456} INFO - Setting next_dagrun for crypto_analysis to 2023-04-16T13:54:00+00:00, run_after=2023-04-16T13:56:00+00:00
[2023-04-16T13:56:27.098+0000] {processor.py:175} INFO - Processing /opt/airflow/dags/crypto.py took 4.469 seconds
[2023-04-16T13:56:57.860+0000] {processor.py:153} INFO - Started process (PID=576) to work on /opt/airflow/dags/crypto.py
[2023-04-16T13:56:57.866+0000] {processor.py:743} INFO - Processing file /opt/airflow/dags/crypto.py for tasks to queue
[2023-04-16T13:56:57.871+0000] {logging_mixin.py:137} INFO - [2023-04-16T13:56:57.870+0000] {dagbag.py:532} INFO - Filling up the DagBag from /opt/airflow/dags/crypto.py
[2023-04-16T13:57:03.647+0000] {processor.py:753} INFO - DAG(s) dict_keys(['crypto_analysis']) retrieved from /opt/airflow/dags/crypto.py
[2023-04-16T13:57:03.729+0000] {logging_mixin.py:137} INFO - [2023-04-16T13:57:03.727+0000] {dag.py:2705} INFO - Sync 1 DAGs
[2023-04-16T13:57:03.819+0000] {logging_mixin.py:137} INFO - [2023-04-16T13:57:03.819+0000] {dag.py:3456} INFO - Setting next_dagrun for crypto_analysis to 2023-04-16T13:54:00+00:00, run_after=2023-04-16T13:56:00+00:00
[2023-04-16T13:57:03.882+0000] {processor.py:175} INFO - Processing /opt/airflow/dags/crypto.py took 6.048 seconds
