[2023-04-16T13:25:50.301+0000] {processor.py:153} INFO - Started process (PID=73) to work on /opt/airflow/dags/dag_joke_collector.py
[2023-04-16T13:25:50.320+0000] {processor.py:743} INFO - Processing file /opt/airflow/dags/dag_joke_collector.py for tasks to queue
[2023-04-16T13:25:50.341+0000] {logging_mixin.py:137} INFO - [2023-04-16T13:25:50.341+0000] {dagbag.py:532} INFO - Filling up the DagBag from /opt/airflow/dags/dag_joke_collector.py
[2023-04-16T13:25:50.855+0000] {processor.py:753} INFO - DAG(s) dict_keys(['joke_collector']) retrieved from /opt/airflow/dags/dag_joke_collector.py
[2023-04-16T13:25:51.485+0000] {logging_mixin.py:137} INFO - [2023-04-16T13:25:51.484+0000] {dag.py:2705} INFO - Sync 1 DAGs
[2023-04-16T13:25:59.278+0000] {processor.py:175} INFO - Processing /opt/airflow/dags/dag_joke_collector.py took 9.068 seconds
[2023-04-16T13:26:01.069+0000] {processor.py:153} INFO - Started process (PID=80) to work on /opt/airflow/dags/dag_joke_collector.py
[2023-04-16T13:26:01.074+0000] {processor.py:743} INFO - Processing file /opt/airflow/dags/dag_joke_collector.py for tasks to queue
[2023-04-16T13:26:01.077+0000] {logging_mixin.py:137} INFO - [2023-04-16T13:26:01.076+0000] {dagbag.py:532} INFO - Filling up the DagBag from /opt/airflow/dags/dag_joke_collector.py
[2023-04-16T13:26:01.198+0000] {processor.py:753} INFO - DAG(s) dict_keys(['joke_collector']) retrieved from /opt/airflow/dags/dag_joke_collector.py
[2023-04-16T13:26:01.375+0000] {logging_mixin.py:137} INFO - [2023-04-16T13:26:01.374+0000] {taskinstance.py:1778} ERROR - {'DAG Id': 'joke_collector', 'Task Id': 'joke_collector_task', 'Run Id': 'scheduled__2023-04-14T15:17:00+00:00', 'Hostname': '09657e5e4ab9', 'External Executor Id': 'c8ebda91-d5d5-4339-9b44-fd56f6f653df'}
[2023-04-16T13:26:01.623+0000] {logging_mixin.py:137} INFO - [2023-04-16T13:26:01.623+0000] {taskinstance.py:1332} INFO - Marking task as UP_FOR_RETRY. dag_id=joke_collector, task_id=joke_collector_task, execution_date=20230414T151700, start_date=20230415T205353, end_date=20230416T132601
[2023-04-16T13:26:01.716+0000] {processor.py:713} INFO - Executed failure callback for <TaskInstance: joke_collector.joke_collector_task scheduled__2023-04-14T15:17:00+00:00 [up_for_retry]> in state up_for_retry
[2023-04-16T13:26:02.151+0000] {logging_mixin.py:137} INFO - [2023-04-16T13:26:02.150+0000] {dag.py:2705} INFO - Sync 1 DAGs
[2023-04-16T13:26:02.813+0000] {processor.py:175} INFO - Processing /opt/airflow/dags/dag_joke_collector.py took 1.757 seconds
[2023-04-16T13:26:02.924+0000] {processor.py:153} INFO - Started process (PID=81) to work on /opt/airflow/dags/dag_joke_collector.py
[2023-04-16T13:26:02.937+0000] {processor.py:743} INFO - Processing file /opt/airflow/dags/dag_joke_collector.py for tasks to queue
[2023-04-16T13:26:02.947+0000] {logging_mixin.py:137} INFO - [2023-04-16T13:26:02.946+0000] {dagbag.py:532} INFO - Filling up the DagBag from /opt/airflow/dags/dag_joke_collector.py
[2023-04-16T13:26:03.439+0000] {processor.py:753} INFO - DAG(s) dict_keys(['joke_collector']) retrieved from /opt/airflow/dags/dag_joke_collector.py
[2023-04-16T13:26:03.550+0000] {logging_mixin.py:137} INFO - [2023-04-16T13:26:03.549+0000] {taskinstance.py:1778} ERROR - {'DAG Id': 'joke_collector', 'Task Id': 'joke_collector_task', 'Run Id': 'scheduled__2023-04-14T15:18:00+00:00', 'Hostname': '09657e5e4ab9', 'External Executor Id': '1b828012-f48c-4ee0-bb8b-9b45ab056921'}
[2023-04-16T13:26:03.622+0000] {logging_mixin.py:137} INFO - [2023-04-16T13:26:03.622+0000] {taskinstance.py:1332} INFO - Marking task as UP_FOR_RETRY. dag_id=joke_collector, task_id=joke_collector_task, execution_date=20230414T151800, start_date=20230415T205354, end_date=20230416T132603
[2023-04-16T13:26:03.653+0000] {processor.py:713} INFO - Executed failure callback for <TaskInstance: joke_collector.joke_collector_task scheduled__2023-04-14T15:18:00+00:00 [up_for_retry]> in state up_for_retry
[2023-04-16T13:26:03.658+0000] {logging_mixin.py:137} INFO - [2023-04-16T13:26:03.658+0000] {taskinstance.py:1778} ERROR - {'DAG Id': 'joke_collector', 'Task Id': 'joke_collector_task', 'Run Id': 'scheduled__2023-04-14T15:19:00+00:00', 'Hostname': '09657e5e4ab9', 'External Executor Id': '19cf038e-3283-470b-9104-bd67bc941321'}
[2023-04-16T13:26:03.688+0000] {logging_mixin.py:137} INFO - [2023-04-16T13:26:03.687+0000] {taskinstance.py:1332} INFO - Marking task as UP_FOR_RETRY. dag_id=joke_collector, task_id=joke_collector_task, execution_date=20230414T151900, start_date=20230415T205354, end_date=20230416T132603
[2023-04-16T13:26:03.695+0000] {processor.py:713} INFO - Executed failure callback for <TaskInstance: joke_collector.joke_collector_task scheduled__2023-04-14T15:19:00+00:00 [up_for_retry]> in state up_for_retry
[2023-04-16T13:26:03.702+0000] {logging_mixin.py:137} INFO - [2023-04-16T13:26:03.702+0000] {taskinstance.py:1778} ERROR - {'DAG Id': 'joke_collector', 'Task Id': 'joke_collector_task', 'Run Id': 'scheduled__2023-04-14T15:20:00+00:00', 'Hostname': '09657e5e4ab9', 'External Executor Id': 'c0b343ba-7d28-45f8-983e-e7b7fb32684f'}
[2023-04-16T13:26:03.733+0000] {logging_mixin.py:137} INFO - [2023-04-16T13:26:03.732+0000] {taskinstance.py:1332} INFO - Marking task as UP_FOR_RETRY. dag_id=joke_collector, task_id=joke_collector_task, execution_date=20230414T152000, start_date=20230415T205355, end_date=20230416T132603
[2023-04-16T13:26:03.741+0000] {processor.py:713} INFO - Executed failure callback for <TaskInstance: joke_collector.joke_collector_task scheduled__2023-04-14T15:20:00+00:00 [up_for_retry]> in state up_for_retry
[2023-04-16T13:26:03.747+0000] {logging_mixin.py:137} INFO - [2023-04-16T13:26:03.747+0000] {taskinstance.py:1778} ERROR - {'DAG Id': 'joke_collector', 'Task Id': 'joke_collector_task', 'Run Id': 'scheduled__2023-04-15T15:00:00+00:00', 'Hostname': '09657e5e4ab9', 'External Executor Id': '3a4e0f8f-f66d-42e6-939c-c12ab4407a1b'}
[2023-04-16T13:26:03.781+0000] {logging_mixin.py:137} INFO - [2023-04-16T13:26:03.781+0000] {taskinstance.py:1332} INFO - Marking task as UP_FOR_RETRY. dag_id=joke_collector, task_id=joke_collector_task, execution_date=20230415T150000, start_date=20230415T205354, end_date=20230416T132603
[2023-04-16T13:26:03.789+0000] {processor.py:713} INFO - Executed failure callback for <TaskInstance: joke_collector.joke_collector_task scheduled__2023-04-15T15:00:00+00:00 [up_for_retry]> in state up_for_retry
[2023-04-16T13:26:03.804+0000] {logging_mixin.py:137} INFO - [2023-04-16T13:26:03.803+0000] {taskinstance.py:1778} ERROR - {'DAG Id': 'joke_collector', 'Task Id': 'joke_collector_task', 'Run Id': 'scheduled__2023-04-15T15:01:00+00:00', 'Hostname': '09657e5e4ab9', 'External Executor Id': '3d75ec65-7f81-403f-a53c-926b070b66cd'}
[2023-04-16T13:26:03.847+0000] {logging_mixin.py:137} INFO - [2023-04-16T13:26:03.847+0000] {taskinstance.py:1332} INFO - Marking task as UP_FOR_RETRY. dag_id=joke_collector, task_id=joke_collector_task, execution_date=20230415T150100, start_date=20230415T205355, end_date=20230416T132603
[2023-04-16T13:26:03.857+0000] {processor.py:713} INFO - Executed failure callback for <TaskInstance: joke_collector.joke_collector_task scheduled__2023-04-15T15:01:00+00:00 [up_for_retry]> in state up_for_retry
[2023-04-16T13:26:03.869+0000] {logging_mixin.py:137} INFO - [2023-04-16T13:26:03.869+0000] {taskinstance.py:1778} ERROR - {'DAG Id': 'joke_collector', 'Task Id': 'joke_collector_task', 'Run Id': 'scheduled__2023-04-15T15:02:00+00:00', 'Hostname': '09657e5e4ab9', 'External Executor Id': '4ef6de34-3fd3-46ce-a8b8-082a2587cec3'}
[2023-04-16T13:26:03.905+0000] {logging_mixin.py:137} INFO - [2023-04-16T13:26:03.905+0000] {taskinstance.py:1332} INFO - Marking task as UP_FOR_RETRY. dag_id=joke_collector, task_id=joke_collector_task, execution_date=20230415T150200, start_date=20230415T205404, end_date=20230416T132603
[2023-04-16T13:26:03.913+0000] {processor.py:713} INFO - Executed failure callback for <TaskInstance: joke_collector.joke_collector_task scheduled__2023-04-15T15:02:00+00:00 [up_for_retry]> in state up_for_retry
[2023-04-16T13:26:03.921+0000] {logging_mixin.py:137} INFO - [2023-04-16T13:26:03.921+0000] {taskinstance.py:1778} ERROR - {'DAG Id': 'joke_collector', 'Task Id': 'joke_collector_task', 'Run Id': 'scheduled__2023-04-15T15:03:00+00:00', 'Hostname': '09657e5e4ab9', 'External Executor Id': '9810daa6-bfbb-45b6-8da6-5bb8f9a465ae'}
[2023-04-16T13:26:03.951+0000] {logging_mixin.py:137} INFO - [2023-04-16T13:26:03.951+0000] {taskinstance.py:1332} INFO - Marking task as UP_FOR_RETRY. dag_id=joke_collector, task_id=joke_collector_task, execution_date=20230415T150300, start_date=20230415T205404, end_date=20230416T132603
[2023-04-16T13:26:03.958+0000] {processor.py:713} INFO - Executed failure callback for <TaskInstance: joke_collector.joke_collector_task scheduled__2023-04-15T15:03:00+00:00 [up_for_retry]> in state up_for_retry
[2023-04-16T13:26:04.428+0000] {logging_mixin.py:137} INFO - [2023-04-16T13:26:04.426+0000] {dag.py:2705} INFO - Sync 1 DAGs
[2023-04-16T13:26:04.796+0000] {processor.py:175} INFO - Processing /opt/airflow/dags/dag_joke_collector.py took 1.888 seconds
[2023-04-16T13:26:35.325+0000] {processor.py:153} INFO - Started process (PID=89) to work on /opt/airflow/dags/dag_joke_collector.py
[2023-04-16T13:26:35.328+0000] {processor.py:743} INFO - Processing file /opt/airflow/dags/dag_joke_collector.py for tasks to queue
[2023-04-16T13:26:35.333+0000] {logging_mixin.py:137} INFO - [2023-04-16T13:26:35.331+0000] {dagbag.py:532} INFO - Filling up the DagBag from /opt/airflow/dags/dag_joke_collector.py
[2023-04-16T13:26:35.467+0000] {processor.py:753} INFO - DAG(s) dict_keys(['joke_collector']) retrieved from /opt/airflow/dags/dag_joke_collector.py
[2023-04-16T13:26:35.574+0000] {logging_mixin.py:137} INFO - [2023-04-16T13:26:35.573+0000] {dag.py:2705} INFO - Sync 1 DAGs
[2023-04-16T13:26:35.858+0000] {processor.py:175} INFO - Processing /opt/airflow/dags/dag_joke_collector.py took 0.547 seconds
[2023-04-16T13:27:06.598+0000] {processor.py:153} INFO - Started process (PID=108) to work on /opt/airflow/dags/dag_joke_collector.py
[2023-04-16T13:27:06.602+0000] {processor.py:743} INFO - Processing file /opt/airflow/dags/dag_joke_collector.py for tasks to queue
[2023-04-16T13:27:06.606+0000] {logging_mixin.py:137} INFO - [2023-04-16T13:27:06.606+0000] {dagbag.py:532} INFO - Filling up the DagBag from /opt/airflow/dags/dag_joke_collector.py
[2023-04-16T13:27:06.757+0000] {processor.py:753} INFO - DAG(s) dict_keys(['joke_collector']) retrieved from /opt/airflow/dags/dag_joke_collector.py
[2023-04-16T13:27:06.869+0000] {logging_mixin.py:137} INFO - [2023-04-16T13:27:06.868+0000] {dag.py:2705} INFO - Sync 1 DAGs
[2023-04-16T13:27:07.050+0000] {processor.py:175} INFO - Processing /opt/airflow/dags/dag_joke_collector.py took 0.466 seconds
[2023-04-16T13:27:37.867+0000] {processor.py:153} INFO - Started process (PID=118) to work on /opt/airflow/dags/dag_joke_collector.py
[2023-04-16T13:27:37.883+0000] {processor.py:743} INFO - Processing file /opt/airflow/dags/dag_joke_collector.py for tasks to queue
[2023-04-16T13:27:37.893+0000] {logging_mixin.py:137} INFO - [2023-04-16T13:27:37.891+0000] {dagbag.py:532} INFO - Filling up the DagBag from /opt/airflow/dags/dag_joke_collector.py
[2023-04-16T13:27:38.040+0000] {processor.py:753} INFO - DAG(s) dict_keys(['joke_collector']) retrieved from /opt/airflow/dags/dag_joke_collector.py
[2023-04-16T13:27:38.167+0000] {logging_mixin.py:137} INFO - [2023-04-16T13:27:38.166+0000] {dag.py:2705} INFO - Sync 1 DAGs
[2023-04-16T13:27:38.487+0000] {processor.py:175} INFO - Processing /opt/airflow/dags/dag_joke_collector.py took 0.672 seconds
[2023-04-16T13:28:09.402+0000] {processor.py:153} INFO - Started process (PID=128) to work on /opt/airflow/dags/dag_joke_collector.py
[2023-04-16T13:28:09.411+0000] {processor.py:743} INFO - Processing file /opt/airflow/dags/dag_joke_collector.py for tasks to queue
[2023-04-16T13:28:09.420+0000] {logging_mixin.py:137} INFO - [2023-04-16T13:28:09.420+0000] {dagbag.py:532} INFO - Filling up the DagBag from /opt/airflow/dags/dag_joke_collector.py
[2023-04-16T13:28:09.777+0000] {processor.py:753} INFO - DAG(s) dict_keys(['joke_collector']) retrieved from /opt/airflow/dags/dag_joke_collector.py
[2023-04-16T13:28:10.284+0000] {logging_mixin.py:137} INFO - [2023-04-16T13:28:10.284+0000] {dag.py:2705} INFO - Sync 1 DAGs
[2023-04-16T13:28:10.666+0000] {processor.py:175} INFO - Processing /opt/airflow/dags/dag_joke_collector.py took 1.338 seconds
[2023-04-16T13:28:41.550+0000] {processor.py:153} INFO - Started process (PID=137) to work on /opt/airflow/dags/dag_joke_collector.py
[2023-04-16T13:28:41.565+0000] {processor.py:743} INFO - Processing file /opt/airflow/dags/dag_joke_collector.py for tasks to queue
[2023-04-16T13:28:41.588+0000] {logging_mixin.py:137} INFO - [2023-04-16T13:28:41.587+0000] {dagbag.py:532} INFO - Filling up the DagBag from /opt/airflow/dags/dag_joke_collector.py
[2023-04-16T13:28:42.852+0000] {processor.py:753} INFO - DAG(s) dict_keys(['joke_collector']) retrieved from /opt/airflow/dags/dag_joke_collector.py
[2023-04-16T13:28:43.744+0000] {logging_mixin.py:137} INFO - [2023-04-16T13:28:43.723+0000] {dag.py:2705} INFO - Sync 1 DAGs
[2023-04-16T13:28:44.527+0000] {processor.py:175} INFO - Processing /opt/airflow/dags/dag_joke_collector.py took 3.026 seconds
[2023-04-16T13:29:15.609+0000] {processor.py:153} INFO - Started process (PID=146) to work on /opt/airflow/dags/dag_joke_collector.py
[2023-04-16T13:29:15.767+0000] {processor.py:743} INFO - Processing file /opt/airflow/dags/dag_joke_collector.py for tasks to queue
[2023-04-16T13:29:15.861+0000] {logging_mixin.py:137} INFO - [2023-04-16T13:29:15.844+0000] {dagbag.py:532} INFO - Filling up the DagBag from /opt/airflow/dags/dag_joke_collector.py
[2023-04-16T13:29:21.539+0000] {processor.py:753} INFO - DAG(s) dict_keys(['joke_collector']) retrieved from /opt/airflow/dags/dag_joke_collector.py
[2023-04-16T13:29:27.845+0000] {logging_mixin.py:137} INFO - [2023-04-16T13:29:27.844+0000] {dag.py:2705} INFO - Sync 1 DAGs
[2023-04-16T13:29:31.767+0000] {processor.py:175} INFO - Processing /opt/airflow/dags/dag_joke_collector.py took 16.160 seconds
[2023-04-16T13:30:02.301+0000] {processor.py:153} INFO - Started process (PID=160) to work on /opt/airflow/dags/dag_joke_collector.py
[2023-04-16T13:30:02.313+0000] {processor.py:743} INFO - Processing file /opt/airflow/dags/dag_joke_collector.py for tasks to queue
[2023-04-16T13:30:02.318+0000] {logging_mixin.py:137} INFO - [2023-04-16T13:30:02.317+0000] {dagbag.py:532} INFO - Filling up the DagBag from /opt/airflow/dags/dag_joke_collector.py
[2023-04-16T13:30:02.749+0000] {processor.py:753} INFO - DAG(s) dict_keys(['joke_collector']) retrieved from /opt/airflow/dags/dag_joke_collector.py
[2023-04-16T13:30:02.993+0000] {logging_mixin.py:137} INFO - [2023-04-16T13:30:02.992+0000] {dag.py:2705} INFO - Sync 1 DAGs
[2023-04-16T13:30:03.364+0000] {processor.py:175} INFO - Processing /opt/airflow/dags/dag_joke_collector.py took 1.102 seconds
[2023-04-16T13:30:35.497+0000] {processor.py:153} INFO - Started process (PID=162) to work on /opt/airflow/dags/dag_joke_collector.py
[2023-04-16T13:30:38.187+0000] {processor.py:743} INFO - Processing file /opt/airflow/dags/dag_joke_collector.py for tasks to queue
[2023-04-16T13:30:38.267+0000] {logging_mixin.py:137} INFO - [2023-04-16T13:30:38.266+0000] {dagbag.py:532} INFO - Filling up the DagBag from /opt/airflow/dags/dag_joke_collector.py
[2023-04-16T13:33:12.815+0000] {logging_mixin.py:137} INFO - [2023-04-16T13:31:29.989+0000] {timeout.py:68} ERROR - Process timed out, PID: 162
[2023-04-16T13:33:13.449+0000] {logging_mixin.py:137} INFO - [2023-04-16T13:33:12.913+0000] {dagbag.py:341} ERROR - Failed to import: /opt/airflow/dags/dag_joke_collector.py
Traceback (most recent call last):
  File "/home/airflow/.local/lib/python3.7/site-packages/airflow/models/dagbag.py", line 337, in parse
    loader.exec_module(new_module)
  File "<frozen importlib._bootstrap_external>", line 728, in exec_module
  File "<frozen importlib._bootstrap>", line 219, in _call_with_frames_removed
  File "/opt/airflow/dags/dag_joke_collector.py", line 55, in <module>
    timetable=CronTriggerTimetable("0-20 15 * * *", timezone="UTC"),
  File "/home/airflow/.local/lib/python3.7/site-packages/airflow/timetables/trigger.py", line 50, in __init__
    super().__init__(cron, timezone)
  File "/home/airflow/.local/lib/python3.7/site-packages/airflow/timetables/_cron.py", line 66, in __init__
    if len(croniter(self._expression).expanded) > 5:
  File "/home/airflow/.local/lib/python3.7/site-packages/croniter/croniter.py", line 166, in __init__
    self.expanded, self.nth_weekday_of_month = self.expand(expr_format, hash_id=hash_id)
  File "/home/airflow/.local/lib/python3.7/site-packages/croniter/croniter.py", line 778, in expand
    return cls._expand(expr_format, hash_id=hash_id)
  File "/home/airflow/.local/lib/python3.7/site-packages/croniter/croniter.py", line 754, in _expand
    res = sorted(res, key=lambda i: "{:02}".format(i) if isinstance(i, int) else i)
  File "/home/airflow/.local/lib/python3.7/site-packages/croniter/croniter.py", line 754, in <lambda>
    res = sorted(res, key=lambda i: "{:02}".format(i) if isinstance(i, int) else i)
  File "/home/airflow/.local/lib/python3.7/site-packages/airflow/utils/timeout.py", line 69, in handle_timeout
    raise AirflowTaskTimeout(self.error_message)
airflow.exceptions.AirflowTaskTimeout: DagBag import timeout for /opt/airflow/dags/dag_joke_collector.py after 30.0s.
Please take a look at these docs to improve your DAG import time:
* https://airflow.apache.org/docs/apache-airflow/2.5.3/best-practices.html#top-level-python-code
* https://airflow.apache.org/docs/apache-airflow/2.5.3/best-practices.html#reducing-dag-complexity, PID: 162
[2023-04-16T13:33:13.701+0000] {processor.py:755} WARNING - No viable dags retrieved from /opt/airflow/dags/dag_joke_collector.py
[2023-04-16T13:33:45.230+0000] {processor.py:153} INFO - Started process (PID=169) to work on /opt/airflow/dags/dag_joke_collector.py
[2023-04-16T13:33:45.248+0000] {processor.py:743} INFO - Processing file /opt/airflow/dags/dag_joke_collector.py for tasks to queue
[2023-04-16T13:33:45.259+0000] {logging_mixin.py:137} INFO - [2023-04-16T13:33:45.258+0000] {dagbag.py:532} INFO - Filling up the DagBag from /opt/airflow/dags/dag_joke_collector.py
[2023-04-16T13:33:47.093+0000] {processor.py:753} INFO - DAG(s) dict_keys(['joke_collector']) retrieved from /opt/airflow/dags/dag_joke_collector.py
[2023-04-16T13:35:18.153+0000] {processor.py:153} INFO - Started process (PID=172) to work on /opt/airflow/dags/dag_joke_collector.py
[2023-04-16T13:35:18.161+0000] {processor.py:743} INFO - Processing file /opt/airflow/dags/dag_joke_collector.py for tasks to queue
[2023-04-16T13:35:18.190+0000] {logging_mixin.py:137} INFO - [2023-04-16T13:35:18.179+0000] {dagbag.py:532} INFO - Filling up the DagBag from /opt/airflow/dags/dag_joke_collector.py
[2023-04-16T13:35:19.515+0000] {processor.py:753} INFO - DAG(s) dict_keys(['joke_collector']) retrieved from /opt/airflow/dags/dag_joke_collector.py
[2023-04-16T13:35:21.201+0000] {logging_mixin.py:137} INFO - [2023-04-16T13:35:21.193+0000] {dag.py:2705} INFO - Sync 1 DAGs
[2023-04-16T13:35:22.052+0000] {processor.py:175} INFO - Processing /opt/airflow/dags/dag_joke_collector.py took 3.949 seconds
[2023-04-16T13:35:55.172+0000] {processor.py:153} INFO - Started process (PID=181) to work on /opt/airflow/dags/dag_joke_collector.py
[2023-04-16T13:35:55.466+0000] {processor.py:743} INFO - Processing file /opt/airflow/dags/dag_joke_collector.py for tasks to queue
[2023-04-16T13:35:55.933+0000] {logging_mixin.py:137} INFO - [2023-04-16T13:35:55.617+0000] {dagbag.py:532} INFO - Filling up the DagBag from /opt/airflow/dags/dag_joke_collector.py
[2023-04-16T13:36:11.203+0000] {processor.py:753} INFO - DAG(s) dict_keys(['joke_collector']) retrieved from /opt/airflow/dags/dag_joke_collector.py
[2023-04-16T13:36:13.211+0000] {logging_mixin.py:137} INFO - [2023-04-16T13:36:13.210+0000] {dag.py:2705} INFO - Sync 1 DAGs
[2023-04-16T13:36:15.550+0000] {processor.py:175} INFO - Processing /opt/airflow/dags/dag_joke_collector.py took 21.347 seconds
[2023-04-16T13:36:45.995+0000] {processor.py:153} INFO - Started process (PID=190) to work on /opt/airflow/dags/dag_joke_collector.py
[2023-04-16T13:36:46.016+0000] {processor.py:743} INFO - Processing file /opt/airflow/dags/dag_joke_collector.py for tasks to queue
[2023-04-16T13:36:46.041+0000] {logging_mixin.py:137} INFO - [2023-04-16T13:36:46.032+0000] {dagbag.py:532} INFO - Filling up the DagBag from /opt/airflow/dags/dag_joke_collector.py
[2023-04-16T13:36:46.632+0000] {processor.py:753} INFO - DAG(s) dict_keys(['joke_collector']) retrieved from /opt/airflow/dags/dag_joke_collector.py
[2023-04-16T13:36:47.232+0000] {logging_mixin.py:137} INFO - [2023-04-16T13:36:47.231+0000] {dag.py:2705} INFO - Sync 1 DAGs
[2023-04-16T13:36:48.027+0000] {logging_mixin.py:137} INFO - [2023-04-16T13:36:48.026+0000] {dag.py:3456} INFO - Setting next_dagrun for joke_collector to 2023-04-15T15:20:00+00:00, run_after=2023-04-15T15:20:00+00:00
[2023-04-16T13:36:48.450+0000] {processor.py:175} INFO - Processing /opt/airflow/dags/dag_joke_collector.py took 2.536 seconds
[2023-04-16T13:37:18.916+0000] {processor.py:153} INFO - Started process (PID=198) to work on /opt/airflow/dags/dag_joke_collector.py
[2023-04-16T13:37:18.919+0000] {processor.py:743} INFO - Processing file /opt/airflow/dags/dag_joke_collector.py for tasks to queue
[2023-04-16T13:37:18.929+0000] {logging_mixin.py:137} INFO - [2023-04-16T13:37:18.928+0000] {dagbag.py:532} INFO - Filling up the DagBag from /opt/airflow/dags/dag_joke_collector.py
[2023-04-16T13:37:19.551+0000] {processor.py:753} INFO - DAG(s) dict_keys(['joke_collector']) retrieved from /opt/airflow/dags/dag_joke_collector.py
[2023-04-16T13:37:19.812+0000] {logging_mixin.py:137} INFO - [2023-04-16T13:37:19.811+0000] {dag.py:2705} INFO - Sync 1 DAGs
[2023-04-16T13:37:20.163+0000] {logging_mixin.py:137} INFO - [2023-04-16T13:37:20.163+0000] {dag.py:3456} INFO - Setting next_dagrun for joke_collector to 2023-04-16T15:00:00+00:00, run_after=2023-04-16T15:00:00+00:00
[2023-04-16T13:37:20.346+0000] {processor.py:175} INFO - Processing /opt/airflow/dags/dag_joke_collector.py took 1.447 seconds
[2023-04-16T13:37:51.113+0000] {processor.py:153} INFO - Started process (PID=207) to work on /opt/airflow/dags/dag_joke_collector.py
[2023-04-16T13:37:51.124+0000] {processor.py:743} INFO - Processing file /opt/airflow/dags/dag_joke_collector.py for tasks to queue
[2023-04-16T13:37:51.128+0000] {logging_mixin.py:137} INFO - [2023-04-16T13:37:51.127+0000] {dagbag.py:532} INFO - Filling up the DagBag from /opt/airflow/dags/dag_joke_collector.py
[2023-04-16T13:37:51.404+0000] {processor.py:753} INFO - DAG(s) dict_keys(['joke_collector']) retrieved from /opt/airflow/dags/dag_joke_collector.py
[2023-04-16T13:37:52.784+0000] {logging_mixin.py:137} INFO - [2023-04-16T13:37:52.783+0000] {dag.py:2705} INFO - Sync 1 DAGs
[2023-04-16T13:37:52.951+0000] {logging_mixin.py:137} INFO - [2023-04-16T13:37:52.951+0000] {dag.py:3456} INFO - Setting next_dagrun for joke_collector to 2023-04-16T15:00:00+00:00, run_after=2023-04-16T15:00:00+00:00
[2023-04-16T13:37:57.855+0000] {processor.py:175} INFO - Processing /opt/airflow/dags/dag_joke_collector.py took 6.757 seconds
[2023-04-16T13:38:28.748+0000] {processor.py:153} INFO - Started process (PID=216) to work on /opt/airflow/dags/dag_joke_collector.py
[2023-04-16T13:38:28.751+0000] {processor.py:743} INFO - Processing file /opt/airflow/dags/dag_joke_collector.py for tasks to queue
[2023-04-16T13:38:28.763+0000] {logging_mixin.py:137} INFO - [2023-04-16T13:38:28.760+0000] {dagbag.py:532} INFO - Filling up the DagBag from /opt/airflow/dags/dag_joke_collector.py
[2023-04-16T13:38:28.933+0000] {processor.py:753} INFO - DAG(s) dict_keys(['joke_collector']) retrieved from /opt/airflow/dags/dag_joke_collector.py
[2023-04-16T13:38:29.119+0000] {logging_mixin.py:137} INFO - [2023-04-16T13:38:29.119+0000] {dag.py:2705} INFO - Sync 1 DAGs
[2023-04-16T13:38:29.382+0000] {logging_mixin.py:137} INFO - [2023-04-16T13:38:29.381+0000] {dag.py:3456} INFO - Setting next_dagrun for joke_collector to 2023-04-16T15:00:00+00:00, run_after=2023-04-16T15:00:00+00:00
[2023-04-16T13:38:29.595+0000] {processor.py:175} INFO - Processing /opt/airflow/dags/dag_joke_collector.py took 0.859 seconds
[2023-04-16T13:39:00.336+0000] {processor.py:153} INFO - Started process (PID=227) to work on /opt/airflow/dags/dag_joke_collector.py
[2023-04-16T13:39:00.338+0000] {processor.py:743} INFO - Processing file /opt/airflow/dags/dag_joke_collector.py for tasks to queue
[2023-04-16T13:39:00.339+0000] {logging_mixin.py:137} INFO - [2023-04-16T13:39:00.339+0000] {dagbag.py:532} INFO - Filling up the DagBag from /opt/airflow/dags/dag_joke_collector.py
[2023-04-16T13:39:00.439+0000] {processor.py:753} INFO - DAG(s) dict_keys(['joke_collector']) retrieved from /opt/airflow/dags/dag_joke_collector.py
[2023-04-16T13:39:00.513+0000] {logging_mixin.py:137} INFO - [2023-04-16T13:39:00.512+0000] {dag.py:2705} INFO - Sync 1 DAGs
[2023-04-16T13:39:00.602+0000] {logging_mixin.py:137} INFO - [2023-04-16T13:39:00.602+0000] {dag.py:3456} INFO - Setting next_dagrun for joke_collector to 2023-04-16T15:00:00+00:00, run_after=2023-04-16T15:00:00+00:00
[2023-04-16T13:39:00.663+0000] {processor.py:175} INFO - Processing /opt/airflow/dags/dag_joke_collector.py took 0.335 seconds
[2023-04-16T13:39:31.303+0000] {processor.py:153} INFO - Started process (PID=237) to work on /opt/airflow/dags/dag_joke_collector.py
[2023-04-16T13:39:31.307+0000] {processor.py:743} INFO - Processing file /opt/airflow/dags/dag_joke_collector.py for tasks to queue
[2023-04-16T13:39:31.309+0000] {logging_mixin.py:137} INFO - [2023-04-16T13:39:31.309+0000] {dagbag.py:532} INFO - Filling up the DagBag from /opt/airflow/dags/dag_joke_collector.py
[2023-04-16T13:39:31.409+0000] {processor.py:753} INFO - DAG(s) dict_keys(['joke_collector']) retrieved from /opt/airflow/dags/dag_joke_collector.py
[2023-04-16T13:39:31.495+0000] {logging_mixin.py:137} INFO - [2023-04-16T13:39:31.494+0000] {dag.py:2705} INFO - Sync 1 DAGs
[2023-04-16T13:39:31.628+0000] {logging_mixin.py:137} INFO - [2023-04-16T13:39:31.628+0000] {dag.py:3456} INFO - Setting next_dagrun for joke_collector to 2023-04-16T15:00:00+00:00, run_after=2023-04-16T15:00:00+00:00
[2023-04-16T13:39:31.695+0000] {processor.py:175} INFO - Processing /opt/airflow/dags/dag_joke_collector.py took 0.406 seconds
[2023-04-16T13:40:02.455+0000] {processor.py:153} INFO - Started process (PID=247) to work on /opt/airflow/dags/dag_joke_collector.py
[2023-04-16T13:40:02.460+0000] {processor.py:743} INFO - Processing file /opt/airflow/dags/dag_joke_collector.py for tasks to queue
[2023-04-16T13:40:02.463+0000] {logging_mixin.py:137} INFO - [2023-04-16T13:40:02.463+0000] {dagbag.py:532} INFO - Filling up the DagBag from /opt/airflow/dags/dag_joke_collector.py
[2023-04-16T13:40:02.585+0000] {processor.py:753} INFO - DAG(s) dict_keys(['joke_collector']) retrieved from /opt/airflow/dags/dag_joke_collector.py
[2023-04-16T13:40:02.666+0000] {logging_mixin.py:137} INFO - [2023-04-16T13:40:02.665+0000] {dag.py:2705} INFO - Sync 1 DAGs
[2023-04-16T13:40:02.785+0000] {logging_mixin.py:137} INFO - [2023-04-16T13:40:02.785+0000] {dag.py:3456} INFO - Setting next_dagrun for joke_collector to 2023-04-16T15:00:00+00:00, run_after=2023-04-16T15:00:00+00:00
[2023-04-16T13:40:02.871+0000] {processor.py:175} INFO - Processing /opt/airflow/dags/dag_joke_collector.py took 0.432 seconds
[2023-04-16T13:40:33.604+0000] {processor.py:153} INFO - Started process (PID=257) to work on /opt/airflow/dags/dag_joke_collector.py
[2023-04-16T13:40:33.606+0000] {processor.py:743} INFO - Processing file /opt/airflow/dags/dag_joke_collector.py for tasks to queue
[2023-04-16T13:40:33.612+0000] {logging_mixin.py:137} INFO - [2023-04-16T13:40:33.611+0000] {dagbag.py:532} INFO - Filling up the DagBag from /opt/airflow/dags/dag_joke_collector.py
[2023-04-16T13:40:33.720+0000] {processor.py:753} INFO - DAG(s) dict_keys(['joke_collector']) retrieved from /opt/airflow/dags/dag_joke_collector.py
[2023-04-16T13:40:33.801+0000] {logging_mixin.py:137} INFO - [2023-04-16T13:40:33.801+0000] {dag.py:2705} INFO - Sync 1 DAGs
[2023-04-16T13:40:33.917+0000] {logging_mixin.py:137} INFO - [2023-04-16T13:40:33.916+0000] {dag.py:3456} INFO - Setting next_dagrun for joke_collector to 2023-04-16T15:00:00+00:00, run_after=2023-04-16T15:00:00+00:00
[2023-04-16T13:40:34.024+0000] {processor.py:175} INFO - Processing /opt/airflow/dags/dag_joke_collector.py took 0.431 seconds
[2023-04-16T13:41:04.798+0000] {processor.py:153} INFO - Started process (PID=267) to work on /opt/airflow/dags/dag_joke_collector.py
[2023-04-16T13:41:04.802+0000] {processor.py:743} INFO - Processing file /opt/airflow/dags/dag_joke_collector.py for tasks to queue
[2023-04-16T13:41:04.805+0000] {logging_mixin.py:137} INFO - [2023-04-16T13:41:04.805+0000] {dagbag.py:532} INFO - Filling up the DagBag from /opt/airflow/dags/dag_joke_collector.py
[2023-04-16T13:41:04.950+0000] {processor.py:753} INFO - DAG(s) dict_keys(['joke_collector']) retrieved from /opt/airflow/dags/dag_joke_collector.py
[2023-04-16T13:41:05.085+0000] {logging_mixin.py:137} INFO - [2023-04-16T13:41:05.084+0000] {dag.py:2705} INFO - Sync 1 DAGs
[2023-04-16T13:41:05.183+0000] {logging_mixin.py:137} INFO - [2023-04-16T13:41:05.183+0000] {dag.py:3456} INFO - Setting next_dagrun for joke_collector to 2023-04-16T15:00:00+00:00, run_after=2023-04-16T15:00:00+00:00
[2023-04-16T13:41:05.272+0000] {processor.py:175} INFO - Processing /opt/airflow/dags/dag_joke_collector.py took 0.487 seconds
[2023-04-16T13:41:35.843+0000] {processor.py:153} INFO - Started process (PID=276) to work on /opt/airflow/dags/dag_joke_collector.py
[2023-04-16T13:41:35.870+0000] {processor.py:743} INFO - Processing file /opt/airflow/dags/dag_joke_collector.py for tasks to queue
[2023-04-16T13:41:35.897+0000] {logging_mixin.py:137} INFO - [2023-04-16T13:41:35.897+0000] {dagbag.py:532} INFO - Filling up the DagBag from /opt/airflow/dags/dag_joke_collector.py
[2023-04-16T13:41:36.170+0000] {processor.py:753} INFO - DAG(s) dict_keys(['joke_collector']) retrieved from /opt/airflow/dags/dag_joke_collector.py
[2023-04-16T13:41:36.341+0000] {logging_mixin.py:137} INFO - [2023-04-16T13:41:36.340+0000] {dag.py:2705} INFO - Sync 1 DAGs
[2023-04-16T13:41:36.657+0000] {logging_mixin.py:137} INFO - [2023-04-16T13:41:36.657+0000] {dag.py:3456} INFO - Setting next_dagrun for joke_collector to 2023-04-16T15:00:00+00:00, run_after=2023-04-16T15:00:00+00:00
[2023-04-16T13:41:36.805+0000] {processor.py:175} INFO - Processing /opt/airflow/dags/dag_joke_collector.py took 0.984 seconds
[2023-04-16T13:42:07.026+0000] {processor.py:153} INFO - Started process (PID=285) to work on /opt/airflow/dags/dag_joke_collector.py
[2023-04-16T13:42:07.028+0000] {processor.py:743} INFO - Processing file /opt/airflow/dags/dag_joke_collector.py for tasks to queue
[2023-04-16T13:42:07.031+0000] {logging_mixin.py:137} INFO - [2023-04-16T13:42:07.030+0000] {dagbag.py:532} INFO - Filling up the DagBag from /opt/airflow/dags/dag_joke_collector.py
[2023-04-16T13:42:07.156+0000] {processor.py:753} INFO - DAG(s) dict_keys(['joke_collector']) retrieved from /opt/airflow/dags/dag_joke_collector.py
[2023-04-16T13:42:07.244+0000] {logging_mixin.py:137} INFO - [2023-04-16T13:42:07.243+0000] {dag.py:2705} INFO - Sync 1 DAGs
[2023-04-16T13:42:07.353+0000] {logging_mixin.py:137} INFO - [2023-04-16T13:42:07.353+0000] {dag.py:3456} INFO - Setting next_dagrun for joke_collector to 2023-04-16T15:00:00+00:00, run_after=2023-04-16T15:00:00+00:00
[2023-04-16T13:42:07.426+0000] {processor.py:175} INFO - Processing /opt/airflow/dags/dag_joke_collector.py took 0.413 seconds
[2023-04-16T13:42:38.319+0000] {processor.py:153} INFO - Started process (PID=296) to work on /opt/airflow/dags/dag_joke_collector.py
[2023-04-16T13:42:38.326+0000] {processor.py:743} INFO - Processing file /opt/airflow/dags/dag_joke_collector.py for tasks to queue
[2023-04-16T13:42:38.331+0000] {logging_mixin.py:137} INFO - [2023-04-16T13:42:38.330+0000] {dagbag.py:532} INFO - Filling up the DagBag from /opt/airflow/dags/dag_joke_collector.py
[2023-04-16T13:42:38.518+0000] {processor.py:753} INFO - DAG(s) dict_keys(['joke_collector']) retrieved from /opt/airflow/dags/dag_joke_collector.py
[2023-04-16T13:42:38.684+0000] {logging_mixin.py:137} INFO - [2023-04-16T13:42:38.683+0000] {dag.py:2705} INFO - Sync 1 DAGs
[2023-04-16T13:42:38.933+0000] {logging_mixin.py:137} INFO - [2023-04-16T13:42:38.933+0000] {dag.py:3456} INFO - Setting next_dagrun for joke_collector to 2023-04-16T15:00:00+00:00, run_after=2023-04-16T15:00:00+00:00
[2023-04-16T13:42:39.090+0000] {processor.py:175} INFO - Processing /opt/airflow/dags/dag_joke_collector.py took 0.784 seconds
[2023-04-16T13:43:09.352+0000] {processor.py:153} INFO - Started process (PID=306) to work on /opt/airflow/dags/dag_joke_collector.py
[2023-04-16T13:43:09.356+0000] {processor.py:743} INFO - Processing file /opt/airflow/dags/dag_joke_collector.py for tasks to queue
[2023-04-16T13:43:09.361+0000] {logging_mixin.py:137} INFO - [2023-04-16T13:43:09.361+0000] {dagbag.py:532} INFO - Filling up the DagBag from /opt/airflow/dags/dag_joke_collector.py
[2023-04-16T13:43:09.464+0000] {processor.py:753} INFO - DAG(s) dict_keys(['joke_collector']) retrieved from /opt/airflow/dags/dag_joke_collector.py
[2023-04-16T13:43:09.530+0000] {logging_mixin.py:137} INFO - [2023-04-16T13:43:09.530+0000] {dag.py:2705} INFO - Sync 1 DAGs
[2023-04-16T13:43:09.609+0000] {logging_mixin.py:137} INFO - [2023-04-16T13:43:09.609+0000] {dag.py:3456} INFO - Setting next_dagrun for joke_collector to 2023-04-16T15:00:00+00:00, run_after=2023-04-16T15:00:00+00:00
[2023-04-16T13:43:09.677+0000] {processor.py:175} INFO - Processing /opt/airflow/dags/dag_joke_collector.py took 0.339 seconds
[2023-04-16T13:43:39.840+0000] {processor.py:153} INFO - Started process (PID=316) to work on /opt/airflow/dags/dag_joke_collector.py
[2023-04-16T13:43:39.842+0000] {processor.py:743} INFO - Processing file /opt/airflow/dags/dag_joke_collector.py for tasks to queue
[2023-04-16T13:43:39.846+0000] {logging_mixin.py:137} INFO - [2023-04-16T13:43:39.845+0000] {dagbag.py:532} INFO - Filling up the DagBag from /opt/airflow/dags/dag_joke_collector.py
[2023-04-16T13:43:39.933+0000] {processor.py:753} INFO - DAG(s) dict_keys(['joke_collector']) retrieved from /opt/airflow/dags/dag_joke_collector.py
[2023-04-16T13:43:39.998+0000] {logging_mixin.py:137} INFO - [2023-04-16T13:43:39.998+0000] {dag.py:2705} INFO - Sync 1 DAGs
[2023-04-16T13:43:40.118+0000] {logging_mixin.py:137} INFO - [2023-04-16T13:43:40.118+0000] {dag.py:3456} INFO - Setting next_dagrun for joke_collector to 2023-04-16T15:00:00+00:00, run_after=2023-04-16T15:00:00+00:00
[2023-04-16T13:43:40.199+0000] {processor.py:175} INFO - Processing /opt/airflow/dags/dag_joke_collector.py took 0.367 seconds
[2023-04-16T13:44:10.444+0000] {processor.py:153} INFO - Started process (PID=326) to work on /opt/airflow/dags/dag_joke_collector.py
[2023-04-16T13:44:10.450+0000] {processor.py:743} INFO - Processing file /opt/airflow/dags/dag_joke_collector.py for tasks to queue
[2023-04-16T13:44:10.456+0000] {logging_mixin.py:137} INFO - [2023-04-16T13:44:10.456+0000] {dagbag.py:532} INFO - Filling up the DagBag from /opt/airflow/dags/dag_joke_collector.py
[2023-04-16T13:44:10.714+0000] {processor.py:753} INFO - DAG(s) dict_keys(['joke_collector']) retrieved from /opt/airflow/dags/dag_joke_collector.py
[2023-04-16T13:44:10.901+0000] {logging_mixin.py:137} INFO - [2023-04-16T13:44:10.900+0000] {dag.py:2705} INFO - Sync 1 DAGs
[2023-04-16T13:44:11.152+0000] {logging_mixin.py:137} INFO - [2023-04-16T13:44:11.151+0000] {dag.py:3456} INFO - Setting next_dagrun for joke_collector to 2023-04-16T15:00:00+00:00, run_after=2023-04-16T15:00:00+00:00
[2023-04-16T13:44:11.325+0000] {processor.py:175} INFO - Processing /opt/airflow/dags/dag_joke_collector.py took 0.898 seconds
[2023-04-16T13:44:42.116+0000] {processor.py:153} INFO - Started process (PID=336) to work on /opt/airflow/dags/dag_joke_collector.py
[2023-04-16T13:44:42.119+0000] {processor.py:743} INFO - Processing file /opt/airflow/dags/dag_joke_collector.py for tasks to queue
[2023-04-16T13:44:42.122+0000] {logging_mixin.py:137} INFO - [2023-04-16T13:44:42.121+0000] {dagbag.py:532} INFO - Filling up the DagBag from /opt/airflow/dags/dag_joke_collector.py
[2023-04-16T13:44:42.231+0000] {processor.py:753} INFO - DAG(s) dict_keys(['joke_collector']) retrieved from /opt/airflow/dags/dag_joke_collector.py
[2023-04-16T13:44:42.309+0000] {logging_mixin.py:137} INFO - [2023-04-16T13:44:42.309+0000] {dag.py:2705} INFO - Sync 1 DAGs
[2023-04-16T13:44:42.404+0000] {logging_mixin.py:137} INFO - [2023-04-16T13:44:42.404+0000] {dag.py:3456} INFO - Setting next_dagrun for joke_collector to 2023-04-16T15:00:00+00:00, run_after=2023-04-16T15:00:00+00:00
[2023-04-16T13:44:42.476+0000] {processor.py:175} INFO - Processing /opt/airflow/dags/dag_joke_collector.py took 0.371 seconds
[2023-04-16T13:45:13.165+0000] {processor.py:153} INFO - Started process (PID=345) to work on /opt/airflow/dags/dag_joke_collector.py
[2023-04-16T13:45:13.169+0000] {processor.py:743} INFO - Processing file /opt/airflow/dags/dag_joke_collector.py for tasks to queue
[2023-04-16T13:45:13.172+0000] {logging_mixin.py:137} INFO - [2023-04-16T13:45:13.172+0000] {dagbag.py:532} INFO - Filling up the DagBag from /opt/airflow/dags/dag_joke_collector.py
[2023-04-16T13:45:13.268+0000] {processor.py:753} INFO - DAG(s) dict_keys(['joke_collector']) retrieved from /opt/airflow/dags/dag_joke_collector.py
[2023-04-16T13:45:13.378+0000] {logging_mixin.py:137} INFO - [2023-04-16T13:45:13.378+0000] {dag.py:2705} INFO - Sync 1 DAGs
[2023-04-16T13:45:13.470+0000] {logging_mixin.py:137} INFO - [2023-04-16T13:45:13.469+0000] {dag.py:3456} INFO - Setting next_dagrun for joke_collector to 2023-04-16T15:00:00+00:00, run_after=2023-04-16T15:00:00+00:00
[2023-04-16T13:45:13.533+0000] {processor.py:175} INFO - Processing /opt/airflow/dags/dag_joke_collector.py took 0.378 seconds
[2023-04-16T13:45:44.257+0000] {processor.py:153} INFO - Started process (PID=354) to work on /opt/airflow/dags/dag_joke_collector.py
[2023-04-16T13:45:44.260+0000] {processor.py:743} INFO - Processing file /opt/airflow/dags/dag_joke_collector.py for tasks to queue
[2023-04-16T13:45:44.263+0000] {logging_mixin.py:137} INFO - [2023-04-16T13:45:44.262+0000] {dagbag.py:532} INFO - Filling up the DagBag from /opt/airflow/dags/dag_joke_collector.py
[2023-04-16T13:45:44.372+0000] {processor.py:753} INFO - DAG(s) dict_keys(['joke_collector']) retrieved from /opt/airflow/dags/dag_joke_collector.py
[2023-04-16T13:45:44.439+0000] {logging_mixin.py:137} INFO - [2023-04-16T13:45:44.439+0000] {dag.py:2705} INFO - Sync 1 DAGs
[2023-04-16T13:45:44.529+0000] {logging_mixin.py:137} INFO - [2023-04-16T13:45:44.528+0000] {dag.py:3456} INFO - Setting next_dagrun for joke_collector to 2023-04-16T15:00:00+00:00, run_after=2023-04-16T15:00:00+00:00
[2023-04-16T13:45:44.620+0000] {processor.py:175} INFO - Processing /opt/airflow/dags/dag_joke_collector.py took 0.372 seconds
[2023-04-16T13:46:15.101+0000] {processor.py:153} INFO - Started process (PID=364) to work on /opt/airflow/dags/dag_joke_collector.py
[2023-04-16T13:46:15.108+0000] {processor.py:743} INFO - Processing file /opt/airflow/dags/dag_joke_collector.py for tasks to queue
[2023-04-16T13:46:15.115+0000] {logging_mixin.py:137} INFO - [2023-04-16T13:46:15.114+0000] {dagbag.py:532} INFO - Filling up the DagBag from /opt/airflow/dags/dag_joke_collector.py
[2023-04-16T13:46:15.279+0000] {processor.py:753} INFO - DAG(s) dict_keys(['joke_collector']) retrieved from /opt/airflow/dags/dag_joke_collector.py
[2023-04-16T13:46:15.361+0000] {logging_mixin.py:137} INFO - [2023-04-16T13:46:15.360+0000] {dag.py:2705} INFO - Sync 1 DAGs
[2023-04-16T13:46:15.459+0000] {logging_mixin.py:137} INFO - [2023-04-16T13:46:15.458+0000] {dag.py:3456} INFO - Setting next_dagrun for joke_collector to 2023-04-16T15:00:00+00:00, run_after=2023-04-16T15:00:00+00:00
[2023-04-16T13:46:15.533+0000] {processor.py:175} INFO - Processing /opt/airflow/dags/dag_joke_collector.py took 0.458 seconds
[2023-04-16T13:46:46.249+0000] {processor.py:153} INFO - Started process (PID=374) to work on /opt/airflow/dags/dag_joke_collector.py
[2023-04-16T13:46:46.252+0000] {processor.py:743} INFO - Processing file /opt/airflow/dags/dag_joke_collector.py for tasks to queue
[2023-04-16T13:46:46.254+0000] {logging_mixin.py:137} INFO - [2023-04-16T13:46:46.254+0000] {dagbag.py:532} INFO - Filling up the DagBag from /opt/airflow/dags/dag_joke_collector.py
[2023-04-16T13:46:46.341+0000] {processor.py:753} INFO - DAG(s) dict_keys(['joke_collector']) retrieved from /opt/airflow/dags/dag_joke_collector.py
[2023-04-16T13:46:46.413+0000] {logging_mixin.py:137} INFO - [2023-04-16T13:46:46.412+0000] {dag.py:2705} INFO - Sync 1 DAGs
[2023-04-16T13:46:46.523+0000] {logging_mixin.py:137} INFO - [2023-04-16T13:46:46.521+0000] {dag.py:3456} INFO - Setting next_dagrun for joke_collector to 2023-04-16T15:00:00+00:00, run_after=2023-04-16T15:00:00+00:00
[2023-04-16T13:46:46.599+0000] {processor.py:175} INFO - Processing /opt/airflow/dags/dag_joke_collector.py took 0.366 seconds
[2023-04-16T13:47:17.447+0000] {processor.py:153} INFO - Started process (PID=384) to work on /opt/airflow/dags/dag_joke_collector.py
[2023-04-16T13:47:17.451+0000] {processor.py:743} INFO - Processing file /opt/airflow/dags/dag_joke_collector.py for tasks to queue
[2023-04-16T13:47:17.454+0000] {logging_mixin.py:137} INFO - [2023-04-16T13:47:17.453+0000] {dagbag.py:532} INFO - Filling up the DagBag from /opt/airflow/dags/dag_joke_collector.py
[2023-04-16T13:47:17.553+0000] {processor.py:753} INFO - DAG(s) dict_keys(['joke_collector']) retrieved from /opt/airflow/dags/dag_joke_collector.py
[2023-04-16T13:47:17.630+0000] {logging_mixin.py:137} INFO - [2023-04-16T13:47:17.630+0000] {dag.py:2705} INFO - Sync 1 DAGs
[2023-04-16T13:47:17.728+0000] {logging_mixin.py:137} INFO - [2023-04-16T13:47:17.727+0000] {dag.py:3456} INFO - Setting next_dagrun for joke_collector to 2023-04-16T15:00:00+00:00, run_after=2023-04-16T15:00:00+00:00
[2023-04-16T13:47:17.798+0000] {processor.py:175} INFO - Processing /opt/airflow/dags/dag_joke_collector.py took 0.391 seconds
[2023-04-16T13:47:48.593+0000] {processor.py:153} INFO - Started process (PID=401) to work on /opt/airflow/dags/dag_joke_collector.py
[2023-04-16T13:47:48.597+0000] {processor.py:743} INFO - Processing file /opt/airflow/dags/dag_joke_collector.py for tasks to queue
[2023-04-16T13:47:48.602+0000] {logging_mixin.py:137} INFO - [2023-04-16T13:47:48.601+0000] {dagbag.py:532} INFO - Filling up the DagBag from /opt/airflow/dags/dag_joke_collector.py
[2023-04-16T13:47:48.744+0000] {processor.py:753} INFO - DAG(s) dict_keys(['joke_collector']) retrieved from /opt/airflow/dags/dag_joke_collector.py
[2023-04-16T13:47:48.844+0000] {logging_mixin.py:137} INFO - [2023-04-16T13:47:48.843+0000] {dag.py:2705} INFO - Sync 1 DAGs
[2023-04-16T13:47:48.940+0000] {logging_mixin.py:137} INFO - [2023-04-16T13:47:48.939+0000] {dag.py:3456} INFO - Setting next_dagrun for joke_collector to 2023-04-16T15:00:00+00:00, run_after=2023-04-16T15:00:00+00:00
[2023-04-16T13:47:49.014+0000] {processor.py:175} INFO - Processing /opt/airflow/dags/dag_joke_collector.py took 0.437 seconds
[2023-04-16T13:48:19.825+0000] {processor.py:153} INFO - Started process (PID=411) to work on /opt/airflow/dags/dag_joke_collector.py
[2023-04-16T13:48:19.830+0000] {processor.py:743} INFO - Processing file /opt/airflow/dags/dag_joke_collector.py for tasks to queue
[2023-04-16T13:48:19.837+0000] {logging_mixin.py:137} INFO - [2023-04-16T13:48:19.836+0000] {dagbag.py:532} INFO - Filling up the DagBag from /opt/airflow/dags/dag_joke_collector.py
[2023-04-16T13:48:20.022+0000] {processor.py:753} INFO - DAG(s) dict_keys(['joke_collector']) retrieved from /opt/airflow/dags/dag_joke_collector.py
[2023-04-16T13:48:20.157+0000] {logging_mixin.py:137} INFO - [2023-04-16T13:48:20.157+0000] {dag.py:2705} INFO - Sync 1 DAGs
[2023-04-16T13:48:20.310+0000] {logging_mixin.py:137} INFO - [2023-04-16T13:48:20.309+0000] {dag.py:3456} INFO - Setting next_dagrun for joke_collector to 2023-04-16T15:00:00+00:00, run_after=2023-04-16T15:00:00+00:00
[2023-04-16T13:48:20.404+0000] {processor.py:175} INFO - Processing /opt/airflow/dags/dag_joke_collector.py took 0.599 seconds
[2023-04-16T13:48:50.997+0000] {processor.py:153} INFO - Started process (PID=421) to work on /opt/airflow/dags/dag_joke_collector.py
[2023-04-16T13:48:51.004+0000] {processor.py:743} INFO - Processing file /opt/airflow/dags/dag_joke_collector.py for tasks to queue
[2023-04-16T13:48:51.009+0000] {logging_mixin.py:137} INFO - [2023-04-16T13:48:51.008+0000] {dagbag.py:532} INFO - Filling up the DagBag from /opt/airflow/dags/dag_joke_collector.py
[2023-04-16T13:48:51.230+0000] {processor.py:753} INFO - DAG(s) dict_keys(['joke_collector']) retrieved from /opt/airflow/dags/dag_joke_collector.py
[2023-04-16T13:48:51.386+0000] {logging_mixin.py:137} INFO - [2023-04-16T13:48:51.385+0000] {dag.py:2705} INFO - Sync 1 DAGs
[2023-04-16T13:48:51.509+0000] {logging_mixin.py:137} INFO - [2023-04-16T13:48:51.509+0000] {dag.py:3456} INFO - Setting next_dagrun for joke_collector to 2023-04-16T15:00:00+00:00, run_after=2023-04-16T15:00:00+00:00
[2023-04-16T13:48:51.566+0000] {processor.py:175} INFO - Processing /opt/airflow/dags/dag_joke_collector.py took 0.598 seconds
[2023-04-16T13:49:22.216+0000] {processor.py:153} INFO - Started process (PID=431) to work on /opt/airflow/dags/dag_joke_collector.py
[2023-04-16T13:49:22.221+0000] {processor.py:743} INFO - Processing file /opt/airflow/dags/dag_joke_collector.py for tasks to queue
[2023-04-16T13:49:22.225+0000] {logging_mixin.py:137} INFO - [2023-04-16T13:49:22.225+0000] {dagbag.py:532} INFO - Filling up the DagBag from /opt/airflow/dags/dag_joke_collector.py
[2023-04-16T13:49:22.390+0000] {processor.py:753} INFO - DAG(s) dict_keys(['joke_collector']) retrieved from /opt/airflow/dags/dag_joke_collector.py
[2023-04-16T13:49:22.515+0000] {logging_mixin.py:137} INFO - [2023-04-16T13:49:22.515+0000] {dag.py:2705} INFO - Sync 1 DAGs
[2023-04-16T13:49:22.666+0000] {logging_mixin.py:137} INFO - [2023-04-16T13:49:22.666+0000] {dag.py:3456} INFO - Setting next_dagrun for joke_collector to 2023-04-16T15:00:00+00:00, run_after=2023-04-16T15:00:00+00:00
[2023-04-16T13:49:22.781+0000] {processor.py:175} INFO - Processing /opt/airflow/dags/dag_joke_collector.py took 0.583 seconds
[2023-04-16T13:49:53.022+0000] {processor.py:153} INFO - Started process (PID=441) to work on /opt/airflow/dags/dag_joke_collector.py
[2023-04-16T13:49:53.028+0000] {processor.py:743} INFO - Processing file /opt/airflow/dags/dag_joke_collector.py for tasks to queue
[2023-04-16T13:49:53.032+0000] {logging_mixin.py:137} INFO - [2023-04-16T13:49:53.031+0000] {dagbag.py:532} INFO - Filling up the DagBag from /opt/airflow/dags/dag_joke_collector.py
[2023-04-16T13:49:53.164+0000] {processor.py:753} INFO - DAG(s) dict_keys(['joke_collector']) retrieved from /opt/airflow/dags/dag_joke_collector.py
[2023-04-16T13:49:53.268+0000] {logging_mixin.py:137} INFO - [2023-04-16T13:49:53.267+0000] {dag.py:2705} INFO - Sync 1 DAGs
[2023-04-16T13:49:53.392+0000] {logging_mixin.py:137} INFO - [2023-04-16T13:49:53.391+0000] {dag.py:3456} INFO - Setting next_dagrun for joke_collector to 2023-04-16T15:00:00+00:00, run_after=2023-04-16T15:00:00+00:00
[2023-04-16T13:49:53.598+0000] {processor.py:175} INFO - Processing /opt/airflow/dags/dag_joke_collector.py took 0.595 seconds
[2023-04-16T13:50:24.366+0000] {processor.py:153} INFO - Started process (PID=450) to work on /opt/airflow/dags/dag_joke_collector.py
[2023-04-16T13:50:24.369+0000] {processor.py:743} INFO - Processing file /opt/airflow/dags/dag_joke_collector.py for tasks to queue
[2023-04-16T13:50:24.372+0000] {logging_mixin.py:137} INFO - [2023-04-16T13:50:24.372+0000] {dagbag.py:532} INFO - Filling up the DagBag from /opt/airflow/dags/dag_joke_collector.py
[2023-04-16T13:50:24.476+0000] {processor.py:753} INFO - DAG(s) dict_keys(['joke_collector']) retrieved from /opt/airflow/dags/dag_joke_collector.py
[2023-04-16T13:50:24.543+0000] {logging_mixin.py:137} INFO - [2023-04-16T13:50:24.543+0000] {dag.py:2705} INFO - Sync 1 DAGs
[2023-04-16T13:50:24.620+0000] {logging_mixin.py:137} INFO - [2023-04-16T13:50:24.619+0000] {dag.py:3456} INFO - Setting next_dagrun for joke_collector to 2023-04-16T15:00:00+00:00, run_after=2023-04-16T15:00:00+00:00
[2023-04-16T13:50:24.719+0000] {processor.py:175} INFO - Processing /opt/airflow/dags/dag_joke_collector.py took 0.364 seconds
[2023-04-16T13:50:55.450+0000] {processor.py:153} INFO - Started process (PID=460) to work on /opt/airflow/dags/dag_joke_collector.py
[2023-04-16T13:50:55.455+0000] {processor.py:743} INFO - Processing file /opt/airflow/dags/dag_joke_collector.py for tasks to queue
[2023-04-16T13:50:55.458+0000] {logging_mixin.py:137} INFO - [2023-04-16T13:50:55.457+0000] {dagbag.py:532} INFO - Filling up the DagBag from /opt/airflow/dags/dag_joke_collector.py
[2023-04-16T13:50:55.585+0000] {processor.py:753} INFO - DAG(s) dict_keys(['joke_collector']) retrieved from /opt/airflow/dags/dag_joke_collector.py
[2023-04-16T13:50:55.705+0000] {logging_mixin.py:137} INFO - [2023-04-16T13:50:55.704+0000] {dag.py:2705} INFO - Sync 1 DAGs
[2023-04-16T13:50:55.851+0000] {logging_mixin.py:137} INFO - [2023-04-16T13:50:55.848+0000] {dag.py:3456} INFO - Setting next_dagrun for joke_collector to 2023-04-16T15:00:00+00:00, run_after=2023-04-16T15:00:00+00:00
[2023-04-16T13:50:56.008+0000] {processor.py:175} INFO - Processing /opt/airflow/dags/dag_joke_collector.py took 0.574 seconds
[2023-04-16T13:51:26.308+0000] {processor.py:153} INFO - Started process (PID=470) to work on /opt/airflow/dags/dag_joke_collector.py
[2023-04-16T13:51:26.310+0000] {processor.py:743} INFO - Processing file /opt/airflow/dags/dag_joke_collector.py for tasks to queue
[2023-04-16T13:51:26.313+0000] {logging_mixin.py:137} INFO - [2023-04-16T13:51:26.312+0000] {dagbag.py:532} INFO - Filling up the DagBag from /opt/airflow/dags/dag_joke_collector.py
[2023-04-16T13:51:26.454+0000] {processor.py:753} INFO - DAG(s) dict_keys(['joke_collector']) retrieved from /opt/airflow/dags/dag_joke_collector.py
[2023-04-16T13:51:26.548+0000] {logging_mixin.py:137} INFO - [2023-04-16T13:51:26.548+0000] {dag.py:2705} INFO - Sync 1 DAGs
[2023-04-16T13:51:26.664+0000] {logging_mixin.py:137} INFO - [2023-04-16T13:51:26.664+0000] {dag.py:3456} INFO - Setting next_dagrun for joke_collector to 2023-04-16T15:00:00+00:00, run_after=2023-04-16T15:00:00+00:00
[2023-04-16T13:51:26.795+0000] {processor.py:175} INFO - Processing /opt/airflow/dags/dag_joke_collector.py took 0.501 seconds
[2023-04-16T13:51:56.992+0000] {processor.py:153} INFO - Started process (PID=480) to work on /opt/airflow/dags/dag_joke_collector.py
[2023-04-16T13:51:56.995+0000] {processor.py:743} INFO - Processing file /opt/airflow/dags/dag_joke_collector.py for tasks to queue
[2023-04-16T13:51:56.997+0000] {logging_mixin.py:137} INFO - [2023-04-16T13:51:56.997+0000] {dagbag.py:532} INFO - Filling up the DagBag from /opt/airflow/dags/dag_joke_collector.py
[2023-04-16T13:51:57.101+0000] {processor.py:753} INFO - DAG(s) dict_keys(['joke_collector']) retrieved from /opt/airflow/dags/dag_joke_collector.py
[2023-04-16T13:51:57.185+0000] {logging_mixin.py:137} INFO - [2023-04-16T13:51:57.185+0000] {dag.py:2705} INFO - Sync 1 DAGs
[2023-04-16T13:51:57.293+0000] {logging_mixin.py:137} INFO - [2023-04-16T13:51:57.293+0000] {dag.py:3456} INFO - Setting next_dagrun for joke_collector to 2023-04-16T15:00:00+00:00, run_after=2023-04-16T15:00:00+00:00
[2023-04-16T13:51:57.372+0000] {processor.py:175} INFO - Processing /opt/airflow/dags/dag_joke_collector.py took 0.392 seconds
[2023-04-16T13:52:28.069+0000] {processor.py:153} INFO - Started process (PID=489) to work on /opt/airflow/dags/dag_joke_collector.py
[2023-04-16T13:52:28.077+0000] {processor.py:743} INFO - Processing file /opt/airflow/dags/dag_joke_collector.py for tasks to queue
[2023-04-16T13:52:28.087+0000] {logging_mixin.py:137} INFO - [2023-04-16T13:52:28.086+0000] {dagbag.py:532} INFO - Filling up the DagBag from /opt/airflow/dags/dag_joke_collector.py
[2023-04-16T13:52:28.192+0000] {processor.py:753} INFO - DAG(s) dict_keys(['joke_collector']) retrieved from /opt/airflow/dags/dag_joke_collector.py
[2023-04-16T13:52:28.259+0000] {logging_mixin.py:137} INFO - [2023-04-16T13:52:28.259+0000] {dag.py:2705} INFO - Sync 1 DAGs
[2023-04-16T13:52:28.346+0000] {logging_mixin.py:137} INFO - [2023-04-16T13:52:28.346+0000] {dag.py:3456} INFO - Setting next_dagrun for joke_collector to 2023-04-16T15:00:00+00:00, run_after=2023-04-16T15:00:00+00:00
[2023-04-16T13:52:28.420+0000] {processor.py:175} INFO - Processing /opt/airflow/dags/dag_joke_collector.py took 0.382 seconds
[2023-04-16T13:52:59.127+0000] {processor.py:153} INFO - Started process (PID=499) to work on /opt/airflow/dags/dag_joke_collector.py
[2023-04-16T13:52:59.131+0000] {processor.py:743} INFO - Processing file /opt/airflow/dags/dag_joke_collector.py for tasks to queue
[2023-04-16T13:52:59.134+0000] {logging_mixin.py:137} INFO - [2023-04-16T13:52:59.134+0000] {dagbag.py:532} INFO - Filling up the DagBag from /opt/airflow/dags/dag_joke_collector.py
[2023-04-16T13:52:59.234+0000] {processor.py:753} INFO - DAG(s) dict_keys(['joke_collector']) retrieved from /opt/airflow/dags/dag_joke_collector.py
[2023-04-16T13:52:59.317+0000] {logging_mixin.py:137} INFO - [2023-04-16T13:52:59.316+0000] {dag.py:2705} INFO - Sync 1 DAGs
[2023-04-16T13:52:59.429+0000] {logging_mixin.py:137} INFO - [2023-04-16T13:52:59.428+0000] {dag.py:3456} INFO - Setting next_dagrun for joke_collector to 2023-04-16T15:00:00+00:00, run_after=2023-04-16T15:00:00+00:00
[2023-04-16T13:52:59.514+0000] {processor.py:175} INFO - Processing /opt/airflow/dags/dag_joke_collector.py took 0.401 seconds
[2023-04-16T13:53:30.047+0000] {processor.py:153} INFO - Started process (PID=508) to work on /opt/airflow/dags/dag_joke_collector.py
[2023-04-16T13:53:30.050+0000] {processor.py:743} INFO - Processing file /opt/airflow/dags/dag_joke_collector.py for tasks to queue
[2023-04-16T13:53:30.052+0000] {logging_mixin.py:137} INFO - [2023-04-16T13:53:30.052+0000] {dagbag.py:532} INFO - Filling up the DagBag from /opt/airflow/dags/dag_joke_collector.py
[2023-04-16T13:53:30.144+0000] {processor.py:753} INFO - DAG(s) dict_keys(['joke_collector']) retrieved from /opt/airflow/dags/dag_joke_collector.py
[2023-04-16T13:53:30.224+0000] {logging_mixin.py:137} INFO - [2023-04-16T13:53:30.224+0000] {dag.py:2705} INFO - Sync 1 DAGs
[2023-04-16T13:53:30.329+0000] {logging_mixin.py:137} INFO - [2023-04-16T13:53:30.329+0000] {dag.py:3456} INFO - Setting next_dagrun for joke_collector to 2023-04-16T15:00:00+00:00, run_after=2023-04-16T15:00:00+00:00
[2023-04-16T13:53:30.391+0000] {processor.py:175} INFO - Processing /opt/airflow/dags/dag_joke_collector.py took 0.361 seconds
[2023-04-16T13:54:00.997+0000] {processor.py:153} INFO - Started process (PID=517) to work on /opt/airflow/dags/dag_joke_collector.py
[2023-04-16T13:54:01.003+0000] {processor.py:743} INFO - Processing file /opt/airflow/dags/dag_joke_collector.py for tasks to queue
[2023-04-16T13:54:01.006+0000] {logging_mixin.py:137} INFO - [2023-04-16T13:54:01.005+0000] {dagbag.py:532} INFO - Filling up the DagBag from /opt/airflow/dags/dag_joke_collector.py
[2023-04-16T13:54:01.124+0000] {processor.py:753} INFO - DAG(s) dict_keys(['joke_collector']) retrieved from /opt/airflow/dags/dag_joke_collector.py
[2023-04-16T13:54:01.202+0000] {logging_mixin.py:137} INFO - [2023-04-16T13:54:01.201+0000] {dag.py:2705} INFO - Sync 1 DAGs
[2023-04-16T13:54:01.292+0000] {logging_mixin.py:137} INFO - [2023-04-16T13:54:01.291+0000] {dag.py:3456} INFO - Setting next_dagrun for joke_collector to 2023-04-16T15:00:00+00:00, run_after=2023-04-16T15:00:00+00:00
[2023-04-16T13:54:01.359+0000] {processor.py:175} INFO - Processing /opt/airflow/dags/dag_joke_collector.py took 0.379 seconds
[2023-04-16T13:54:31.937+0000] {processor.py:153} INFO - Started process (PID=527) to work on /opt/airflow/dags/dag_joke_collector.py
[2023-04-16T13:54:31.940+0000] {processor.py:743} INFO - Processing file /opt/airflow/dags/dag_joke_collector.py for tasks to queue
[2023-04-16T13:54:31.943+0000] {logging_mixin.py:137} INFO - [2023-04-16T13:54:31.943+0000] {dagbag.py:532} INFO - Filling up the DagBag from /opt/airflow/dags/dag_joke_collector.py
[2023-04-16T13:54:32.037+0000] {processor.py:753} INFO - DAG(s) dict_keys(['joke_collector']) retrieved from /opt/airflow/dags/dag_joke_collector.py
[2023-04-16T13:54:32.114+0000] {logging_mixin.py:137} INFO - [2023-04-16T13:54:32.114+0000] {dag.py:2705} INFO - Sync 1 DAGs
[2023-04-16T13:54:32.208+0000] {logging_mixin.py:137} INFO - [2023-04-16T13:54:32.208+0000] {dag.py:3456} INFO - Setting next_dagrun for joke_collector to 2023-04-16T15:00:00+00:00, run_after=2023-04-16T15:00:00+00:00
[2023-04-16T13:54:32.276+0000] {processor.py:175} INFO - Processing /opt/airflow/dags/dag_joke_collector.py took 0.349 seconds
[2023-04-16T13:55:02.468+0000] {processor.py:153} INFO - Started process (PID=537) to work on /opt/airflow/dags/dag_joke_collector.py
[2023-04-16T13:55:02.475+0000] {processor.py:743} INFO - Processing file /opt/airflow/dags/dag_joke_collector.py for tasks to queue
[2023-04-16T13:55:02.479+0000] {logging_mixin.py:137} INFO - [2023-04-16T13:55:02.478+0000] {dagbag.py:532} INFO - Filling up the DagBag from /opt/airflow/dags/dag_joke_collector.py
[2023-04-16T13:55:02.662+0000] {processor.py:753} INFO - DAG(s) dict_keys(['joke_collector']) retrieved from /opt/airflow/dags/dag_joke_collector.py
[2023-04-16T13:55:02.811+0000] {logging_mixin.py:137} INFO - [2023-04-16T13:55:02.810+0000] {dag.py:2705} INFO - Sync 1 DAGs
[2023-04-16T13:55:03.012+0000] {logging_mixin.py:137} INFO - [2023-04-16T13:55:03.011+0000] {dag.py:3456} INFO - Setting next_dagrun for joke_collector to 2023-04-16T15:00:00+00:00, run_after=2023-04-16T15:00:00+00:00
[2023-04-16T13:55:03.078+0000] {processor.py:175} INFO - Processing /opt/airflow/dags/dag_joke_collector.py took 0.630 seconds
[2023-04-16T13:55:33.296+0000] {processor.py:153} INFO - Started process (PID=548) to work on /opt/airflow/dags/dag_joke_collector.py
[2023-04-16T13:55:33.299+0000] {processor.py:743} INFO - Processing file /opt/airflow/dags/dag_joke_collector.py for tasks to queue
[2023-04-16T13:55:33.301+0000] {logging_mixin.py:137} INFO - [2023-04-16T13:55:33.301+0000] {dagbag.py:532} INFO - Filling up the DagBag from /opt/airflow/dags/dag_joke_collector.py
[2023-04-16T13:55:33.409+0000] {processor.py:753} INFO - DAG(s) dict_keys(['joke_collector']) retrieved from /opt/airflow/dags/dag_joke_collector.py
[2023-04-16T13:55:33.488+0000] {logging_mixin.py:137} INFO - [2023-04-16T13:55:33.488+0000] {dag.py:2705} INFO - Sync 1 DAGs
[2023-04-16T13:55:33.581+0000] {logging_mixin.py:137} INFO - [2023-04-16T13:55:33.581+0000] {dag.py:3456} INFO - Setting next_dagrun for joke_collector to 2023-04-16T15:00:00+00:00, run_after=2023-04-16T15:00:00+00:00
[2023-04-16T13:55:33.658+0000] {processor.py:175} INFO - Processing /opt/airflow/dags/dag_joke_collector.py took 0.374 seconds
[2023-04-16T13:56:03.777+0000] {processor.py:153} INFO - Started process (PID=558) to work on /opt/airflow/dags/dag_joke_collector.py
[2023-04-16T13:56:03.780+0000] {processor.py:743} INFO - Processing file /opt/airflow/dags/dag_joke_collector.py for tasks to queue
[2023-04-16T13:56:03.784+0000] {logging_mixin.py:137} INFO - [2023-04-16T13:56:03.783+0000] {dagbag.py:532} INFO - Filling up the DagBag from /opt/airflow/dags/dag_joke_collector.py
[2023-04-16T13:56:03.891+0000] {processor.py:753} INFO - DAG(s) dict_keys(['joke_collector']) retrieved from /opt/airflow/dags/dag_joke_collector.py
[2023-04-16T13:56:03.957+0000] {logging_mixin.py:137} INFO - [2023-04-16T13:56:03.956+0000] {dag.py:2705} INFO - Sync 1 DAGs
[2023-04-16T13:56:04.063+0000] {logging_mixin.py:137} INFO - [2023-04-16T13:56:04.063+0000] {dag.py:3456} INFO - Setting next_dagrun for joke_collector to 2023-04-16T15:00:00+00:00, run_after=2023-04-16T15:00:00+00:00
[2023-04-16T13:56:04.137+0000] {processor.py:175} INFO - Processing /opt/airflow/dags/dag_joke_collector.py took 0.374 seconds
[2023-04-16T13:56:34.327+0000] {processor.py:153} INFO - Started process (PID=568) to work on /opt/airflow/dags/dag_joke_collector.py
[2023-04-16T13:56:34.330+0000] {processor.py:743} INFO - Processing file /opt/airflow/dags/dag_joke_collector.py for tasks to queue
[2023-04-16T13:56:34.334+0000] {logging_mixin.py:137} INFO - [2023-04-16T13:56:34.333+0000] {dagbag.py:532} INFO - Filling up the DagBag from /opt/airflow/dags/dag_joke_collector.py
[2023-04-16T13:56:34.441+0000] {processor.py:753} INFO - DAG(s) dict_keys(['joke_collector']) retrieved from /opt/airflow/dags/dag_joke_collector.py
[2023-04-16T13:56:34.504+0000] {logging_mixin.py:137} INFO - [2023-04-16T13:56:34.504+0000] {dag.py:2705} INFO - Sync 1 DAGs
[2023-04-16T13:56:34.586+0000] {logging_mixin.py:137} INFO - [2023-04-16T13:56:34.586+0000] {dag.py:3456} INFO - Setting next_dagrun for joke_collector to 2023-04-16T15:00:00+00:00, run_after=2023-04-16T15:00:00+00:00
[2023-04-16T13:56:34.649+0000] {processor.py:175} INFO - Processing /opt/airflow/dags/dag_joke_collector.py took 0.335 seconds
[2023-04-16T13:57:05.020+0000] {processor.py:153} INFO - Started process (PID=578) to work on /opt/airflow/dags/dag_joke_collector.py
[2023-04-16T13:57:05.024+0000] {processor.py:743} INFO - Processing file /opt/airflow/dags/dag_joke_collector.py for tasks to queue
[2023-04-16T13:57:05.027+0000] {logging_mixin.py:137} INFO - [2023-04-16T13:57:05.026+0000] {dagbag.py:532} INFO - Filling up the DagBag from /opt/airflow/dags/dag_joke_collector.py
[2023-04-16T13:57:05.146+0000] {processor.py:753} INFO - DAG(s) dict_keys(['joke_collector']) retrieved from /opt/airflow/dags/dag_joke_collector.py
[2023-04-16T13:57:05.212+0000] {logging_mixin.py:137} INFO - [2023-04-16T13:57:05.211+0000] {dag.py:2705} INFO - Sync 1 DAGs
[2023-04-16T13:57:05.313+0000] {logging_mixin.py:137} INFO - [2023-04-16T13:57:05.313+0000] {dag.py:3456} INFO - Setting next_dagrun for joke_collector to 2023-04-16T15:00:00+00:00, run_after=2023-04-16T15:00:00+00:00
[2023-04-16T13:57:05.393+0000] {processor.py:175} INFO - Processing /opt/airflow/dags/dag_joke_collector.py took 0.388 seconds
