[2023-04-15T14:18:51.712+0000] {taskinstance.py:1090} INFO - Dependencies all met for dep_context=non-requeueable deps ti=<TaskInstance: joke_collector.joke_collector_task scheduled__2023-04-14T04:00:00+00:00 [queued]>
[2023-04-15T14:18:51.739+0000] {taskinstance.py:1090} INFO - Dependencies all met for dep_context=requeueable deps ti=<TaskInstance: joke_collector.joke_collector_task scheduled__2023-04-14T04:00:00+00:00 [queued]>
[2023-04-15T14:18:51.740+0000] {taskinstance.py:1288} INFO - 
--------------------------------------------------------------------------------
[2023-04-15T14:18:51.743+0000] {taskinstance.py:1289} INFO - Starting attempt 1 of 2
[2023-04-15T14:18:51.744+0000] {taskinstance.py:1290} INFO - 
--------------------------------------------------------------------------------
[2023-04-15T14:18:51.810+0000] {taskinstance.py:1309} INFO - Executing <Task(PythonVirtualenvOperator): joke_collector_task> on 2023-04-14 04:00:00+00:00
[2023-04-15T14:18:51.827+0000] {standard_task_runner.py:55} INFO - Started process 80 to run task
[2023-04-15T14:18:51.834+0000] {standard_task_runner.py:82} INFO - Running: ['***', 'tasks', 'run', 'joke_collector', 'joke_collector_task', 'scheduled__2023-04-14T04:00:00+00:00', '--job-id', '136', '--raw', '--subdir', 'DAGS_FOLDER/dag_joke_collector.py', '--cfg-path', '/tmp/tmp2z676nl1']
[2023-04-15T14:18:51.835+0000] {standard_task_runner.py:83} INFO - Job 136: Subtask joke_collector_task
[2023-04-15T14:18:51.977+0000] {task_command.py:389} INFO - Running <TaskInstance: joke_collector.joke_collector_task scheduled__2023-04-14T04:00:00+00:00 [running]> on host e1174705cf95
[2023-04-15T14:18:52.600+0000] {taskinstance.py:1518} INFO - Exporting the following env vars:
AIRFLOW_CTX_DAG_EMAIL=***@example.com
AIRFLOW_CTX_DAG_OWNER=***
AIRFLOW_CTX_DAG_ID=joke_collector
AIRFLOW_CTX_TASK_ID=joke_collector_task
AIRFLOW_CTX_EXECUTION_DATE=2023-04-14T04:00:00+00:00
AIRFLOW_CTX_TRY_NUMBER=1
AIRFLOW_CTX_DAG_RUN_ID=scheduled__2023-04-14T04:00:00+00:00
[2023-04-15T14:18:52.603+0000] {process_utils.py:179} INFO - Executing cmd: /usr/local/bin/python -m virtualenv /tmp/venvj_v0171u --system-site-packages
[2023-04-15T14:18:52.618+0000] {process_utils.py:183} INFO - Output:
[2023-04-15T14:19:00.436+0000] {process_utils.py:187} INFO - created virtual environment CPython3.7.16.final.0-64 in 3356ms
[2023-04-15T14:19:00.484+0000] {process_utils.py:187} INFO -   creator CPython3Posix(dest=/tmp/venvj_v0171u, clear=False, no_vcs_ignore=False, global=True)
[2023-04-15T14:19:00.487+0000] {process_utils.py:187} INFO -   seeder FromAppData(download=False, pip=bundle, setuptools=bundle, wheel=bundle, via=copy, app_data_dir=/home/***/.local/share/virtualenv)
[2023-04-15T14:19:00.488+0000] {process_utils.py:187} INFO -     added seed packages: pip==23.0.1, setuptools==67.4.0, wheel==0.38.4
[2023-04-15T14:19:00.489+0000] {process_utils.py:187} INFO -   activators BashActivator,CShellActivator,FishActivator,NushellActivator,PowerShellActivator,PythonActivator
[2023-04-15T14:19:02.192+0000] {process_utils.py:179} INFO - Executing cmd: /tmp/venvj_v0171u/bin/pip install -r /tmp/venvj_v0171u/requirements.txt
[2023-04-15T14:19:02.233+0000] {process_utils.py:183} INFO - Output:
