[2023-04-12T11:49:32.044+0000] {processor.py:153} INFO - Started process (PID=39) to work on /opt/airflow/dags/dag_joke_collector.py
[2023-04-12T11:49:32.046+0000] {processor.py:743} INFO - Processing file /opt/airflow/dags/dag_joke_collector.py for tasks to queue
[2023-04-12T11:49:32.048+0000] {logging_mixin.py:137} INFO - [2023-04-12T11:49:32.047+0000] {dagbag.py:532} INFO - Filling up the DagBag from /opt/airflow/dags/dag_joke_collector.py
[2023-04-12T11:49:32.154+0000] {processor.py:753} INFO - DAG(s) dict_keys(['joke_collector']) retrieved from /opt/airflow/dags/dag_joke_collector.py
[2023-04-12T11:49:32.323+0000] {logging_mixin.py:137} INFO - [2023-04-12T11:49:32.323+0000] {dag.py:2705} INFO - Sync 1 DAGs
[2023-04-12T11:49:32.448+0000] {processor.py:175} INFO - Processing /opt/airflow/dags/dag_joke_collector.py took 0.411 seconds
[2023-04-12T11:49:42.571+0000] {processor.py:153} INFO - Started process (PID=47) to work on /opt/airflow/dags/dag_joke_collector.py
[2023-04-12T11:49:42.573+0000] {processor.py:743} INFO - Processing file /opt/airflow/dags/dag_joke_collector.py for tasks to queue
[2023-04-12T11:49:42.577+0000] {logging_mixin.py:137} INFO - [2023-04-12T11:49:42.576+0000] {dagbag.py:532} INFO - Filling up the DagBag from /opt/airflow/dags/dag_joke_collector.py
[2023-04-12T11:49:42.721+0000] {processor.py:753} INFO - DAG(s) dict_keys(['joke_collector']) retrieved from /opt/airflow/dags/dag_joke_collector.py
[2023-04-12T11:49:42.874+0000] {logging_mixin.py:137} INFO - [2023-04-12T11:49:42.873+0000] {taskinstance.py:1778} ERROR - {'DAG Id': 'joke_collector', 'Task Id': 'joke_collector_task', 'Run Id': 'scheduled__2023-04-10T00:15:00+00:00', 'Hostname': 'f1c0c6d19818', 'External Executor Id': 'c2048403-36f0-4452-8b3c-4b8592da8c57'}
[2023-04-12T11:49:43.000+0000] {logging_mixin.py:137} INFO - [2023-04-12T11:49:43.000+0000] {taskinstance.py:1332} INFO - Marking task as UP_FOR_RETRY. dag_id=joke_collector, task_id=joke_collector_task, execution_date=20230410T001500, start_date=20230411T160600, end_date=20230412T114942
[2023-04-12T11:49:43.046+0000] {processor.py:713} INFO - Executed failure callback for <TaskInstance: joke_collector.joke_collector_task scheduled__2023-04-10T00:15:00+00:00 [up_for_retry]> in state up_for_retry
[2023-04-12T11:49:43.056+0000] {logging_mixin.py:137} INFO - [2023-04-12T11:49:43.056+0000] {dag.py:2705} INFO - Sync 1 DAGs
[2023-04-12T11:49:43.176+0000] {processor.py:175} INFO - Processing /opt/airflow/dags/dag_joke_collector.py took 0.610 seconds
[2023-04-12T11:49:52.799+0000] {processor.py:153} INFO - Started process (PID=48) to work on /opt/airflow/dags/dag_joke_collector.py
[2023-04-12T11:49:52.802+0000] {processor.py:743} INFO - Processing file /opt/airflow/dags/dag_joke_collector.py for tasks to queue
[2023-04-12T11:49:52.810+0000] {logging_mixin.py:137} INFO - [2023-04-12T11:49:52.809+0000] {dagbag.py:532} INFO - Filling up the DagBag from /opt/airflow/dags/dag_joke_collector.py
[2023-04-12T11:49:52.976+0000] {processor.py:753} INFO - DAG(s) dict_keys(['joke_collector']) retrieved from /opt/airflow/dags/dag_joke_collector.py
[2023-04-12T11:49:53.076+0000] {logging_mixin.py:137} INFO - [2023-04-12T11:49:53.076+0000] {taskinstance.py:1778} ERROR - {'DAG Id': 'joke_collector', 'Task Id': 'joke_collector_task', 'Run Id': 'scheduled__2023-04-10T00:16:00+00:00', 'Hostname': 'f1c0c6d19818', 'External Executor Id': '7e7d7ea0-08c6-4518-a61f-d33943c1895a'}
[2023-04-12T11:49:53.113+0000] {logging_mixin.py:137} INFO - [2023-04-12T11:49:53.113+0000] {taskinstance.py:1332} INFO - Marking task as UP_FOR_RETRY. dag_id=joke_collector, task_id=joke_collector_task, execution_date=20230410T001600, start_date=20230411T160607, end_date=20230412T114953
[2023-04-12T11:49:53.136+0000] {processor.py:713} INFO - Executed failure callback for <TaskInstance: joke_collector.joke_collector_task scheduled__2023-04-10T00:16:00+00:00 [up_for_retry]> in state up_for_retry
[2023-04-12T11:49:53.141+0000] {logging_mixin.py:137} INFO - [2023-04-12T11:49:53.141+0000] {taskinstance.py:1778} ERROR - {'DAG Id': 'joke_collector', 'Task Id': 'joke_collector_task', 'Run Id': 'scheduled__2023-04-10T00:17:00+00:00', 'Hostname': 'f1c0c6d19818', 'External Executor Id': 'd25a040e-ba1e-413c-9589-24698a9fefa0'}
[2023-04-12T11:49:53.157+0000] {logging_mixin.py:137} INFO - [2023-04-12T11:49:53.157+0000] {taskinstance.py:1332} INFO - Marking task as UP_FOR_RETRY. dag_id=joke_collector, task_id=joke_collector_task, execution_date=20230410T001700, start_date=20230411T160606, end_date=20230412T114953
[2023-04-12T11:49:53.162+0000] {processor.py:713} INFO - Executed failure callback for <TaskInstance: joke_collector.joke_collector_task scheduled__2023-04-10T00:17:00+00:00 [up_for_retry]> in state up_for_retry
[2023-04-12T11:49:53.166+0000] {logging_mixin.py:137} INFO - [2023-04-12T11:49:53.165+0000] {taskinstance.py:1778} ERROR - {'DAG Id': 'joke_collector', 'Task Id': 'joke_collector_task', 'Run Id': 'scheduled__2023-04-10T00:18:00+00:00', 'Hostname': 'f1c0c6d19818', 'External Executor Id': 'c32eb8e7-c594-499a-b05b-47b473fe34ed'}
[2023-04-12T11:49:53.177+0000] {logging_mixin.py:137} INFO - [2023-04-12T11:49:53.177+0000] {taskinstance.py:1332} INFO - Marking task as UP_FOR_RETRY. dag_id=joke_collector, task_id=joke_collector_task, execution_date=20230410T001800, start_date=20230411T160647, end_date=20230412T114953
[2023-04-12T11:49:53.182+0000] {processor.py:713} INFO - Executed failure callback for <TaskInstance: joke_collector.joke_collector_task scheduled__2023-04-10T00:18:00+00:00 [up_for_retry]> in state up_for_retry
[2023-04-12T11:49:53.185+0000] {logging_mixin.py:137} INFO - [2023-04-12T11:49:53.185+0000] {taskinstance.py:1778} ERROR - {'DAG Id': 'joke_collector', 'Task Id': 'joke_collector_task', 'Run Id': 'scheduled__2023-04-10T00:12:00+00:00', 'Hostname': 'f1c0c6d19818', 'External Executor Id': 'd2b2875c-9c6b-4d3e-bf07-9ab359e44f58'}
[2023-04-12T11:49:53.198+0000] {logging_mixin.py:137} INFO - [2023-04-12T11:49:53.198+0000] {taskinstance.py:1332} INFO - Marking task as FAILED. dag_id=joke_collector, task_id=joke_collector_task, execution_date=20230410T001200, start_date=20230411T160556, end_date=20230412T114953
[2023-04-12T11:49:53.202+0000] {processor.py:713} INFO - Executed failure callback for <TaskInstance: joke_collector.joke_collector_task scheduled__2023-04-10T00:12:00+00:00 [failed]> in state failed
[2023-04-12T11:49:53.209+0000] {logging_mixin.py:137} INFO - [2023-04-12T11:49:53.208+0000] {taskinstance.py:1778} ERROR - {'DAG Id': 'joke_collector', 'Task Id': 'joke_collector_task', 'Run Id': 'scheduled__2023-04-10T00:19:00+00:00', 'Hostname': 'f1c0c6d19818', 'External Executor Id': '3d2a7ff6-10cc-4e11-bccf-dc96106d473b'}
[2023-04-12T11:49:53.225+0000] {logging_mixin.py:137} INFO - [2023-04-12T11:49:53.224+0000] {taskinstance.py:1332} INFO - Marking task as UP_FOR_RETRY. dag_id=joke_collector, task_id=joke_collector_task, execution_date=20230410T001900, start_date=20230411T160703, end_date=20230412T114953
[2023-04-12T11:49:53.229+0000] {processor.py:713} INFO - Executed failure callback for <TaskInstance: joke_collector.joke_collector_task scheduled__2023-04-10T00:19:00+00:00 [up_for_retry]> in state up_for_retry
[2023-04-12T11:49:53.232+0000] {logging_mixin.py:137} INFO - [2023-04-12T11:49:53.232+0000] {taskinstance.py:1778} ERROR - {'DAG Id': 'joke_collector', 'Task Id': 'joke_collector_task', 'Run Id': 'scheduled__2023-04-10T00:20:00+00:00', 'Hostname': 'f1c0c6d19818', 'External Executor Id': 'b8fdb888-269a-495f-9779-94a1911ffb2e'}
[2023-04-12T11:49:53.245+0000] {logging_mixin.py:137} INFO - [2023-04-12T11:49:53.244+0000] {taskinstance.py:1332} INFO - Marking task as UP_FOR_RETRY. dag_id=joke_collector, task_id=joke_collector_task, execution_date=20230410T002000, start_date=20230411T160702, end_date=20230412T114953
[2023-04-12T11:49:53.249+0000] {processor.py:713} INFO - Executed failure callback for <TaskInstance: joke_collector.joke_collector_task scheduled__2023-04-10T00:20:00+00:00 [up_for_retry]> in state up_for_retry
[2023-04-12T11:49:53.253+0000] {logging_mixin.py:137} INFO - [2023-04-12T11:49:53.253+0000] {taskinstance.py:1778} ERROR - {'DAG Id': 'joke_collector', 'Task Id': 'joke_collector_task', 'Run Id': 'scheduled__2023-04-10T00:21:00+00:00', 'Hostname': 'f1c0c6d19818', 'External Executor Id': '5e139ade-86bf-4e02-988e-373b5ea3696b'}
[2023-04-12T11:49:53.265+0000] {logging_mixin.py:137} INFO - [2023-04-12T11:49:53.265+0000] {taskinstance.py:1332} INFO - Marking task as UP_FOR_RETRY. dag_id=joke_collector, task_id=joke_collector_task, execution_date=20230410T002100, start_date=20230411T160705, end_date=20230412T114953
[2023-04-12T11:49:53.270+0000] {processor.py:713} INFO - Executed failure callback for <TaskInstance: joke_collector.joke_collector_task scheduled__2023-04-10T00:21:00+00:00 [up_for_retry]> in state up_for_retry
[2023-04-12T11:49:53.275+0000] {logging_mixin.py:137} INFO - [2023-04-12T11:49:53.275+0000] {taskinstance.py:1778} ERROR - {'DAG Id': 'joke_collector', 'Task Id': 'joke_collector_task', 'Run Id': 'scheduled__2023-04-10T00:24:00+00:00', 'Hostname': 'f1c0c6d19818', 'External Executor Id': 'bce09e92-4d28-434e-9ad1-c435080b55e8'}
[2023-04-12T11:49:53.287+0000] {logging_mixin.py:137} INFO - [2023-04-12T11:49:53.286+0000] {taskinstance.py:1332} INFO - Marking task as UP_FOR_RETRY. dag_id=joke_collector, task_id=joke_collector_task, execution_date=20230410T002400, start_date=20230411T160708, end_date=20230412T114953
[2023-04-12T11:49:53.291+0000] {processor.py:713} INFO - Executed failure callback for <TaskInstance: joke_collector.joke_collector_task scheduled__2023-04-10T00:24:00+00:00 [up_for_retry]> in state up_for_retry
[2023-04-12T11:49:53.294+0000] {logging_mixin.py:137} INFO - [2023-04-12T11:49:53.294+0000] {taskinstance.py:1778} ERROR - {'DAG Id': 'joke_collector', 'Task Id': 'joke_collector_task', 'Run Id': 'scheduled__2023-04-10T00:25:00+00:00', 'Hostname': 'f1c0c6d19818', 'External Executor Id': '14c6afa3-2e65-43e2-b696-f3355ea6fd84'}
[2023-04-12T11:49:53.305+0000] {logging_mixin.py:137} INFO - [2023-04-12T11:49:53.305+0000] {taskinstance.py:1332} INFO - Marking task as UP_FOR_RETRY. dag_id=joke_collector, task_id=joke_collector_task, execution_date=20230410T002500, start_date=20230411T160709, end_date=20230412T114953
[2023-04-12T11:49:53.309+0000] {processor.py:713} INFO - Executed failure callback for <TaskInstance: joke_collector.joke_collector_task scheduled__2023-04-10T00:25:00+00:00 [up_for_retry]> in state up_for_retry
[2023-04-12T11:49:53.312+0000] {logging_mixin.py:137} INFO - [2023-04-12T11:49:53.312+0000] {taskinstance.py:1778} ERROR - {'DAG Id': 'joke_collector', 'Task Id': 'joke_collector_task', 'Run Id': 'scheduled__2023-04-10T00:22:00+00:00', 'Hostname': 'f1c0c6d19818', 'External Executor Id': '4906afe0-32e1-40fc-b9e6-5a1fb9c07523'}
[2023-04-12T11:49:53.323+0000] {logging_mixin.py:137} INFO - [2023-04-12T11:49:53.323+0000] {taskinstance.py:1332} INFO - Marking task as UP_FOR_RETRY. dag_id=joke_collector, task_id=joke_collector_task, execution_date=20230410T002200, start_date=20230411T160706, end_date=20230412T114953
[2023-04-12T11:49:53.327+0000] {processor.py:713} INFO - Executed failure callback for <TaskInstance: joke_collector.joke_collector_task scheduled__2023-04-10T00:22:00+00:00 [up_for_retry]> in state up_for_retry
[2023-04-12T11:49:53.331+0000] {logging_mixin.py:137} INFO - [2023-04-12T11:49:53.331+0000] {taskinstance.py:1778} ERROR - {'DAG Id': 'joke_collector', 'Task Id': 'joke_collector_task', 'Run Id': 'scheduled__2023-04-10T00:23:00+00:00', 'Hostname': 'f1c0c6d19818', 'External Executor Id': '26c3e1c1-ee45-4cf7-9cbe-59dde5178015'}
[2023-04-12T11:49:53.343+0000] {logging_mixin.py:137} INFO - [2023-04-12T11:49:53.343+0000] {taskinstance.py:1332} INFO - Marking task as UP_FOR_RETRY. dag_id=joke_collector, task_id=joke_collector_task, execution_date=20230410T002300, start_date=20230411T160706, end_date=20230412T114953
[2023-04-12T11:49:53.348+0000] {processor.py:713} INFO - Executed failure callback for <TaskInstance: joke_collector.joke_collector_task scheduled__2023-04-10T00:23:00+00:00 [up_for_retry]> in state up_for_retry
[2023-04-12T11:49:53.351+0000] {logging_mixin.py:137} INFO - [2023-04-12T11:49:53.351+0000] {taskinstance.py:1778} ERROR - {'DAG Id': 'joke_collector', 'Task Id': 'joke_collector_task', 'Run Id': 'scheduled__2023-04-10T00:26:00+00:00', 'Hostname': 'f1c0c6d19818', 'External Executor Id': 'aaa7b642-c0c1-4ea3-87e4-91e0fa451312'}
[2023-04-12T11:49:53.364+0000] {logging_mixin.py:137} INFO - [2023-04-12T11:49:53.363+0000] {taskinstance.py:1332} INFO - Marking task as UP_FOR_RETRY. dag_id=joke_collector, task_id=joke_collector_task, execution_date=20230410T002600, start_date=20230411T160705, end_date=20230412T114953
[2023-04-12T11:49:53.368+0000] {processor.py:713} INFO - Executed failure callback for <TaskInstance: joke_collector.joke_collector_task scheduled__2023-04-10T00:26:00+00:00 [up_for_retry]> in state up_for_retry
[2023-04-12T11:49:53.371+0000] {logging_mixin.py:137} INFO - [2023-04-12T11:49:53.371+0000] {taskinstance.py:1778} ERROR - {'DAG Id': 'joke_collector', 'Task Id': 'joke_collector_task', 'Run Id': 'scheduled__2023-04-10T00:27:00+00:00', 'Hostname': 'f1c0c6d19818', 'External Executor Id': '698ebf52-0ce8-4158-9883-def426eedca7'}
[2023-04-12T11:49:53.383+0000] {logging_mixin.py:137} INFO - [2023-04-12T11:49:53.383+0000] {taskinstance.py:1332} INFO - Marking task as UP_FOR_RETRY. dag_id=joke_collector, task_id=joke_collector_task, execution_date=20230410T002700, start_date=20230411T160706, end_date=20230412T114953
[2023-04-12T11:49:53.387+0000] {processor.py:713} INFO - Executed failure callback for <TaskInstance: joke_collector.joke_collector_task scheduled__2023-04-10T00:27:00+00:00 [up_for_retry]> in state up_for_retry
[2023-04-12T11:49:53.390+0000] {logging_mixin.py:137} INFO - [2023-04-12T11:49:53.390+0000] {taskinstance.py:1778} ERROR - {'DAG Id': 'joke_collector', 'Task Id': 'joke_collector_task', 'Run Id': 'scheduled__2023-04-10T00:28:00+00:00', 'Hostname': 'f1c0c6d19818', 'External Executor Id': '8cb19b78-bf55-4b84-9a1a-9fcfdfaf3562'}
[2023-04-12T11:49:53.401+0000] {logging_mixin.py:137} INFO - [2023-04-12T11:49:53.401+0000] {taskinstance.py:1332} INFO - Marking task as UP_FOR_RETRY. dag_id=joke_collector, task_id=joke_collector_task, execution_date=20230410T002800, start_date=20230411T160711, end_date=20230412T114953
[2023-04-12T11:49:53.406+0000] {processor.py:713} INFO - Executed failure callback for <TaskInstance: joke_collector.joke_collector_task scheduled__2023-04-10T00:28:00+00:00 [up_for_retry]> in state up_for_retry
[2023-04-12T11:49:53.409+0000] {logging_mixin.py:137} INFO - [2023-04-12T11:49:53.409+0000] {taskinstance.py:1778} ERROR - {'DAG Id': 'joke_collector', 'Task Id': 'joke_collector_task', 'Run Id': 'scheduled__2023-04-10T00:29:00+00:00', 'Hostname': 'f1c0c6d19818', 'External Executor Id': 'e57639b8-f531-4379-bd44-a7bd665d2f7c'}
[2023-04-12T11:49:53.419+0000] {logging_mixin.py:137} INFO - [2023-04-12T11:49:53.419+0000] {taskinstance.py:1332} INFO - Marking task as UP_FOR_RETRY. dag_id=joke_collector, task_id=joke_collector_task, execution_date=20230410T002900, start_date=20230411T160710, end_date=20230412T114953
[2023-04-12T11:49:53.423+0000] {processor.py:713} INFO - Executed failure callback for <TaskInstance: joke_collector.joke_collector_task scheduled__2023-04-10T00:29:00+00:00 [up_for_retry]> in state up_for_retry
[2023-04-12T11:49:53.427+0000] {logging_mixin.py:137} INFO - [2023-04-12T11:49:53.426+0000] {taskinstance.py:1778} ERROR - {'DAG Id': 'joke_collector', 'Task Id': 'joke_collector_task', 'Run Id': 'scheduled__2023-04-10T00:16:00+00:00', 'Hostname': 'f1c0c6d19818', 'External Executor Id': '7e7d7ea0-08c6-4518-a61f-d33943c1895a'}
[2023-04-12T11:49:53.437+0000] {logging_mixin.py:137} INFO - [2023-04-12T11:49:53.437+0000] {taskinstance.py:1332} INFO - Marking task as FAILED. dag_id=joke_collector, task_id=joke_collector_task, execution_date=20230410T001600, start_date=20230411T160607, end_date=20230412T114953
[2023-04-12T11:49:53.441+0000] {processor.py:713} INFO - Executed failure callback for <TaskInstance: joke_collector.joke_collector_task scheduled__2023-04-10T00:16:00+00:00 [failed]> in state failed
[2023-04-12T11:49:53.451+0000] {logging_mixin.py:137} INFO - [2023-04-12T11:49:53.451+0000] {dag.py:2705} INFO - Sync 1 DAGs
[2023-04-12T11:49:53.569+0000] {processor.py:175} INFO - Processing /opt/airflow/dags/dag_joke_collector.py took 0.776 seconds
[2023-04-12T11:50:23.968+0000] {processor.py:153} INFO - Started process (PID=56) to work on /opt/airflow/dags/dag_joke_collector.py
[2023-04-12T11:50:23.970+0000] {processor.py:743} INFO - Processing file /opt/airflow/dags/dag_joke_collector.py for tasks to queue
[2023-04-12T11:50:23.971+0000] {logging_mixin.py:137} INFO - [2023-04-12T11:50:23.971+0000] {dagbag.py:532} INFO - Filling up the DagBag from /opt/airflow/dags/dag_joke_collector.py
[2023-04-12T11:50:24.342+0000] {processor.py:753} INFO - DAG(s) dict_keys(['joke_collector']) retrieved from /opt/airflow/dags/dag_joke_collector.py
[2023-04-12T11:50:24.741+0000] {logging_mixin.py:137} INFO - [2023-04-12T11:50:24.741+0000] {taskinstance.py:1778} ERROR - {'DAG Id': 'joke_collector', 'Task Id': 'joke_collector_task', 'Run Id': 'scheduled__2023-04-10T00:17:00+00:00', 'Hostname': 'f1c0c6d19818', 'External Executor Id': 'd25a040e-ba1e-413c-9589-24698a9fefa0'}
[2023-04-12T11:50:24.892+0000] {logging_mixin.py:137} INFO - [2023-04-12T11:50:24.892+0000] {taskinstance.py:1332} INFO - Marking task as FAILED. dag_id=joke_collector, task_id=joke_collector_task, execution_date=20230410T001700, start_date=20230411T160606, end_date=20230412T115024
[2023-04-12T11:50:24.965+0000] {processor.py:713} INFO - Executed failure callback for <TaskInstance: joke_collector.joke_collector_task scheduled__2023-04-10T00:17:00+00:00 [failed]> in state failed
[2023-04-12T11:50:24.994+0000] {logging_mixin.py:137} INFO - [2023-04-12T11:50:24.994+0000] {taskinstance.py:1778} ERROR - {'DAG Id': 'joke_collector', 'Task Id': 'joke_collector_task', 'Run Id': 'scheduled__2023-04-10T00:18:00+00:00', 'Hostname': 'f1c0c6d19818', 'External Executor Id': 'c32eb8e7-c594-499a-b05b-47b473fe34ed'}
[2023-04-12T11:50:25.157+0000] {logging_mixin.py:137} INFO - [2023-04-12T11:50:25.157+0000] {taskinstance.py:1332} INFO - Marking task as FAILED. dag_id=joke_collector, task_id=joke_collector_task, execution_date=20230410T001800, start_date=20230411T160647, end_date=20230412T115025
[2023-04-12T11:50:25.200+0000] {processor.py:713} INFO - Executed failure callback for <TaskInstance: joke_collector.joke_collector_task scheduled__2023-04-10T00:18:00+00:00 [failed]> in state failed
[2023-04-12T11:50:25.204+0000] {logging_mixin.py:137} INFO - [2023-04-12T11:50:25.204+0000] {taskinstance.py:1778} ERROR - {'DAG Id': 'joke_collector', 'Task Id': 'joke_collector_task', 'Run Id': 'scheduled__2023-04-10T00:12:00+00:00', 'Hostname': 'f1c0c6d19818', 'External Executor Id': 'd2b2875c-9c6b-4d3e-bf07-9ab359e44f58'}
[2023-04-12T11:50:25.216+0000] {logging_mixin.py:137} INFO - [2023-04-12T11:50:25.216+0000] {taskinstance.py:1332} INFO - Marking task as FAILED. dag_id=joke_collector, task_id=joke_collector_task, execution_date=20230410T001200, start_date=20230411T160556, end_date=20230412T115025
[2023-04-12T11:50:25.220+0000] {processor.py:713} INFO - Executed failure callback for <TaskInstance: joke_collector.joke_collector_task scheduled__2023-04-10T00:12:00+00:00 [failed]> in state failed
[2023-04-12T11:50:25.224+0000] {logging_mixin.py:137} INFO - [2023-04-12T11:50:25.223+0000] {taskinstance.py:1778} ERROR - {'DAG Id': 'joke_collector', 'Task Id': 'joke_collector_task', 'Run Id': 'scheduled__2023-04-10T00:19:00+00:00', 'Hostname': 'f1c0c6d19818', 'External Executor Id': '3d2a7ff6-10cc-4e11-bccf-dc96106d473b'}
[2023-04-12T11:50:25.233+0000] {logging_mixin.py:137} INFO - [2023-04-12T11:50:25.233+0000] {taskinstance.py:1332} INFO - Marking task as FAILED. dag_id=joke_collector, task_id=joke_collector_task, execution_date=20230410T001900, start_date=20230411T160703, end_date=20230412T115025
[2023-04-12T11:50:25.237+0000] {processor.py:713} INFO - Executed failure callback for <TaskInstance: joke_collector.joke_collector_task scheduled__2023-04-10T00:19:00+00:00 [failed]> in state failed
[2023-04-12T11:50:25.240+0000] {logging_mixin.py:137} INFO - [2023-04-12T11:50:25.240+0000] {taskinstance.py:1778} ERROR - {'DAG Id': 'joke_collector', 'Task Id': 'joke_collector_task', 'Run Id': 'scheduled__2023-04-10T00:20:00+00:00', 'Hostname': 'f1c0c6d19818', 'External Executor Id': 'b8fdb888-269a-495f-9779-94a1911ffb2e'}
[2023-04-12T11:50:25.251+0000] {logging_mixin.py:137} INFO - [2023-04-12T11:50:25.251+0000] {taskinstance.py:1332} INFO - Marking task as FAILED. dag_id=joke_collector, task_id=joke_collector_task, execution_date=20230410T002000, start_date=20230411T160702, end_date=20230412T115025
[2023-04-12T11:50:25.254+0000] {processor.py:713} INFO - Executed failure callback for <TaskInstance: joke_collector.joke_collector_task scheduled__2023-04-10T00:20:00+00:00 [failed]> in state failed
[2023-04-12T11:50:25.257+0000] {logging_mixin.py:137} INFO - [2023-04-12T11:50:25.257+0000] {taskinstance.py:1778} ERROR - {'DAG Id': 'joke_collector', 'Task Id': 'joke_collector_task', 'Run Id': 'scheduled__2023-04-10T00:21:00+00:00', 'Hostname': 'f1c0c6d19818', 'External Executor Id': '5e139ade-86bf-4e02-988e-373b5ea3696b'}
[2023-04-12T11:50:25.265+0000] {logging_mixin.py:137} INFO - [2023-04-12T11:50:25.265+0000] {taskinstance.py:1332} INFO - Marking task as FAILED. dag_id=joke_collector, task_id=joke_collector_task, execution_date=20230410T002100, start_date=20230411T160705, end_date=20230412T115025
[2023-04-12T11:50:25.275+0000] {processor.py:713} INFO - Executed failure callback for <TaskInstance: joke_collector.joke_collector_task scheduled__2023-04-10T00:21:00+00:00 [failed]> in state failed
[2023-04-12T11:50:25.277+0000] {logging_mixin.py:137} INFO - [2023-04-12T11:50:25.277+0000] {taskinstance.py:1778} ERROR - {'DAG Id': 'joke_collector', 'Task Id': 'joke_collector_task', 'Run Id': 'scheduled__2023-04-10T00:24:00+00:00', 'Hostname': 'f1c0c6d19818', 'External Executor Id': 'bce09e92-4d28-434e-9ad1-c435080b55e8'}
[2023-04-12T11:50:25.286+0000] {logging_mixin.py:137} INFO - [2023-04-12T11:50:25.286+0000] {taskinstance.py:1332} INFO - Marking task as FAILED. dag_id=joke_collector, task_id=joke_collector_task, execution_date=20230410T002400, start_date=20230411T160708, end_date=20230412T115025
[2023-04-12T11:50:25.289+0000] {processor.py:713} INFO - Executed failure callback for <TaskInstance: joke_collector.joke_collector_task scheduled__2023-04-10T00:24:00+00:00 [failed]> in state failed
[2023-04-12T11:50:25.292+0000] {logging_mixin.py:137} INFO - [2023-04-12T11:50:25.292+0000] {taskinstance.py:1778} ERROR - {'DAG Id': 'joke_collector', 'Task Id': 'joke_collector_task', 'Run Id': 'scheduled__2023-04-10T00:25:00+00:00', 'Hostname': 'f1c0c6d19818', 'External Executor Id': '14c6afa3-2e65-43e2-b696-f3355ea6fd84'}
[2023-04-12T11:50:25.300+0000] {logging_mixin.py:137} INFO - [2023-04-12T11:50:25.300+0000] {taskinstance.py:1332} INFO - Marking task as FAILED. dag_id=joke_collector, task_id=joke_collector_task, execution_date=20230410T002500, start_date=20230411T160709, end_date=20230412T115025
[2023-04-12T11:50:25.303+0000] {processor.py:713} INFO - Executed failure callback for <TaskInstance: joke_collector.joke_collector_task scheduled__2023-04-10T00:25:00+00:00 [failed]> in state failed
[2023-04-12T11:50:25.305+0000] {logging_mixin.py:137} INFO - [2023-04-12T11:50:25.305+0000] {taskinstance.py:1778} ERROR - {'DAG Id': 'joke_collector', 'Task Id': 'joke_collector_task', 'Run Id': 'scheduled__2023-04-10T00:22:00+00:00', 'Hostname': 'f1c0c6d19818', 'External Executor Id': '4906afe0-32e1-40fc-b9e6-5a1fb9c07523'}
[2023-04-12T11:50:25.312+0000] {logging_mixin.py:137} INFO - [2023-04-12T11:50:25.312+0000] {taskinstance.py:1332} INFO - Marking task as FAILED. dag_id=joke_collector, task_id=joke_collector_task, execution_date=20230410T002200, start_date=20230411T160706, end_date=20230412T115025
[2023-04-12T11:50:25.316+0000] {processor.py:713} INFO - Executed failure callback for <TaskInstance: joke_collector.joke_collector_task scheduled__2023-04-10T00:22:00+00:00 [failed]> in state failed
[2023-04-12T11:50:25.319+0000] {logging_mixin.py:137} INFO - [2023-04-12T11:50:25.319+0000] {taskinstance.py:1778} ERROR - {'DAG Id': 'joke_collector', 'Task Id': 'joke_collector_task', 'Run Id': 'scheduled__2023-04-10T00:23:00+00:00', 'Hostname': 'f1c0c6d19818', 'External Executor Id': '26c3e1c1-ee45-4cf7-9cbe-59dde5178015'}
[2023-04-12T11:50:25.326+0000] {logging_mixin.py:137} INFO - [2023-04-12T11:50:25.326+0000] {taskinstance.py:1332} INFO - Marking task as FAILED. dag_id=joke_collector, task_id=joke_collector_task, execution_date=20230410T002300, start_date=20230411T160706, end_date=20230412T115025
[2023-04-12T11:50:25.329+0000] {processor.py:713} INFO - Executed failure callback for <TaskInstance: joke_collector.joke_collector_task scheduled__2023-04-10T00:23:00+00:00 [failed]> in state failed
[2023-04-12T11:50:25.332+0000] {logging_mixin.py:137} INFO - [2023-04-12T11:50:25.331+0000] {taskinstance.py:1778} ERROR - {'DAG Id': 'joke_collector', 'Task Id': 'joke_collector_task', 'Run Id': 'scheduled__2023-04-10T00:26:00+00:00', 'Hostname': 'f1c0c6d19818', 'External Executor Id': 'aaa7b642-c0c1-4ea3-87e4-91e0fa451312'}
[2023-04-12T11:50:25.340+0000] {logging_mixin.py:137} INFO - [2023-04-12T11:50:25.340+0000] {taskinstance.py:1332} INFO - Marking task as FAILED. dag_id=joke_collector, task_id=joke_collector_task, execution_date=20230410T002600, start_date=20230411T160705, end_date=20230412T115025
[2023-04-12T11:50:25.343+0000] {processor.py:713} INFO - Executed failure callback for <TaskInstance: joke_collector.joke_collector_task scheduled__2023-04-10T00:26:00+00:00 [failed]> in state failed
[2023-04-12T11:50:25.345+0000] {logging_mixin.py:137} INFO - [2023-04-12T11:50:25.345+0000] {taskinstance.py:1778} ERROR - {'DAG Id': 'joke_collector', 'Task Id': 'joke_collector_task', 'Run Id': 'scheduled__2023-04-10T00:27:00+00:00', 'Hostname': 'f1c0c6d19818', 'External Executor Id': '698ebf52-0ce8-4158-9883-def426eedca7'}
[2023-04-12T11:50:25.353+0000] {logging_mixin.py:137} INFO - [2023-04-12T11:50:25.353+0000] {taskinstance.py:1332} INFO - Marking task as FAILED. dag_id=joke_collector, task_id=joke_collector_task, execution_date=20230410T002700, start_date=20230411T160706, end_date=20230412T115025
[2023-04-12T11:50:25.356+0000] {processor.py:713} INFO - Executed failure callback for <TaskInstance: joke_collector.joke_collector_task scheduled__2023-04-10T00:27:00+00:00 [failed]> in state failed
[2023-04-12T11:50:25.358+0000] {logging_mixin.py:137} INFO - [2023-04-12T11:50:25.358+0000] {taskinstance.py:1778} ERROR - {'DAG Id': 'joke_collector', 'Task Id': 'joke_collector_task', 'Run Id': 'scheduled__2023-04-10T00:28:00+00:00', 'Hostname': 'f1c0c6d19818', 'External Executor Id': '8cb19b78-bf55-4b84-9a1a-9fcfdfaf3562'}
[2023-04-12T11:50:25.365+0000] {logging_mixin.py:137} INFO - [2023-04-12T11:50:25.365+0000] {taskinstance.py:1332} INFO - Marking task as FAILED. dag_id=joke_collector, task_id=joke_collector_task, execution_date=20230410T002800, start_date=20230411T160711, end_date=20230412T115025
[2023-04-12T11:50:25.372+0000] {processor.py:713} INFO - Executed failure callback for <TaskInstance: joke_collector.joke_collector_task scheduled__2023-04-10T00:28:00+00:00 [failed]> in state failed
[2023-04-12T11:50:25.375+0000] {logging_mixin.py:137} INFO - [2023-04-12T11:50:25.375+0000] {taskinstance.py:1778} ERROR - {'DAG Id': 'joke_collector', 'Task Id': 'joke_collector_task', 'Run Id': 'scheduled__2023-04-10T00:29:00+00:00', 'Hostname': 'f1c0c6d19818', 'External Executor Id': 'e57639b8-f531-4379-bd44-a7bd665d2f7c'}
[2023-04-12T11:50:25.384+0000] {logging_mixin.py:137} INFO - [2023-04-12T11:50:25.384+0000] {taskinstance.py:1332} INFO - Marking task as FAILED. dag_id=joke_collector, task_id=joke_collector_task, execution_date=20230410T002900, start_date=20230411T160710, end_date=20230412T115025
[2023-04-12T11:50:25.389+0000] {processor.py:713} INFO - Executed failure callback for <TaskInstance: joke_collector.joke_collector_task scheduled__2023-04-10T00:29:00+00:00 [failed]> in state failed
[2023-04-12T11:50:26.004+0000] {logging_mixin.py:137} INFO - [2023-04-12T11:50:26.003+0000] {dag.py:2705} INFO - Sync 1 DAGs
[2023-04-12T11:50:26.377+0000] {logging_mixin.py:137} INFO - [2023-04-12T11:50:26.377+0000] {dag.py:3456} INFO - Setting next_dagrun for joke_collector to 2023-04-10T00:41:00+00:00, run_after=2023-04-10T00:41:00+00:00
[2023-04-12T11:50:26.408+0000] {processor.py:175} INFO - Processing /opt/airflow/dags/dag_joke_collector.py took 2.454 seconds
[2023-04-12T11:50:56.609+0000] {processor.py:153} INFO - Started process (PID=64) to work on /opt/airflow/dags/dag_joke_collector.py
[2023-04-12T11:50:56.615+0000] {processor.py:743} INFO - Processing file /opt/airflow/dags/dag_joke_collector.py for tasks to queue
[2023-04-12T11:50:56.616+0000] {logging_mixin.py:137} INFO - [2023-04-12T11:50:56.616+0000] {dagbag.py:532} INFO - Filling up the DagBag from /opt/airflow/dags/dag_joke_collector.py
[2023-04-12T11:50:56.683+0000] {processor.py:753} INFO - DAG(s) dict_keys(['joke_collector']) retrieved from /opt/airflow/dags/dag_joke_collector.py
[2023-04-12T11:50:56.717+0000] {logging_mixin.py:137} INFO - [2023-04-12T11:50:56.717+0000] {dag.py:2705} INFO - Sync 1 DAGs
[2023-04-12T11:50:56.749+0000] {logging_mixin.py:137} INFO - [2023-04-12T11:50:56.749+0000] {dag.py:3456} INFO - Setting next_dagrun for joke_collector to 2023-04-10T01:12:00+00:00, run_after=2023-04-10T01:12:00+00:00
[2023-04-12T11:50:56.774+0000] {processor.py:175} INFO - Processing /opt/airflow/dags/dag_joke_collector.py took 0.169 seconds
[2023-04-12T11:51:26.925+0000] {processor.py:153} INFO - Started process (PID=72) to work on /opt/airflow/dags/dag_joke_collector.py
[2023-04-12T11:51:26.929+0000] {processor.py:743} INFO - Processing file /opt/airflow/dags/dag_joke_collector.py for tasks to queue
[2023-04-12T11:51:26.932+0000] {logging_mixin.py:137} INFO - [2023-04-12T11:51:26.932+0000] {dagbag.py:532} INFO - Filling up the DagBag from /opt/airflow/dags/dag_joke_collector.py
[2023-04-12T11:51:27.031+0000] {processor.py:753} INFO - DAG(s) dict_keys(['joke_collector']) retrieved from /opt/airflow/dags/dag_joke_collector.py
[2023-04-12T11:51:27.119+0000] {logging_mixin.py:137} INFO - [2023-04-12T11:51:27.119+0000] {dag.py:2705} INFO - Sync 1 DAGs
[2023-04-12T11:51:27.235+0000] {logging_mixin.py:137} INFO - [2023-04-12T11:51:27.234+0000] {dag.py:3456} INFO - Setting next_dagrun for joke_collector to 2023-04-10T01:28:00+00:00, run_after=2023-04-10T01:28:00+00:00
[2023-04-12T11:51:27.315+0000] {processor.py:175} INFO - Processing /opt/airflow/dags/dag_joke_collector.py took 0.398 seconds
[2023-04-12T11:51:57.577+0000] {processor.py:153} INFO - Started process (PID=80) to work on /opt/airflow/dags/dag_joke_collector.py
[2023-04-12T11:51:57.578+0000] {processor.py:743} INFO - Processing file /opt/airflow/dags/dag_joke_collector.py for tasks to queue
[2023-04-12T11:51:57.579+0000] {logging_mixin.py:137} INFO - [2023-04-12T11:51:57.579+0000] {dagbag.py:532} INFO - Filling up the DagBag from /opt/airflow/dags/dag_joke_collector.py
[2023-04-12T11:51:57.617+0000] {processor.py:753} INFO - DAG(s) dict_keys(['joke_collector']) retrieved from /opt/airflow/dags/dag_joke_collector.py
[2023-04-12T11:51:57.655+0000] {logging_mixin.py:137} INFO - [2023-04-12T11:51:57.655+0000] {dag.py:2705} INFO - Sync 1 DAGs
[2023-04-12T11:51:57.698+0000] {logging_mixin.py:137} INFO - [2023-04-12T11:51:57.698+0000] {dag.py:3456} INFO - Setting next_dagrun for joke_collector to 2023-04-10T01:59:00+00:00, run_after=2023-04-10T01:59:00+00:00
[2023-04-12T11:51:57.739+0000] {processor.py:175} INFO - Processing /opt/airflow/dags/dag_joke_collector.py took 0.166 seconds
[2023-04-12T11:52:27.790+0000] {processor.py:153} INFO - Started process (PID=88) to work on /opt/airflow/dags/dag_joke_collector.py
[2023-04-12T11:52:27.792+0000] {processor.py:743} INFO - Processing file /opt/airflow/dags/dag_joke_collector.py for tasks to queue
[2023-04-12T11:52:27.793+0000] {logging_mixin.py:137} INFO - [2023-04-12T11:52:27.793+0000] {dagbag.py:532} INFO - Filling up the DagBag from /opt/airflow/dags/dag_joke_collector.py
[2023-04-12T11:52:27.833+0000] {processor.py:753} INFO - DAG(s) dict_keys(['joke_collector']) retrieved from /opt/airflow/dags/dag_joke_collector.py
[2023-04-12T11:52:27.868+0000] {logging_mixin.py:137} INFO - [2023-04-12T11:52:27.868+0000] {dag.py:2705} INFO - Sync 1 DAGs
[2023-04-12T11:52:27.910+0000] {logging_mixin.py:137} INFO - [2023-04-12T11:52:27.910+0000] {dag.py:3456} INFO - Setting next_dagrun for joke_collector to 2023-04-10T00:32:00+00:00, run_after=2023-04-10T00:32:00+00:00
[2023-04-12T11:52:27.943+0000] {processor.py:175} INFO - Processing /opt/airflow/dags/dag_joke_collector.py took 0.157 seconds
[2023-04-12T11:52:58.216+0000] {processor.py:153} INFO - Started process (PID=96) to work on /opt/airflow/dags/dag_joke_collector.py
[2023-04-12T11:52:58.217+0000] {processor.py:743} INFO - Processing file /opt/airflow/dags/dag_joke_collector.py for tasks to queue
[2023-04-12T11:52:58.218+0000] {logging_mixin.py:137} INFO - [2023-04-12T11:52:58.218+0000] {dagbag.py:532} INFO - Filling up the DagBag from /opt/airflow/dags/dag_joke_collector.py
[2023-04-12T11:52:58.253+0000] {processor.py:753} INFO - DAG(s) dict_keys(['joke_collector']) retrieved from /opt/airflow/dags/dag_joke_collector.py
[2023-04-12T11:52:58.281+0000] {logging_mixin.py:137} INFO - [2023-04-12T11:52:58.281+0000] {dag.py:2705} INFO - Sync 1 DAGs
[2023-04-12T11:52:58.312+0000] {logging_mixin.py:137} INFO - [2023-04-12T11:52:58.312+0000] {dag.py:3456} INFO - Setting next_dagrun for joke_collector to 2023-04-11T00:00:00+00:00, run_after=2023-04-11T00:00:00+00:00
[2023-04-12T11:52:58.342+0000] {processor.py:175} INFO - Processing /opt/airflow/dags/dag_joke_collector.py took 0.129 seconds
[2023-04-12T11:53:28.431+0000] {processor.py:153} INFO - Started process (PID=104) to work on /opt/airflow/dags/dag_joke_collector.py
[2023-04-12T11:53:28.433+0000] {processor.py:743} INFO - Processing file /opt/airflow/dags/dag_joke_collector.py for tasks to queue
[2023-04-12T11:53:28.434+0000] {logging_mixin.py:137} INFO - [2023-04-12T11:53:28.434+0000] {dagbag.py:532} INFO - Filling up the DagBag from /opt/airflow/dags/dag_joke_collector.py
[2023-04-12T11:53:28.473+0000] {processor.py:753} INFO - DAG(s) dict_keys(['joke_collector']) retrieved from /opt/airflow/dags/dag_joke_collector.py
[2023-04-12T11:53:28.505+0000] {logging_mixin.py:137} INFO - [2023-04-12T11:53:28.505+0000] {dag.py:2705} INFO - Sync 1 DAGs
[2023-04-12T11:53:28.541+0000] {logging_mixin.py:137} INFO - [2023-04-12T11:53:28.540+0000] {dag.py:3456} INFO - Setting next_dagrun for joke_collector to 2023-04-11T00:00:00+00:00, run_after=2023-04-11T00:00:00+00:00
[2023-04-12T11:53:28.606+0000] {processor.py:175} INFO - Processing /opt/airflow/dags/dag_joke_collector.py took 0.180 seconds
[2023-04-12T11:53:35.623+0000] {processor.py:153} INFO - Started process (PID=105) to work on /opt/airflow/dags/dag_joke_collector.py
[2023-04-12T11:53:35.625+0000] {processor.py:743} INFO - Processing file /opt/airflow/dags/dag_joke_collector.py for tasks to queue
[2023-04-12T11:53:35.626+0000] {logging_mixin.py:137} INFO - [2023-04-12T11:53:35.626+0000] {dagbag.py:532} INFO - Filling up the DagBag from /opt/airflow/dags/dag_joke_collector.py
[2023-04-12T11:53:36.116+0000] {processor.py:753} INFO - DAG(s) dict_keys(['joke_collector']) retrieved from /opt/airflow/dags/dag_joke_collector.py
[2023-04-12T11:53:36.609+0000] {logging_mixin.py:137} INFO - [2023-04-12T11:53:36.608+0000] {dag.py:2705} INFO - Sync 1 DAGs
[2023-04-12T11:53:37.080+0000] {logging_mixin.py:137} INFO - [2023-04-12T11:53:37.080+0000] {dag.py:3456} INFO - Setting next_dagrun for joke_collector to 2023-04-11T08:00:00+00:00, run_after=2023-04-11T08:00:00+00:00
[2023-04-12T11:53:37.590+0000] {processor.py:175} INFO - Processing /opt/airflow/dags/dag_joke_collector.py took 1.971 seconds
[2023-04-12T12:00:24.121+0000] {processor.py:153} INFO - Started process (PID=117) to work on /opt/airflow/dags/dag_joke_collector.py
[2023-04-12T12:00:24.282+0000] {processor.py:743} INFO - Processing file /opt/airflow/dags/dag_joke_collector.py for tasks to queue
[2023-04-12T12:00:24.287+0000] {logging_mixin.py:137} INFO - [2023-04-12T12:00:24.286+0000] {dagbag.py:532} INFO - Filling up the DagBag from /opt/airflow/dags/dag_joke_collector.py
[2023-04-12T12:00:28.621+0000] {processor.py:753} INFO - DAG(s) dict_keys(['joke_collector']) retrieved from /opt/airflow/dags/dag_joke_collector.py
[2023-04-12T12:03:45.400+0000] {processor.py:153} INFO - Started process (PID=39) to work on /opt/airflow/dags/dag_joke_collector.py
[2023-04-12T12:03:45.401+0000] {processor.py:743} INFO - Processing file /opt/airflow/dags/dag_joke_collector.py for tasks to queue
[2023-04-12T12:03:45.403+0000] {logging_mixin.py:137} INFO - [2023-04-12T12:03:45.402+0000] {dagbag.py:532} INFO - Filling up the DagBag from /opt/airflow/dags/dag_joke_collector.py
[2023-04-12T12:03:45.513+0000] {processor.py:753} INFO - DAG(s) dict_keys(['joke_collector']) retrieved from /opt/airflow/dags/dag_joke_collector.py
[2023-04-12T12:03:45.691+0000] {logging_mixin.py:137} INFO - [2023-04-12T12:03:45.691+0000] {dag.py:2705} INFO - Sync 1 DAGs
[2023-04-12T12:03:45.883+0000] {processor.py:175} INFO - Processing /opt/airflow/dags/dag_joke_collector.py took 0.488 seconds
[2023-04-12T12:03:56.389+0000] {processor.py:153} INFO - Started process (PID=57) to work on /opt/airflow/dags/dag_joke_collector.py
[2023-04-12T12:03:56.393+0000] {processor.py:743} INFO - Processing file /opt/airflow/dags/dag_joke_collector.py for tasks to queue
[2023-04-12T12:03:56.404+0000] {logging_mixin.py:137} INFO - [2023-04-12T12:03:56.403+0000] {dagbag.py:532} INFO - Filling up the DagBag from /opt/airflow/dags/dag_joke_collector.py
[2023-04-12T12:03:57.538+0000] {processor.py:753} INFO - DAG(s) dict_keys(['joke_collector']) retrieved from /opt/airflow/dags/dag_joke_collector.py
[2023-04-12T12:03:58.626+0000] {logging_mixin.py:137} INFO - [2023-04-12T12:03:58.622+0000] {taskinstance.py:1778} ERROR - {'DAG Id': 'joke_collector', 'Task Id': 'joke_collector_task', 'Run Id': 'scheduled__2023-04-11T08:09:00+00:00', 'Hostname': 'c771c53dc376', 'External Executor Id': '620a2cdb-bfd6-4909-ab6f-97f03579047b'}
[2023-04-12T12:03:58.913+0000] {logging_mixin.py:137} INFO - [2023-04-12T12:03:58.912+0000] {taskinstance.py:1332} INFO - Marking task as UP_FOR_RETRY. dag_id=joke_collector, task_id=joke_collector_task, execution_date=20230411T080900, start_date=20230412T115403, end_date=20230412T120358
[2023-04-12T12:03:59.074+0000] {processor.py:713} INFO - Executed failure callback for <TaskInstance: joke_collector.joke_collector_task scheduled__2023-04-11T08:09:00+00:00 [up_for_retry]> in state up_for_retry
[2023-04-12T12:03:59.108+0000] {logging_mixin.py:137} INFO - [2023-04-12T12:03:59.107+0000] {dag.py:2705} INFO - Sync 1 DAGs
[2023-04-12T12:03:59.345+0000] {processor.py:175} INFO - Processing /opt/airflow/dags/dag_joke_collector.py took 2.959 seconds
[2023-04-12T12:04:07.384+0000] {processor.py:153} INFO - Started process (PID=58) to work on /opt/airflow/dags/dag_joke_collector.py
[2023-04-12T12:04:07.389+0000] {processor.py:743} INFO - Processing file /opt/airflow/dags/dag_joke_collector.py for tasks to queue
[2023-04-12T12:04:07.394+0000] {logging_mixin.py:137} INFO - [2023-04-12T12:04:07.393+0000] {dagbag.py:532} INFO - Filling up the DagBag from /opt/airflow/dags/dag_joke_collector.py
[2023-04-12T12:04:07.723+0000] {processor.py:753} INFO - DAG(s) dict_keys(['joke_collector']) retrieved from /opt/airflow/dags/dag_joke_collector.py
[2023-04-12T12:04:08.057+0000] {logging_mixin.py:137} INFO - [2023-04-12T12:04:08.056+0000] {taskinstance.py:1778} ERROR - {'DAG Id': 'joke_collector', 'Task Id': 'joke_collector_task', 'Run Id': 'scheduled__2023-04-11T08:03:00+00:00', 'Hostname': 'c771c53dc376', 'External Executor Id': '49d7512a-5150-463f-a9c4-6e4ab88127c1'}
[2023-04-12T12:04:08.440+0000] {logging_mixin.py:137} INFO - [2023-04-12T12:04:08.440+0000] {taskinstance.py:1332} INFO - Marking task as UP_FOR_RETRY. dag_id=joke_collector, task_id=joke_collector_task, execution_date=20230411T080300, start_date=20230412T120025, end_date=20230412T120408
[2023-04-12T12:04:08.644+0000] {processor.py:713} INFO - Executed failure callback for <TaskInstance: joke_collector.joke_collector_task scheduled__2023-04-11T08:03:00+00:00 [up_for_retry]> in state up_for_retry
[2023-04-12T12:04:08.653+0000] {logging_mixin.py:137} INFO - [2023-04-12T12:04:08.652+0000] {taskinstance.py:1778} ERROR - {'DAG Id': 'joke_collector', 'Task Id': 'joke_collector_task', 'Run Id': 'scheduled__2023-04-11T08:11:00+00:00', 'Hostname': 'c771c53dc376', 'External Executor Id': 'd94c5e55-056b-4377-9a8a-0d7dc3253b6a'}
[2023-04-12T12:04:08.723+0000] {logging_mixin.py:137} INFO - [2023-04-12T12:04:08.722+0000] {taskinstance.py:1332} INFO - Marking task as UP_FOR_RETRY. dag_id=joke_collector, task_id=joke_collector_task, execution_date=20230411T081100, start_date=20230412T115404, end_date=20230412T120408
[2023-04-12T12:04:08.749+0000] {processor.py:713} INFO - Executed failure callback for <TaskInstance: joke_collector.joke_collector_task scheduled__2023-04-11T08:11:00+00:00 [up_for_retry]> in state up_for_retry
[2023-04-12T12:04:08.771+0000] {logging_mixin.py:137} INFO - [2023-04-12T12:04:08.771+0000] {taskinstance.py:1778} ERROR - {'DAG Id': 'joke_collector', 'Task Id': 'joke_collector_task', 'Run Id': 'scheduled__2023-04-11T08:11:00+00:00', 'Hostname': 'c771c53dc376', 'External Executor Id': 'd94c5e55-056b-4377-9a8a-0d7dc3253b6a'}
[2023-04-12T12:04:08.831+0000] {logging_mixin.py:137} INFO - [2023-04-12T12:04:08.831+0000] {taskinstance.py:1332} INFO - Marking task as FAILED. dag_id=joke_collector, task_id=joke_collector_task, execution_date=20230411T081100, start_date=20230412T115404, end_date=20230412T120408
[2023-04-12T12:04:08.841+0000] {processor.py:713} INFO - Executed failure callback for <TaskInstance: joke_collector.joke_collector_task scheduled__2023-04-11T08:11:00+00:00 [failed]> in state failed
[2023-04-12T12:04:08.869+0000] {logging_mixin.py:137} INFO - [2023-04-12T12:04:08.869+0000] {dag.py:2705} INFO - Sync 1 DAGs
[2023-04-12T12:04:09.110+0000] {processor.py:175} INFO - Processing /opt/airflow/dags/dag_joke_collector.py took 1.736 seconds
[2023-04-12T12:05:09.946+0000] {processor.py:153} INFO - Started process (PID=59) to work on /opt/airflow/dags/dag_joke_collector.py
[2023-04-12T12:05:16.666+0000] {processor.py:743} INFO - Processing file /opt/airflow/dags/dag_joke_collector.py for tasks to queue
[2023-04-12T12:05:35.331+0000] {logging_mixin.py:137} INFO - [2023-04-12T12:05:33.337+0000] {dagbag.py:532} INFO - Filling up the DagBag from /opt/airflow/dags/dag_joke_collector.py
[2023-04-12T12:06:16.320+0000] {logging_mixin.py:137} INFO - [2023-04-12T12:06:15.731+0000] {timeout.py:68} ERROR - Process timed out, PID: 59
[2023-04-12T16:37:22.546+0000] {processor.py:153} INFO - Started process (PID=46) to work on /opt/airflow/dags/dag_joke_collector.py
[2023-04-12T16:37:22.586+0000] {processor.py:743} INFO - Processing file /opt/airflow/dags/dag_joke_collector.py for tasks to queue
[2023-04-12T16:37:22.589+0000] {logging_mixin.py:137} INFO - [2023-04-12T16:37:22.589+0000] {dagbag.py:532} INFO - Filling up the DagBag from /opt/airflow/dags/dag_joke_collector.py
[2023-04-12T16:37:22.808+0000] {processor.py:753} INFO - DAG(s) dict_keys(['joke_collector']) retrieved from /opt/airflow/dags/dag_joke_collector.py
[2023-04-12T16:37:23.343+0000] {logging_mixin.py:137} INFO - [2023-04-12T16:37:23.343+0000] {dag.py:2705} INFO - Sync 1 DAGs
[2023-04-12T16:37:23.476+0000] {logging_mixin.py:137} INFO - [2023-04-12T16:37:23.475+0000] {dag.py:3456} INFO - Setting next_dagrun for joke_collector to 2023-04-11T00:00:00+00:00, run_after=2023-04-11T00:00:00+00:00
[2023-04-12T16:37:23.550+0000] {processor.py:175} INFO - Processing /opt/airflow/dags/dag_joke_collector.py took 1.010 seconds
[2023-04-12T16:40:05.283+0000] {processor.py:153} INFO - Started process (PID=47) to work on /opt/airflow/dags/dag_joke_collector.py
[2023-04-12T16:40:05.954+0000] {processor.py:743} INFO - Processing file /opt/airflow/dags/dag_joke_collector.py for tasks to queue
[2023-04-12T16:40:07.463+0000] {logging_mixin.py:137} INFO - [2023-04-12T16:40:07.462+0000] {dagbag.py:532} INFO - Filling up the DagBag from /opt/airflow/dags/dag_joke_collector.py
[2023-04-12T16:40:38.025+0000] {processor.py:753} INFO - DAG(s) dict_keys(['joke_collector']) retrieved from /opt/airflow/dags/dag_joke_collector.py
[2023-04-12T16:40:38.933+0000] {logging_mixin.py:137} INFO - [2023-04-12T16:40:38.932+0000] {dag.py:2705} INFO - Sync 1 DAGs
[2023-04-12T16:40:40.475+0000] {processor.py:175} INFO - Processing /opt/airflow/dags/dag_joke_collector.py took 36.679 seconds
[2023-04-12T16:41:12.397+0000] {processor.py:153} INFO - Started process (PID=56) to work on /opt/airflow/dags/dag_joke_collector.py
[2023-04-12T16:41:12.485+0000] {processor.py:743} INFO - Processing file /opt/airflow/dags/dag_joke_collector.py for tasks to queue
[2023-04-12T16:41:12.860+0000] {logging_mixin.py:137} INFO - [2023-04-12T16:41:12.823+0000] {dagbag.py:532} INFO - Filling up the DagBag from /opt/airflow/dags/dag_joke_collector.py
