[2023-04-15T15:08:25.774+0000] {taskinstance.py:1090} INFO - Dependencies all met for dep_context=non-requeueable deps ti=<TaskInstance: joke_collector.joke_collector_task scheduled__2023-04-14T15:03:00+00:00 [queued]>
[2023-04-15T15:08:25.842+0000] {taskinstance.py:1090} INFO - Dependencies all met for dep_context=requeueable deps ti=<TaskInstance: joke_collector.joke_collector_task scheduled__2023-04-14T15:03:00+00:00 [queued]>
[2023-04-15T15:08:25.843+0000] {taskinstance.py:1288} INFO - 
--------------------------------------------------------------------------------
[2023-04-15T15:08:25.847+0000] {taskinstance.py:1289} INFO - Starting attempt 2 of 2
[2023-04-15T15:08:25.848+0000] {taskinstance.py:1290} INFO - 
--------------------------------------------------------------------------------
[2023-04-15T15:08:25.952+0000] {taskinstance.py:1309} INFO - Executing <Task(PythonVirtualenvOperator): joke_collector_task> on 2023-04-14 15:03:00+00:00
[2023-04-15T15:08:25.962+0000] {standard_task_runner.py:55} INFO - Started process 81 to run task
[2023-04-15T15:08:25.977+0000] {standard_task_runner.py:82} INFO - Running: ['***', 'tasks', 'run', 'joke_collector', 'joke_collector_task', 'scheduled__2023-04-14T15:03:00+00:00', '--job-id', '38', '--raw', '--subdir', 'DAGS_FOLDER/dag_joke_collector.py', '--cfg-path', '/tmp/tmpoyn6uzkz']
[2023-04-15T15:08:25.982+0000] {standard_task_runner.py:83} INFO - Job 38: Subtask joke_collector_task
[2023-04-15T15:08:26.222+0000] {task_command.py:389} INFO - Running <TaskInstance: joke_collector.joke_collector_task scheduled__2023-04-14T15:03:00+00:00 [running]> on host 694d4d55fcc1
[2023-04-15T15:08:26.671+0000] {taskinstance.py:1518} INFO - Exporting the following env vars:
AIRFLOW_CTX_DAG_EMAIL=***@example.com
AIRFLOW_CTX_DAG_OWNER=***
AIRFLOW_CTX_DAG_ID=joke_collector
AIRFLOW_CTX_TASK_ID=joke_collector_task
AIRFLOW_CTX_EXECUTION_DATE=2023-04-14T15:03:00+00:00
AIRFLOW_CTX_TRY_NUMBER=2
AIRFLOW_CTX_DAG_RUN_ID=scheduled__2023-04-14T15:03:00+00:00
[2023-04-15T15:08:26.704+0000] {process_utils.py:179} INFO - Executing cmd: /usr/local/bin/python -m virtualenv /tmp/venve_mbyqyv --system-site-packages
[2023-04-15T15:08:26.739+0000] {process_utils.py:183} INFO - Output:
[2023-04-15T15:08:37.482+0000] {process_utils.py:187} INFO - created virtual environment CPython3.7.16.final.0-64 in 5603ms
[2023-04-15T15:08:37.493+0000] {process_utils.py:187} INFO -   creator CPython3Posix(dest=/tmp/venve_mbyqyv, clear=False, no_vcs_ignore=False, global=True)
[2023-04-15T15:08:37.507+0000] {process_utils.py:187} INFO -   seeder FromAppData(download=False, pip=bundle, setuptools=bundle, wheel=bundle, via=copy, app_data_dir=/home/***/.local/share/virtualenv)
[2023-04-15T15:08:37.515+0000] {process_utils.py:187} INFO -     added seed packages: pip==23.0.1, setuptools==67.4.0, wheel==0.38.4
[2023-04-15T15:08:37.525+0000] {process_utils.py:187} INFO -   activators BashActivator,CShellActivator,FishActivator,NushellActivator,PowerShellActivator,PythonActivator
[2023-04-15T15:08:37.734+0000] {process_utils.py:179} INFO - Executing cmd: /tmp/venve_mbyqyv/bin/pip install -r /tmp/venve_mbyqyv/requirements.txt
[2023-04-15T15:08:37.751+0000] {process_utils.py:183} INFO - Output:
