[2023-04-15T14:18:52.618+0000] {taskinstance.py:1090} INFO - Dependencies all met for dep_context=non-requeueable deps ti=<TaskInstance: joke_collector.joke_collector_task scheduled__2023-04-14T05:00:00+00:00 [queued]>
[2023-04-15T14:18:52.635+0000] {taskinstance.py:1090} INFO - Dependencies all met for dep_context=requeueable deps ti=<TaskInstance: joke_collector.joke_collector_task scheduled__2023-04-14T05:00:00+00:00 [queued]>
[2023-04-15T14:18:52.636+0000] {taskinstance.py:1288} INFO - 
--------------------------------------------------------------------------------
[2023-04-15T14:18:52.637+0000] {taskinstance.py:1289} INFO - Starting attempt 1 of 2
[2023-04-15T14:18:52.638+0000] {taskinstance.py:1290} INFO - 
--------------------------------------------------------------------------------
[2023-04-15T14:18:52.667+0000] {taskinstance.py:1309} INFO - Executing <Task(PythonVirtualenvOperator): joke_collector_task> on 2023-04-14 05:00:00+00:00
[2023-04-15T14:18:52.673+0000] {standard_task_runner.py:55} INFO - Started process 85 to run task
[2023-04-15T14:18:52.681+0000] {standard_task_runner.py:82} INFO - Running: ['***', 'tasks', 'run', 'joke_collector', 'joke_collector_task', 'scheduled__2023-04-14T05:00:00+00:00', '--job-id', '137', '--raw', '--subdir', 'DAGS_FOLDER/dag_joke_collector.py', '--cfg-path', '/tmp/tmpcp38dbw8']
[2023-04-15T14:18:52.682+0000] {standard_task_runner.py:83} INFO - Job 137: Subtask joke_collector_task
[2023-04-15T14:18:52.810+0000] {task_command.py:389} INFO - Running <TaskInstance: joke_collector.joke_collector_task scheduled__2023-04-14T05:00:00+00:00 [running]> on host e1174705cf95
[2023-04-15T14:18:53.307+0000] {taskinstance.py:1518} INFO - Exporting the following env vars:
AIRFLOW_CTX_DAG_EMAIL=***@example.com
AIRFLOW_CTX_DAG_OWNER=***
AIRFLOW_CTX_DAG_ID=joke_collector
AIRFLOW_CTX_TASK_ID=joke_collector_task
AIRFLOW_CTX_EXECUTION_DATE=2023-04-14T05:00:00+00:00
AIRFLOW_CTX_TRY_NUMBER=1
AIRFLOW_CTX_DAG_RUN_ID=scheduled__2023-04-14T05:00:00+00:00
[2023-04-15T14:18:53.785+0000] {process_utils.py:179} INFO - Executing cmd: /usr/local/bin/python -m virtualenv /tmp/venvxn80qtwt --system-site-packages
[2023-04-15T14:18:53.809+0000] {process_utils.py:183} INFO - Output:
[2023-04-15T14:19:00.430+0000] {process_utils.py:187} INFO - created virtual environment CPython3.7.16.final.0-64 in 3354ms
[2023-04-15T14:19:00.432+0000] {process_utils.py:187} INFO -   creator CPython3Posix(dest=/tmp/venvxn80qtwt, clear=False, no_vcs_ignore=False, global=True)
[2023-04-15T14:19:00.436+0000] {process_utils.py:187} INFO -   seeder FromAppData(download=False, pip=bundle, setuptools=bundle, wheel=bundle, via=copy, app_data_dir=/home/***/.local/share/virtualenv)
[2023-04-15T14:19:00.454+0000] {process_utils.py:187} INFO -     added seed packages: pip==23.0.1, setuptools==67.4.0, wheel==0.38.4
[2023-04-15T14:19:00.456+0000] {process_utils.py:187} INFO -   activators BashActivator,CShellActivator,FishActivator,NushellActivator,PowerShellActivator,PythonActivator
[2023-04-15T14:19:02.173+0000] {process_utils.py:179} INFO - Executing cmd: /tmp/venvxn80qtwt/bin/pip install -r /tmp/venvxn80qtwt/requirements.txt
[2023-04-15T14:19:02.232+0000] {process_utils.py:183} INFO - Output:
