[2023-04-15T14:18:53.917+0000] {taskinstance.py:1090} INFO - Dependencies all met for dep_context=non-requeueable deps ti=<TaskInstance: joke_collector.joke_collector_task scheduled__2023-04-14T06:00:00+00:00 [queued]>
[2023-04-15T14:18:53.937+0000] {taskinstance.py:1090} INFO - Dependencies all met for dep_context=requeueable deps ti=<TaskInstance: joke_collector.joke_collector_task scheduled__2023-04-14T06:00:00+00:00 [queued]>
[2023-04-15T14:18:53.937+0000] {taskinstance.py:1288} INFO - 
--------------------------------------------------------------------------------
[2023-04-15T14:18:54.379+0000] {taskinstance.py:1289} INFO - Starting attempt 1 of 2
[2023-04-15T14:18:54.380+0000] {taskinstance.py:1290} INFO - 
--------------------------------------------------------------------------------
[2023-04-15T14:18:55.489+0000] {taskinstance.py:1309} INFO - Executing <Task(PythonVirtualenvOperator): joke_collector_task> on 2023-04-14 06:00:00+00:00
[2023-04-15T14:18:55.495+0000] {standard_task_runner.py:55} INFO - Started process 88 to run task
[2023-04-15T14:18:55.498+0000] {standard_task_runner.py:82} INFO - Running: ['***', 'tasks', 'run', 'joke_collector', 'joke_collector_task', 'scheduled__2023-04-14T06:00:00+00:00', '--job-id', '138', '--raw', '--subdir', 'DAGS_FOLDER/dag_joke_collector.py', '--cfg-path', '/tmp/tmpzkquizia']
[2023-04-15T14:18:55.499+0000] {standard_task_runner.py:83} INFO - Job 138: Subtask joke_collector_task
[2023-04-15T14:18:57.150+0000] {task_command.py:389} INFO - Running <TaskInstance: joke_collector.joke_collector_task scheduled__2023-04-14T06:00:00+00:00 [running]> on host e1174705cf95
[2023-04-15T14:18:58.221+0000] {taskinstance.py:1518} INFO - Exporting the following env vars:
AIRFLOW_CTX_DAG_EMAIL=***@example.com
AIRFLOW_CTX_DAG_OWNER=***
AIRFLOW_CTX_DAG_ID=joke_collector
AIRFLOW_CTX_TASK_ID=joke_collector_task
AIRFLOW_CTX_EXECUTION_DATE=2023-04-14T06:00:00+00:00
AIRFLOW_CTX_TRY_NUMBER=1
AIRFLOW_CTX_DAG_RUN_ID=scheduled__2023-04-14T06:00:00+00:00
[2023-04-15T14:18:58.225+0000] {process_utils.py:179} INFO - Executing cmd: /usr/local/bin/python -m virtualenv /tmp/venvryrqr1hb --system-site-packages
[2023-04-15T14:18:58.240+0000] {process_utils.py:183} INFO - Output:
[2023-04-15T14:19:02.110+0000] {process_utils.py:187} INFO - created virtual environment CPython3.7.16.final.0-64 in 1232ms
[2023-04-15T14:19:02.115+0000] {process_utils.py:187} INFO -   creator CPython3Posix(dest=/tmp/venvryrqr1hb, clear=False, no_vcs_ignore=False, global=True)
[2023-04-15T14:19:02.118+0000] {process_utils.py:187} INFO -   seeder FromAppData(download=False, pip=bundle, setuptools=bundle, wheel=bundle, via=copy, app_data_dir=/home/***/.local/share/virtualenv)
[2023-04-15T14:19:02.123+0000] {process_utils.py:187} INFO -     added seed packages: pip==23.0.1, setuptools==67.4.0, wheel==0.38.4
[2023-04-15T14:19:02.124+0000] {process_utils.py:187} INFO -   activators BashActivator,CShellActivator,FishActivator,NushellActivator,PowerShellActivator,PythonActivator
[2023-04-15T14:19:02.277+0000] {process_utils.py:179} INFO - Executing cmd: /tmp/venvryrqr1hb/bin/pip install -r /tmp/venvryrqr1hb/requirements.txt
[2023-04-15T14:19:02.297+0000] {process_utils.py:183} INFO - Output:
