[2023-04-15T20:53:54.778+0000] {taskinstance.py:1090} INFO - Dependencies all met for dep_context=non-requeueable deps ti=<TaskInstance: joke_collector.joke_collector_task scheduled__2023-04-15T15:00:00+00:00 [queued]>
[2023-04-15T20:53:54.815+0000] {taskinstance.py:1090} INFO - Dependencies all met for dep_context=requeueable deps ti=<TaskInstance: joke_collector.joke_collector_task scheduled__2023-04-15T15:00:00+00:00 [queued]>
[2023-04-15T20:53:54.816+0000] {taskinstance.py:1288} INFO - 
--------------------------------------------------------------------------------
[2023-04-15T20:53:54.818+0000] {taskinstance.py:1289} INFO - Starting attempt 1 of 2
[2023-04-15T20:53:54.819+0000] {taskinstance.py:1290} INFO - 
--------------------------------------------------------------------------------
[2023-04-15T20:53:54.868+0000] {taskinstance.py:1309} INFO - Executing <Task(PythonVirtualenvOperator): joke_collector_task> on 2023-04-15 15:00:00+00:00
[2023-04-15T20:53:54.879+0000] {standard_task_runner.py:55} INFO - Started process 469 to run task
[2023-04-15T20:53:54.888+0000] {standard_task_runner.py:82} INFO - Running: ['***', 'tasks', 'run', 'joke_collector', 'joke_collector_task', 'scheduled__2023-04-15T15:00:00+00:00', '--job-id', '9', '--raw', '--subdir', 'DAGS_FOLDER/dag_joke_collector.py', '--cfg-path', '/tmp/tmp94yz1un3']
[2023-04-15T20:53:54.891+0000] {standard_task_runner.py:83} INFO - Job 9: Subtask joke_collector_task
[2023-04-15T20:53:55.068+0000] {task_command.py:389} INFO - Running <TaskInstance: joke_collector.joke_collector_task scheduled__2023-04-15T15:00:00+00:00 [running]> on host 09657e5e4ab9
[2023-04-15T20:53:55.414+0000] {taskinstance.py:1518} INFO - Exporting the following env vars:
AIRFLOW_CTX_DAG_EMAIL=***@example.com
AIRFLOW_CTX_DAG_OWNER=***
AIRFLOW_CTX_DAG_ID=joke_collector
AIRFLOW_CTX_TASK_ID=joke_collector_task
AIRFLOW_CTX_EXECUTION_DATE=2023-04-15T15:00:00+00:00
AIRFLOW_CTX_TRY_NUMBER=1
AIRFLOW_CTX_DAG_RUN_ID=scheduled__2023-04-15T15:00:00+00:00
[2023-04-15T20:53:55.418+0000] {process_utils.py:179} INFO - Executing cmd: /usr/local/bin/python -m virtualenv /tmp/venvu7g3zv7f --system-site-packages
[2023-04-15T20:53:55.439+0000] {process_utils.py:183} INFO - Output:
[2023-04-15T20:54:03.286+0000] {process_utils.py:187} INFO - created virtual environment CPython3.7.16.final.0-64 in 3307ms
[2023-04-15T20:54:03.294+0000] {process_utils.py:187} INFO -   creator CPython3Posix(dest=/tmp/venvu7g3zv7f, clear=False, no_vcs_ignore=False, global=True)
[2023-04-15T20:54:03.297+0000] {process_utils.py:187} INFO -   seeder FromAppData(download=False, pip=bundle, setuptools=bundle, wheel=bundle, via=copy, app_data_dir=/home/***/.local/share/virtualenv)
[2023-04-15T20:54:03.298+0000] {process_utils.py:187} INFO -     added seed packages: pip==23.0.1, setuptools==67.4.0, wheel==0.38.4
[2023-04-15T20:54:03.299+0000] {process_utils.py:187} INFO -   activators BashActivator,CShellActivator,FishActivator,NushellActivator,PowerShellActivator,PythonActivator
[2023-04-15T20:54:03.567+0000] {process_utils.py:179} INFO - Executing cmd: /tmp/venvu7g3zv7f/bin/pip install -r /tmp/venvu7g3zv7f/requirements.txt
[2023-04-15T20:54:03.610+0000] {process_utils.py:183} INFO - Output:
